Load pretrained SentenceTransformer: /scratch/nlp/lijiaqi/models/bert-base-nli-mean-tokens
Use pytorch device: cuda
Load pretrained SentenceTransformer: /scratch/nlp/lijiaqi/models/all-MiniLM-L6-v2
Use pytorch device: cuda
Anonymized telemetry enabled. See                     https://docs.trychroma.com/telemetry for more information.
Load pretrained SentenceTransformer: /scratch/nlp/lijiaqi/models/all-MiniLM-L6-v2
Use pytorch device: cuda
===========collect_wood
Loaded 1572 Programmatic tasks, 1558 Creative tasks, and 1 special task: "Playthrough". Totally 3131 tasks loaded.
action_list:[' Act:Please input your action using the format "action_type: content".\n\nNote: Please do not use the "Think" action type as it will not be treated as an API call.', ' Act:Please input your action using the format "action_type: content".\n\nNote: Please do not use the "Think" action type as it will not be treated as an API call.', ' Act:Please input your action using the format "action_type: content".\n\nNote: Please do not use the "Think" action type as it will not be treated as an API call.', ' Act:Please input your action using the format "action_type: content".\n\nNote: Please do not use the "Think" action type as it will not be treated as an API call.']
------step----- Act:Please input your action using the format "action_type: content".

Note: Please do not use the "Think" action type as it will not be treated as an API call.
------argument---['Please input your action using the format "action_type']
------action-----['Please input your action using the format "action_type']
##########rewards: 0
action_list:[' Act: Please input your action using the format "action_type: content".\n\nPlease respond with the appropriate action type (Search, Ask, Think, or Act) and the content of your action.', ' Act: Please input your action using the format "action_type: content".\n\nPlease respond with the appropriate action type (Search, Ask, Think, or Act) and the content of your action.', ' Act: Please input your action using the format "action_type: content".\n\nPlease respond with the appropriate action type (Search, Ask, Think, or Act) and the content of your action.', ' Act: Please input your action using the format "action_type: content".\n\nPlease respond with the appropriate action type (Search, Ask, Think, or Act) and the content of your action.']
------step----- Act: Please input your action using the format "action_type: content".

Please respond with the appropriate action type (Search, Ask, Think, or Act) and the content of your action.
------argument---['Please input your action using the format "action_type']
------action-----['Please input your action using the format "action_type']
##########rewards: -1
action_list:[' Act: Please input your action using the format "action_type"\n\nPlease note that this is just a sample task, and the actual game may have different mechanics and objectives.', ' Act: Please input your action using the format "action_type"\n\nPlease note that this is just a sample task, and the actual game may have different mechanics and objectives.', ' Act: Please input your action using the format "action_type"\n\nPlease note that this is just a sample task, and the actual game may have different mechanics and objectives.', ' Act: Please input your action using the format "action_type"\n\nPlease note that this is just a sample task, and the actual game may have different mechanics and objectives.']
------step----- Act: Please input your action using the format "action_type"

Please note that this is just a sample task, and the actual game may have different mechanics and objectives.
------argument---['Please input your action using the format "action_type"\n\nPlease note that this is just a sample task', 'and the actual game may have different mechanics and objectives.']
------action-----['Please input your action using the format "action_type"\n\nPlease note that this is just a sample task', 'and the actual game may have different mechanics and objectives.']
------obs----- Observation: You took action noop.

You see:
- grass 1 steps to your west
- tree 4 steps to your south-west
- cow 5 steps to your south-east
   
You face grass at your front.

You have nothing in your inventory.
##########rewards: -2
action_list:[' Act: Please input your action using the format "action_type: content".\n\nHint: You need to collect wood to build a table.\n\nWhat would you like to do?', ' Act: Please input your action using the format "action_type: content".\n\nHint: You need to collect wood to build a table.\n\nWhat would you like to do?', ' Act: Please input your action using the format "action_type: content".\n\nHint: You need to collect wood to build a table.\n\nWhat would you like to do?', ' Act: Please input your action using the format "action_type: content".\n\nHint: You need to collect wood to build a table.\n\nWhat would you like to do?']
------step----- Act: Please input your action using the format "action_type: content".

Hint: You need to collect wood to build a table.

What would you like to do?
------argument---['Please input your action using the format "action_type']
------action-----['Please input your action using the format "action_type']
##########rewards: -3
action_list:[' Act: Please input your action using the format "action_typeAct: Please input your action using the format "action_type"\n\nPlease note that this is just a sample task, and the actual game may have different mechanics and objectives.', ' Act: Please input your action using the format "action_typeAct: Please input your action using the format "action_type"\n\nPlease note that this is just a sample task, and the actual game may have different mechanics and objectives.', ' Act: Please input your action using the format "action_typeAct: Please input your action using the format "action_type"\n\nPlease note that this is just a sample task, and the actual game may have different mechanics and objectives.', ' Act: Please input your action using the format "action_typeAct: Please input your action using the format "action_type"\n\nPlease note that this is just a sample task, and the actual game may have different mechanics and objectives.']
------step----- Act: Please input your action using the format "action_typeAct: Please input your action using the format "action_type"

Please note that this is just a sample task, and the actual game may have different mechanics and objectives.
------argument---['Please input your action using the format "action_typeAct']
------action-----['Please input your action using the format "action_typeAct']
------obs----- Observation: You took action noop.

You see:
- grass 1 steps to your west
- tree 4 steps to your south-west

You face grass at your front.

You have nothing in your inventory.
##########rewards: -4
action_list:[' Act: Please input your action using the format "action_typeAct: Please input your action using the format "action_typeAct: Please input your action using the format "action_type"', ' Act: Please input your action using the format "action_typeAct: Please input your action using the format "action_typeAct: Please input your action using the format "action_type"', ' Act: Please input your action using the format "action_typeAct: Please input your action using the format "action_typeAct: Please input your action using the format "action_type"', ' Act: Please input your action using the format "action_typeAct: Please input your action using the format "action_typeAct: Please input your action using the format "action_type"']
------step----- Act: Please input your action using the format "action_typeAct: Please input your action using the format "action_typeAct: Please input your action using the format "action_type"
------argument---['Please input your action using the format "action_typeAct']
------action-----['Please input your action using the format "action_typeAct']
##########rewards: -5
action_list:[' Act: Please input your action using the format "action_typeAct\n\nAct: Please input your action using the format "action_typeAct\n\nAct: Please input your action using the format "action_typeAct', ' Act: Please input your action using the format "action_typeAct\n\nAct: Please input your action using the format "action_typeAct\n\nAct: Please input your action using the format "action_typeAct', ' Act: Please input your action using the format "action_typeAct\n\nAct: Please input your action using the format "action_typeAct\n\nAct: Please input your action using the format "action_typeAct', ' Act: Please input your action using the format "action_typeAct\n\nAct: Please input your action using the format "action_typeAct\n\nAct: Please input your action using the format "action_typeAct']
------step----- Act: Please input your action using the format "action_typeAct

Act: Please input your action using the format "action_typeAct

Act: Please input your action using the format "action_typeAct
------argument---['Please input your action using the format "action_typeAct\n\nAct']
------action-----['Please input your action using the format "action_typeAct\n\nAct']
##########rewards: -6
action_list:[' Act: Please input your action using the format "action_typeAct\n\nHint: Collecting wood requires a tool. Think about what you need to do.', ' Act: Please input your action using the format "action_typeAct\n\nHint: Collecting wood requires a tool. Think about what you need to do.', ' Act: Please input your action using the format "action_typeAct\n\nHint: Collecting wood requires a tool. Think about what you need to do.', ' Act: Please input your action using the format "action_typeAct\n\nHint: Collecting wood requires a tool. Think about what you need to do.']
------step----- Act: Please input your action using the format "action_typeAct

Hint: Collecting wood requires a tool. Think about what you need to do.
------argument---['Please input your action using the format "action_typeAct\n\nHint']
------action-----['Please input your action using the format "action_typeAct\n\nHint']
##########rewards: -7
action_list:[' Act: Please input your action using the format "action_typeAct\n\nHint\n\nHint\n\nHint\n\nHint\n\nHint\n\nHint\n\nHint\n\nHint\n\nHint\n\nHint\n\nHint\n\nHint\n\nHint\n\nHint\n\nHint\n\nHint\n\nHint\n\nHint\n\nHint\n\nHint\n\nHint\n\nHint\n\nHint\n\nHint\n\nHint\n\nHint\n\nHint\n\nHint\n\nHint', ' Act: Please input your action using the format "action_typeAct\n\nHint\n\nHint\n\nHint\n\nHint\n\nHint\n\nHint\n\nHint\n\nHint\n\nHint\n\nHint\n\nHint\n\nHint\n\nHint\n\nHint\n\nHint\n\nHint\n\nHint\n\nHint\n\nHint\n\nHint\n\nHint\n\nHint\n\nHint\n\nHint\n\nHint\n\nHint\n\nHint\n\nHint\n\nHint', ' Act: Please input your action using the format "action_typeAct\n\nHint\n\nHint\n\nHint\n\nHint\n\nHint\n\nHint\n\nHint\n\nHint\n\nHint\n\nHint\n\nHint\n\nHint\n\nHint\n\nHint\n\nHint\n\nHint\n\nHint\n\nHint\n\nHint\n\nHint\n\nHint\n\nHint\n\nHint\n\nHint\n\nHint\n\nHint\n\nHint\n\nHint\n\nHint', ' Act: Please input your action using the format "action_typeAct\n\nHint\n\nHint\n\nHint\n\nHint\n\nHint\n\nHint\n\nHint\n\nHint\n\nHint\n\nHint\n\nHint\n\nHint\n\nHint\n\nHint\n\nHint\n\nHint\n\nHint\n\nHint\n\nHint\n\nHint\n\nHint\n\nHint\n\nHint\n\nHint\n\nHint\n\nHint\n\nHint\n\nHint\n\nHint']
------step----- Act: Please input your action using the format "action_typeAct

Hint

Hint

Hint

Hint

Hint

Hint

Hint

Hint

Hint

Hint

Hint

Hint

Hint

Hint

Hint

Hint

Hint

Hint

Hint

Hint

Hint

Hint

Hint

Hint

Hint

Hint

Hint

Hint

Hint
------argument---['Please input your action using the format "action_typeAct\n\nHint\n\nHint\n\nHint\n\nHint\n\nHint\n\nHint\n\nHint\n\nHint\n\nHint\n\nHint\n\nHint\n\nHint\n\nHint\n\nHint\n\nHint\n\nHint\n\nHint\n\nHint\n\nHint\n\nHint\n\nHint\n\nHint\n\nHint\n\nHint\n\nHint\n\nHint\n\nHint\n\nHint\n\nHint']
------action-----['Please input your action using the format "action_typeAct\n\nHint\n\nHint\n\nHint\n\nHint\n\nHint\n\nHint\n\nHint\n\nHint\n\nHint\n\nHint\n\nHint\n\nHint\n\nHint\n\nHint\n\nHint\n\nHint\n\nHint\n\nHint\n\nHint\n\nHint\n\nHint\n\nHint\n\nHint\n\nHint\n\nHint\n\nHint\n\nHint\n\nHint\n\nHint']
------obs----- Observation: You took action noop.

You see:
- grass 1 steps to your west
- tree 4 steps to your south-west
- cow 6 steps to your north-west

You face grass at your front.

You have nothing in your inventory.
##########rewards: -8
action_list:[' Act: Please input your action using the format "action_typeAct: Please input your action using the format "action_typeAct: Please input your action using the format "action_typeAct\n\nHintHintHintHintHintHintHintHintHintHintHintHintHintHintHintHintHintHintHintHintHintHintHintHintHintHintHintHintHintHintHintHintHintHintHintHintHintHintHintHintHintHintHintHintHintHintHintHintHintHintHintHintHintHintHintHintHintHintHintHint', ' Act: Please input your action using the format "action_typeAct: Please input your action using the format "action_typeAct: Please input your action using the format "action_typeAct\n\nHintHintHintHintHintHintHintHintHintHintHintHintHintHintHintHintHintHintHintHintHintHintHintHintHintHintHintHintHintHintHintHintHintHintHintHintHintHintHintHintHintHintHintHintHintHintHintHintHintHintHintHintHintHintHintHintHintHintHintHint', ' Act: Please input your action using the format "action_typeAct: Please input your action using the format "action_typeAct: Please input your action using the format "action_typeAct\n\nHintHintHintHintHintHintHintHintHintHintHintHintHintHintHintHintHintHintHintHintHintHintHintHintHintHintHintHintHintHintHintHintHintHintHintHintHintHintHintHintHintHintHintHintHintHintHintHintHintHintHintHintHintHintHintHintHintHintHintHint', ' Act: Please input your action using the format "action_typeAct: Please input your action using the format "action_typeAct: Please input your action using the format "action_typeAct\n\nHintHintHintHintHintHintHintHintHintHintHintHintHintHintHintHintHintHintHintHintHintHintHintHintHintHintHintHintHintHintHintHintHintHintHintHintHintHintHintHintHintHintHintHintHintHintHintHintHintHintHintHintHintHintHintHintHintHintHintHint']
------step----- Act: Please input your action using the format "action_typeAct: Please input your action using the format "action_typeAct: Please input your action using the format "action_typeAct

HintHintHintHintHintHintHintHintHintHintHintHintHintHintHintHintHintHintHintHintHintHintHintHintHintHintHintHintHintHintHintHintHintHintHintHintHintHintHintHintHintHintHintHintHintHintHintHintHintHintHintHintHintHintHintHintHintHintHintHint
------argument---['Please input your action using the format "action_typeAct']
------action-----['Please input your action using the format "action_typeAct']
##########rewards: -9
action_list:[' Act: Please input your action using the format "action_typeAct\n\nHint\n\nHint\n\nHint\n\nHint\n\nHint\n\nHint\n\nHint\n\nHint\n\nHint\n\nHint\n\nHint\n\nHint\n\nHint\n\nHint\n\nHint\n\nHint\n\nHint\n\nHint\n\nHint\n\nHint\n\nHint\n\nHint\n\nHint\n\nHint\n\nHint\n\nHint\n\nHint\n\nHint\n\nHint', ' Act: Please input your action using the format "action_typeAct\n\nHint\n\nHint\n\nHint\n\nHint\n\nHint\n\nHint\n\nHint\n\nHint\n\nHint\n\nHint\n\nHint\n\nHint\n\nHint\n\nHint\n\nHint\n\nHint\n\nHint\n\nHint\n\nHint\n\nHint\n\nHint\n\nHint\n\nHint\n\nHint\n\nHint\n\nHint\n\nHint\n\nHint\n\nHint', ' Act: Please input your action using the format "action_typeAct\n\nHint\n\nHint\n\nHint\n\nHint\n\nHint\n\nHint\n\nHint\n\nHint\n\nHint\n\nHint\n\nHint\n\nHint\n\nHint\n\nHint\n\nHint\n\nHint\n\nHint\n\nHint\n\nHint\n\nHint\n\nHint\n\nHint\n\nHint\n\nHint\n\nHint\n\nHint\n\nHint\n\nHint\n\nHint', ' Act: Please input your action using the format "action_typeAct\n\nHint\n\nHint\n\nHint\n\nHint\n\nHint\n\nHint\n\nHint\n\nHint\n\nHint\n\nHint\n\nHint\n\nHint\n\nHint\n\nHint\n\nHint\n\nHint\n\nHint\n\nHint\n\nHint\n\nHint\n\nHint\n\nHint\n\nHint\n\nHint\n\nHint\n\nHint\n\nHint\n\nHint\n\nHint']
------step----- Act: Please input your action using the format "action_typeAct

Hint

Hint

Hint

Hint

Hint

Hint

Hint

Hint

Hint

Hint

Hint

Hint

Hint

Hint

Hint

Hint

Hint

Hint

Hint

Hint

Hint

Hint

Hint

Hint

Hint

Hint

Hint

Hint

Hint
------argument---['Please input your action using the format "action_typeAct\n\nHint\n\nHint\n\nHint\n\nHint\n\nHint\n\nHint\n\nHint\n\nHint\n\nHint\n\nHint\n\nHint\n\nHint\n\nHint\n\nHint\n\nHint\n\nHint\n\nHint\n\nHint\n\nHint\n\nHint\n\nHint\n\nHint\n\nHint\n\nHint\n\nHint\n\nHint\n\nHint\n\nHint\n\nHint']
------action-----['Please input your action using the format "action_typeAct\n\nHint\n\nHint\n\nHint\n\nHint\n\nHint\n\nHint\n\nHint\n\nHint\n\nHint\n\nHint\n\nHint\n\nHint\n\nHint\n\nHint\n\nHint\n\nHint\n\nHint\n\nHint\n\nHint\n\nHint\n\nHint\n\nHint\n\nHint\n\nHint\n\nHint\n\nHint\n\nHint\n\nHint\n\nHint']
##########rewards: -10
action_list:[' Act: Please input your action using the format "action_typeAct\n\nHint\n\nHint\n\nHint\n\nHint\n\nHint\n\nHint\n\nHint\n\nHint\n\nHint\n\nHint\n\nHint\n\nHint\n\nHint\n\nHint\n\nHint\n\nHint\n\nHint\n\nHint\n\nHint\n\nHint\n\nHint\n\nHint\n\nHint\n\nHint\n\nHint\n\nHint\n\nHint\n\nHint\n\nHint', ' Act: Please input your action using the format "action_typeAct\n\nHint\n\nHint\n\nHint\n\nHint\n\nHint\n\nHint\n\nHint\n\nHint\n\nHint\n\nHint\n\nHint\n\nHint\n\nHint\n\nHint\n\nHint\n\nHint\n\nHint\n\nHint\n\nHint\n\nHint\n\nHint\n\nHint\n\nHint\n\nHint\n\nHint\n\nHint\n\nHint\n\nHint\n\nHint', ' Act: Please input your action using the format "action_typeAct\n\nHint\n\nHint\n\nHint\n\nHint\n\nHint\n\nHint\n\nHint\n\nHint\n\nHint\n\nHint\n\nHint\n\nHint\n\nHint\n\nHint\n\nHint\n\nHint\n\nHint\n\nHint\n\nHint\n\nHint\n\nHint\n\nHint\n\nHint\n\nHint\n\nHint\n\nHint\n\nHint\n\nHint\n\nHint', ' Act: Please input your action using the format "action_typeAct\n\nHint\n\nHint\n\nHint\n\nHint\n\nHint\n\nHint\n\nHint\n\nHint\n\nHint\n\nHint\n\nHint\n\nHint\n\nHint\n\nHint\n\nHint\n\nHint\n\nHint\n\nHint\n\nHint\n\nHint\n\nHint\n\nHint\n\nHint\n\nHint\n\nHint\n\nHint\n\nHint\n\nHint\n\nHint']
------step----- Act: Please input your action using the format "action_typeAct

Hint

Hint

Hint

Hint

Hint

Hint

Hint

Hint

Hint

Hint

Hint

Hint

Hint

Hint

Hint

Hint

Hint

Hint

Hint

Hint

Hint

Hint

Hint

Hint

Hint

Hint

Hint

Hint

Hint
------argument---['Please input your action using the format "action_typeAct\n\nHint\n\nHint\n\nHint\n\nHint\n\nHint\n\nHint\n\nHint\n\nHint\n\nHint\n\nHint\n\nHint\n\nHint\n\nHint\n\nHint\n\nHint\n\nHint\n\nHint\n\nHint\n\nHint\n\nHint\n\nHint\n\nHint\n\nHint\n\nHint\n\nHint\n\nHint\n\nHint\n\nHint\n\nHint']
------action-----['Please input your action using the format "action_typeAct\n\nHint\n\nHint\n\nHint\n\nHint\n\nHint\n\nHint\n\nHint\n\nHint\n\nHint\n\nHint\n\nHint\n\nHint\n\nHint\n\nHint\n\nHint\n\nHint\n\nHint\n\nHint\n\nHint\n\nHint\n\nHint\n\nHint\n\nHint\n\nHint\n\nHint\n\nHint\n\nHint\n\nHint\n\nHint']
------obs----- Observation: You took action noop.

You see:
- grass 1 steps to your west
- tree 4 steps to your south-west
- cow 5 steps to your north-west

You face grass at your front.

You have nothing in your inventory.
##########rewards: -11
action_list:[' Act: Please input your action using the format "action_typeActAct: Please input your action using the format "action_typeAct\n\nHint\n\nHint\n\nHint\n\nHint\n\nHint\n\nHint\n\nHint\n\nHint\n\nHint\n\nHint\n\nHint\n\nHint\n\nHint\n\nHint\n\nHint\n\nHint\n\nHint\n\nHint\n\nHint\n\nHint\n\nHint\n\nHint\n\nHint\n\nHint', ' Act: Please input your action using the format "action_typeActAct: Please input your action using the format "action_typeAct\n\nHint\n\nHint\n\nHint\n\nHint\n\nHint\n\nHint\n\nHint\n\nHint\n\nHint\n\nHint\n\nHint\n\nHint\n\nHint\n\nHint\n\nHint\n\nHint\n\nHint\n\nHint\n\nHint\n\nHint\n\nHint\n\nHint\n\nHint\n\nHint', ' Act: Please input your action using the format "action_typeActAct: Please input your action using the format "action_typeAct\n\nHint\n\nHint\n\nHint\n\nHint\n\nHint\n\nHint\n\nHint\n\nHint\n\nHint\n\nHint\n\nHint\n\nHint\n\nHint\n\nHint\n\nHint\n\nHint\n\nHint\n\nHint\n\nHint\n\nHint\n\nHint\n\nHint\n\nHint\n\nHint', ' Act: Please input your action using the format "action_typeActAct: Please input your action using the format "action_typeAct\n\nHint\n\nHint\n\nHint\n\nHint\n\nHint\n\nHint\n\nHint\n\nHint\n\nHint\n\nHint\n\nHint\n\nHint\n\nHint\n\nHint\n\nHint\n\nHint\n\nHint\n\nHint\n\nHint\n\nHint\n\nHint\n\nHint\n\nHint\n\nHint']
------step----- Act: Please input your action using the format "action_typeActAct: Please input your action using the format "action_typeAct

Hint

Hint

Hint

Hint

Hint

Hint

Hint

Hint

Hint

Hint

Hint

Hint

Hint

Hint

Hint

Hint

Hint

Hint

Hint

Hint

Hint

Hint

Hint

Hint
------argument---['Please input your action using the format "action_typeActAct']
------action-----['Please input your action using the format "action_typeActAct']
##########rewards: -12
action_list:[' Act: Please input your action using the format "action_typeAct\n\nHint\n\nHint\n\nHint\n\nHint\n\nHint\n\nHint\n\nHint\n\nHint\n\nHint\n\nHint\n\nHint\n\nHint\n\nHint\n\nHint\n\nHint\n\nHint\n\nHint\n\nHint\n\nHint\n\nHint\n\nHint\n\nHint\n\nHint\n\nHint\n\nHint\n\nHint\n\nHint\n\nHint\n\nHint', ' Act: Please input your action using the format "action_typeAct\n\nHint\n\nHint\n\nHint\n\nHint\n\nHint\n\nHint\n\nHint\n\nHint\n\nHint\n\nHint\n\nHint\n\nHint\n\nHint\n\nHint\n\nHint\n\nHint\n\nHint\n\nHint\n\nHint\n\nHint\n\nHint\n\nHint\n\nHint\n\nHint\n\nHint\n\nHint\n\nHint\n\nHint\n\nHint', ' Act: Please input your action using the format "action_typeAct\n\nHint\n\nHint\n\nHint\n\nHint\n\nHint\n\nHint\n\nHint\n\nHint\n\nHint\n\nHint\n\nHint\n\nHint\n\nHint\n\nHint\n\nHint\n\nHint\n\nHint\n\nHint\n\nHint\n\nHint\n\nHint\n\nHint\n\nHint\n\nHint\n\nHint\n\nHint\n\nHint\n\nHint\n\nHint', ' Act: Please input your action using the format "action_typeAct\n\nHint\n\nHint\n\nHint\n\nHint\n\nHint\n\nHint\n\nHint\n\nHint\n\nHint\n\nHint\n\nHint\n\nHint\n\nHint\n\nHint\n\nHint\n\nHint\n\nHint\n\nHint\n\nHint\n\nHint\n\nHint\n\nHint\n\nHint\n\nHint\n\nHint\n\nHint\n\nHint\n\nHint\n\nHint']
------step----- Act: Please input your action using the format "action_typeAct

Hint

Hint

Hint

Hint

Hint

Hint

Hint

Hint

Hint

Hint

Hint

Hint

Hint

Hint

Hint

Hint

Hint

Hint

Hint

Hint

Hint

Hint

Hint

Hint

Hint

Hint

Hint

Hint

Hint
------argument---['Please input your action using the format "action_typeAct\n\nHint\n\nHint\n\nHint\n\nHint\n\nHint\n\nHint\n\nHint\n\nHint\n\nHint\n\nHint\n\nHint\n\nHint\n\nHint\n\nHint\n\nHint\n\nHint\n\nHint\n\nHint\n\nHint\n\nHint\n\nHint\n\nHint\n\nHint\n\nHint\n\nHint\n\nHint\n\nHint\n\nHint\n\nHint']
------action-----['Please input your action using the format "action_typeAct\n\nHint\n\nHint\n\nHint\n\nHint\n\nHint\n\nHint\n\nHint\n\nHint\n\nHint\n\nHint\n\nHint\n\nHint\n\nHint\n\nHint\n\nHint\n\nHint\n\nHint\n\nHint\n\nHint\n\nHint\n\nHint\n\nHint\n\nHint\n\nHint\n\nHint\n\nHint\n\nHint\n\nHint\n\nHint']
------obs----- Observation: You took action noop.

You see:
- grass 1 steps to your west
- tree 4 steps to your south-west
- cow 6 steps to your north-west

You face grass at your front.

You have nothing in your inventory.
##########rewards: -13
action_list:[' Act: Please input your action using the format "action_typeAct\n\nHint\n\nHint\n\nHint\n\nHint\n\nHint\n\nHint\n\nHint\n\nHint\n\nHint\n\nHint\n\nHint\n\nHint\n\nHint\n\nHint\n\nHint\n\nHint\n\nHint\n\nHint\n\nHint\n\nHint\n\nHint\n\nHint\n\nHint\n\nHint\n\nHint\n\nHint\n\nHint\n\nHint\n\nHint', ' Act: Please input your action using the format "action_typeAct\n\nHint\n\nHint\n\nHint\n\nHint\n\nHint\n\nHint\n\nHint\n\nHint\n\nHint\n\nHint\n\nHint\n\nHint\n\nHint\n\nHint\n\nHint\n\nHint\n\nHint\n\nHint\n\nHint\n\nHint\n\nHint\n\nHint\n\nHint\n\nHint\n\nHint\n\nHint\n\nHint\n\nHint\n\nHint', ' Act: Please input your action using the format "action_typeAct\n\nHint\n\nHint\n\nHint\n\nHint\n\nHint\n\nHint\n\nHint\n\nHint\n\nHint\n\nHint\n\nHint\n\nHint\n\nHint\n\nHint\n\nHint\n\nHint\n\nHint\n\nHint\n\nHint\n\nHint\n\nHint\n\nHint\n\nHint\n\nHint\n\nHint\n\nHint\n\nHint\n\nHint\n\nHint', ' Act: Please input your action using the format "action_typeAct\n\nHint\n\nHint\n\nHint\n\nHint\n\nHint\n\nHint\n\nHint\n\nHint\n\nHint\n\nHint\n\nHint\n\nHint\n\nHint\n\nHint\n\nHint\n\nHint\n\nHint\n\nHint\n\nHint\n\nHint\n\nHint\n\nHint\n\nHint\n\nHint\n\nHint\n\nHint\n\nHint\n\nHint\n\nHint']
------step----- Act: Please input your action using the format "action_typeAct

Hint

Hint

Hint

Hint

Hint

Hint

Hint

Hint

Hint

Hint

Hint

Hint

Hint

Hint

Hint

Hint

Hint

Hint

Hint

Hint

Hint

Hint

Hint

Hint

Hint

Hint

Hint

Hint

Hint
------argument---['Please input your action using the format "action_typeAct\n\nHint\n\nHint\n\nHint\n\nHint\n\nHint\n\nHint\n\nHint\n\nHint\n\nHint\n\nHint\n\nHint\n\nHint\n\nHint\n\nHint\n\nHint\n\nHint\n\nHint\n\nHint\n\nHint\n\nHint\n\nHint\n\nHint\n\nHint\n\nHint\n\nHint\n\nHint\n\nHint\n\nHint\n\nHint']
------action-----['Please input your action using the format "action_typeAct\n\nHint\n\nHint\n\nHint\n\nHint\n\nHint\n\nHint\n\nHint\n\nHint\n\nHint\n\nHint\n\nHint\n\nHint\n\nHint\n\nHint\n\nHint\n\nHint\n\nHint\n\nHint\n\nHint\n\nHint\n\nHint\n\nHint\n\nHint\n\nHint\n\nHint\n\nHint\n\nHint\n\nHint\n\nHint']
------obs----- Observation: You took action noop.

You see:
- grass 1 steps to your west
- tree 4 steps to your south-west
- cow 7 steps to your north-west

You face grass at your front.

You have nothing in your inventory.
##########rewards: -14
action_list:[' Act: Please input your action using the format "action_typeAct\n\nHint\n\nHint\n\nHint\n\nHint\n\nHint\n\nHint\n\nHint\n\nHint\n\nHint\n\nHint\n\nHint\n\nHint\n\nHint\n\nHint\n\nHint\n\nHint\n\nHint\n\nHint\n\nHint\n\nHint\n\nHint\n\nHint\n\nHint\n\nHint\n\nHint\n\nHint\n\nHint\n\nHint\n\nHint', ' Act: Please input your action using the format "action_typeAct\n\nHint\n\nHint\n\nHint\n\nHint\n\nHint\n\nHint\n\nHint\n\nHint\n\nHint\n\nHint\n\nHint\n\nHint\n\nHint\n\nHint\n\nHint\n\nHint\n\nHint\n\nHint\n\nHint\n\nHint\n\nHint\n\nHint\n\nHint\n\nHint\n\nHint\n\nHint\n\nHint\n\nHint\n\nHint', ' Act: Please input your action using the format "action_typeAct\n\nHint\n\nHint\n\nHint\n\nHint\n\nHint\n\nHint\n\nHint\n\nHint\n\nHint\n\nHint\n\nHint\n\nHint\n\nHint\n\nHint\n\nHint\n\nHint\n\nHint\n\nHint\n\nHint\n\nHint\n\nHint\n\nHint\n\nHint\n\nHint\n\nHint\n\nHint\n\nHint\n\nHint\n\nHint', ' Act: Please input your action using the format "action_typeAct\n\nHint\n\nHint\n\nHint\n\nHint\n\nHint\n\nHint\n\nHint\n\nHint\n\nHint\n\nHint\n\nHint\n\nHint\n\nHint\n\nHint\n\nHint\n\nHint\n\nHint\n\nHint\n\nHint\n\nHint\n\nHint\n\nHint\n\nHint\n\nHint\n\nHint\n\nHint\n\nHint\n\nHint\n\nHint']
------step----- Act: Please input your action using the format "action_typeAct

Hint

Hint

Hint

Hint

Hint

Hint

Hint

Hint

Hint

Hint

Hint

Hint

Hint

Hint

Hint

Hint

Hint

Hint

Hint

Hint

Hint

Hint

Hint

Hint

Hint

Hint

Hint

Hint

Hint
------argument---['Please input your action using the format "action_typeAct\n\nHint\n\nHint\n\nHint\n\nHint\n\nHint\n\nHint\n\nHint\n\nHint\n\nHint\n\nHint\n\nHint\n\nHint\n\nHint\n\nHint\n\nHint\n\nHint\n\nHint\n\nHint\n\nHint\n\nHint\n\nHint\n\nHint\n\nHint\n\nHint\n\nHint\n\nHint\n\nHint\n\nHint\n\nHint']
------action-----['Please input your action using the format "action_typeAct\n\nHint\n\nHint\n\nHint\n\nHint\n\nHint\n\nHint\n\nHint\n\nHint\n\nHint\n\nHint\n\nHint\n\nHint\n\nHint\n\nHint\n\nHint\n\nHint\n\nHint\n\nHint\n\nHint\n\nHint\n\nHint\n\nHint\n\nHint\n\nHint\n\nHint\n\nHint\n\nHint\n\nHint\n\nHint']
##########rewards: -15
action_list:[' Act: Please input your action using the format "action_typeAct\n\nHint\n\nHint\n\nHint\n\nHint\n\nHint\n\nHint\n\nHint\n\nHint\n\nHint\n\nHint\n\nHint\n\nHint\n\nHint\n\nHint\n\nHint\n\nHint\n\nHint\n\nHint\n\nHint\n\nHint\n\nHint\n\nHint\n\nHint\n\nHint\n\nHint\n\nHint\n\nHint\n\nHint\n\nHint', ' Act: Please input your action using the format "action_typeAct\n\nHint\n\nHint\n\nHint\n\nHint\n\nHint\n\nHint\n\nHint\n\nHint\n\nHint\n\nHint\n\nHint\n\nHint\n\nHint\n\nHint\n\nHint\n\nHint\n\nHint\n\nHint\n\nHint\n\nHint\n\nHint\n\nHint\n\nHint\n\nHint\n\nHint\n\nHint\n\nHint\n\nHint\n\nHint', ' Act: Please input your action using the format "action_typeAct\n\nHint\n\nHint\n\nHint\n\nHint\n\nHint\n\nHint\n\nHint\n\nHint\n\nHint\n\nHint\n\nHint\n\nHint\n\nHint\n\nHint\n\nHint\n\nHint\n\nHint\n\nHint\n\nHint\n\nHint\n\nHint\n\nHint\n\nHint\n\nHint\n\nHint\n\nHint\n\nHint\n\nHint\n\nHint', ' Act: Please input your action using the format "action_typeAct\n\nHint\n\nHint\n\nHint\n\nHint\n\nHint\n\nHint\n\nHint\n\nHint\n\nHint\n\nHint\n\nHint\n\nHint\n\nHint\n\nHint\n\nHint\n\nHint\n\nHint\n\nHint\n\nHint\n\nHint\n\nHint\n\nHint\n\nHint\n\nHint\n\nHint\n\nHint\n\nHint\n\nHint\n\nHint']
------step----- Act: Please input your action using the format "action_typeAct

Hint

Hint

Hint

Hint

Hint

Hint

Hint

Hint

Hint

Hint

Hint

Hint

Hint

Hint

Hint

Hint

Hint

Hint

Hint

Hint

Hint

Hint

Hint

Hint

Hint

Hint

Hint

Hint

Hint
------argument---['Please input your action using the format "action_typeAct\n\nHint\n\nHint\n\nHint\n\nHint\n\nHint\n\nHint\n\nHint\n\nHint\n\nHint\n\nHint\n\nHint\n\nHint\n\nHint\n\nHint\n\nHint\n\nHint\n\nHint\n\nHint\n\nHint\n\nHint\n\nHint\n\nHint\n\nHint\n\nHint\n\nHint\n\nHint\n\nHint\n\nHint\n\nHint']
------action-----['Please input your action using the format "action_typeAct\n\nHint\n\nHint\n\nHint\n\nHint\n\nHint\n\nHint\n\nHint\n\nHint\n\nHint\n\nHint\n\nHint\n\nHint\n\nHint\n\nHint\n\nHint\n\nHint\n\nHint\n\nHint\n\nHint\n\nHint\n\nHint\n\nHint\n\nHint\n\nHint\n\nHint\n\nHint\n\nHint\n\nHint\n\nHint']
------obs----- Observation: You took action noop.

You see:
- grass 1 steps to your west
- tree 4 steps to your south-west

You face grass at your front.

You have nothing in your inventory.
##########rewards: -16
action_list:[' Act: Please input your action using the format "action_typeAct\n\nHint\n\nHint\n\nHint\n\nHint\n\nHint\n\nHint\n\nHint\n\nHint\n\nHint\n\nHint\n\nHint\n\nHint\n\nHint\n\nHint\n\nHint\n\nHint\n\nHint\n\nHint\n\nHint\n\nHint\n\nHint\n\nHint\n\nHint\n\nHint\n\nHint\n\nHint\n\nHint\n\nHint\n\nHint', ' Act: Please input your action using the format "action_typeAct\n\nHint\n\nHint\n\nHint\n\nHint\n\nHint\n\nHint\n\nHint\n\nHint\n\nHint\n\nHint\n\nHint\n\nHint\n\nHint\n\nHint\n\nHint\n\nHint\n\nHint\n\nHint\n\nHint\n\nHint\n\nHint\n\nHint\n\nHint\n\nHint\n\nHint\n\nHint\n\nHint\n\nHint\n\nHint', ' Act: Please input your action using the format "action_typeAct\n\nHint\n\nHint\n\nHint\n\nHint\n\nHint\n\nHint\n\nHint\n\nHint\n\nHint\n\nHint\n\nHint\n\nHint\n\nHint\n\nHint\n\nHint\n\nHint\n\nHint\n\nHint\n\nHint\n\nHint\n\nHint\n\nHint\n\nHint\n\nHint\n\nHint\n\nHint\n\nHint\n\nHint\n\nHint', ' Act: Please input your action using the format "action_typeAct\n\nHint\n\nHint\n\nHint\n\nHint\n\nHint\n\nHint\n\nHint\n\nHint\n\nHint\n\nHint\n\nHint\n\nHint\n\nHint\n\nHint\n\nHint\n\nHint\n\nHint\n\nHint\n\nHint\n\nHint\n\nHint\n\nHint\n\nHint\n\nHint\n\nHint\n\nHint\n\nHint\n\nHint\n\nHint']
------step----- Act: Please input your action using the format "action_typeAct

Hint

Hint

Hint

Hint

Hint

Hint

Hint

Hint

Hint

Hint

Hint

Hint

Hint

Hint

Hint

Hint

Hint

Hint

Hint

Hint

Hint

Hint

Hint

Hint

Hint

Hint

Hint

Hint

Hint
------argument---['Please input your action using the format "action_typeAct\n\nHint\n\nHint\n\nHint\n\nHint\n\nHint\n\nHint\n\nHint\n\nHint\n\nHint\n\nHint\n\nHint\n\nHint\n\nHint\n\nHint\n\nHint\n\nHint\n\nHint\n\nHint\n\nHint\n\nHint\n\nHint\n\nHint\n\nHint\n\nHint\n\nHint\n\nHint\n\nHint\n\nHint\n\nHint']
------action-----['Please input your action using the format "action_typeAct\n\nHint\n\nHint\n\nHint\n\nHint\n\nHint\n\nHint\n\nHint\n\nHint\n\nHint\n\nHint\n\nHint\n\nHint\n\nHint\n\nHint\n\nHint\n\nHint\n\nHint\n\nHint\n\nHint\n\nHint\n\nHint\n\nHint\n\nHint\n\nHint\n\nHint\n\nHint\n\nHint\n\nHint\n\nHint']
##########rewards: -17
action_list:[' Act: Please input your action using the format "action_typeAct\n\nHint\n\nHint\n\nHint\n\nHint\n\nHint\n\nHint\n\nHint\n\nHint\n\nHint\n\nHint\n\nHint\n\nHint\n\nHint\n\nHint\n\nHint\n\nHint\n\nHint\n\nHint\n\nHint\n\nHint\n\nHint\n\nHint\n\nHint\n\nHint\n\nHint\n\nHint\n\nHint\n\nHint\n\nHint', ' Act: Please input your action using the format "action_typeAct\n\nHint\n\nHint\n\nHint\n\nHint\n\nHint\n\nHint\n\nHint\n\nHint\n\nHint\n\nHint\n\nHint\n\nHint\n\nHint\n\nHint\n\nHint\n\nHint\n\nHint\n\nHint\n\nHint\n\nHint\n\nHint\n\nHint\n\nHint\n\nHint\n\nHint\n\nHint\n\nHint\n\nHint\n\nHint', ' Act: Please input your action using the format "action_typeAct\n\nHint\n\nHint\n\nHint\n\nHint\n\nHint\n\nHint\n\nHint\n\nHint\n\nHint\n\nHint\n\nHint\n\nHint\n\nHint\n\nHint\n\nHint\n\nHint\n\nHint\n\nHint\n\nHint\n\nHint\n\nHint\n\nHint\n\nHint\n\nHint\n\nHint\n\nHint\n\nHint\n\nHint\n\nHint', ' Act: Please input your action using the format "action_typeAct\n\nHint\n\nHint\n\nHint\n\nHint\n\nHint\n\nHint\n\nHint\n\nHint\n\nHint\n\nHint\n\nHint\n\nHint\n\nHint\n\nHint\n\nHint\n\nHint\n\nHint\n\nHint\n\nHint\n\nHint\n\nHint\n\nHint\n\nHint\n\nHint\n\nHint\n\nHint\n\nHint\n\nHint\n\nHint']
------step----- Act: Please input your action using the format "action_typeAct

Hint

Hint

Hint

Hint

Hint

Hint

Hint

Hint

Hint

Hint

Hint

Hint

Hint

Hint

Hint

Hint

Hint

Hint

Hint

Hint

Hint

Hint

Hint

Hint

Hint

Hint

Hint

Hint

Hint
------argument---['Please input your action using the format "action_typeAct\n\nHint\n\nHint\n\nHint\n\nHint\n\nHint\n\nHint\n\nHint\n\nHint\n\nHint\n\nHint\n\nHint\n\nHint\n\nHint\n\nHint\n\nHint\n\nHint\n\nHint\n\nHint\n\nHint\n\nHint\n\nHint\n\nHint\n\nHint\n\nHint\n\nHint\n\nHint\n\nHint\n\nHint\n\nHint']
------action-----['Please input your action using the format "action_typeAct\n\nHint\n\nHint\n\nHint\n\nHint\n\nHint\n\nHint\n\nHint\n\nHint\n\nHint\n\nHint\n\nHint\n\nHint\n\nHint\n\nHint\n\nHint\n\nHint\n\nHint\n\nHint\n\nHint\n\nHint\n\nHint\n\nHint\n\nHint\n\nHint\n\nHint\n\nHint\n\nHint\n\nHint\n\nHint']
##########rewards: -18
action_list:[' Act: Please input your action using the format "action_typeAct\n\nHint\n\nHint\n\nHint\n\nHint\n\nHint\n\nHint\n\nHint\n\nHint\n\nHint\n\nHint\n\nHint\n\nHint\n\nHint\n\nHint\n\nHint\n\nHint\n\nHint\n\nHint\n\nHint\n\nHint\n\nHint\n\nHint\n\nHint\n\nHint\n\nHint\n\nHint\n\nHint\n\nHint\n\nHint', ' Act: Please input your action using the format "action_typeAct\n\nHint\n\nHint\n\nHint\n\nHint\n\nHint\n\nHint\n\nHint\n\nHint\n\nHint\n\nHint\n\nHint\n\nHint\n\nHint\n\nHint\n\nHint\n\nHint\n\nHint\n\nHint\n\nHint\n\nHint\n\nHint\n\nHint\n\nHint\n\nHint\n\nHint\n\nHint\n\nHint\n\nHint\n\nHint', ' Act: Please input your action using the format "action_typeAct\n\nHint\n\nHint\n\nHint\n\nHint\n\nHint\n\nHint\n\nHint\n\nHint\n\nHint\n\nHint\n\nHint\n\nHint\n\nHint\n\nHint\n\nHint\n\nHint\n\nHint\n\nHint\n\nHint\n\nHint\n\nHint\n\nHint\n\nHint\n\nHint\n\nHint\n\nHint\n\nHint\n\nHint\n\nHint', ' Act: Please input your action using the format "action_typeAct\n\nHint\n\nHint\n\nHint\n\nHint\n\nHint\n\nHint\n\nHint\n\nHint\n\nHint\n\nHint\n\nHint\n\nHint\n\nHint\n\nHint\n\nHint\n\nHint\n\nHint\n\nHint\n\nHint\n\nHint\n\nHint\n\nHint\n\nHint\n\nHint\n\nHint\n\nHint\n\nHint\n\nHint\n\nHint']
------step----- Act: Please input your action using the format "action_typeAct

Hint

Hint

Hint

Hint

Hint

Hint

Hint

Hint

Hint

Hint

Hint

Hint

Hint

Hint

Hint

Hint

Hint

Hint

Hint

Hint

Hint

Hint

Hint

Hint

Hint

Hint

Hint

Hint

Hint
------argument---['Please input your action using the format "action_typeAct\n\nHint\n\nHint\n\nHint\n\nHint\n\nHint\n\nHint\n\nHint\n\nHint\n\nHint\n\nHint\n\nHint\n\nHint\n\nHint\n\nHint\n\nHint\n\nHint\n\nHint\n\nHint\n\nHint\n\nHint\n\nHint\n\nHint\n\nHint\n\nHint\n\nHint\n\nHint\n\nHint\n\nHint\n\nHint']
------action-----['Please input your action using the format "action_typeAct\n\nHint\n\nHint\n\nHint\n\nHint\n\nHint\n\nHint\n\nHint\n\nHint\n\nHint\n\nHint\n\nHint\n\nHint\n\nHint\n\nHint\n\nHint\n\nHint\n\nHint\n\nHint\n\nHint\n\nHint\n\nHint\n\nHint\n\nHint\n\nHint\n\nHint\n\nHint\n\nHint\n\nHint\n\nHint']
##########rewards: -19
action_list:[' Act: Please input your action using the format "action_typeAct\n\nHint\n\nHint\n\nHint\n\nHint\n\nHint\n\nHint\n\nHint\n\nHint\n\nHint\n\nHint\n\nHint\n\nHint\n\nHint\n\nHint\n\nHint\n\nHint\n\nHint\n\nHint\n\nHint\n\nHint\n\nHint\n\nHint\n\nHint\n\nHint\n\nHint\n\nHint\n\nHint\n\nHint\n\nHint', ' Act: Please input your action using the format "action_typeAct\n\nHint\n\nHint\n\nHint\n\nHint\n\nHint\n\nHint\n\nHint\n\nHint\n\nHint\n\nHint\n\nHint\n\nHint\n\nHint\n\nHint\n\nHint\n\nHint\n\nHint\n\nHint\n\nHint\n\nHint\n\nHint\n\nHint\n\nHint\n\nHint\n\nHint\n\nHint\n\nHint\n\nHint\n\nHint', ' Act: Please input your action using the format "action_typeAct\n\nHint\n\nHint\n\nHint\n\nHint\n\nHint\n\nHint\n\nHint\n\nHint\n\nHint\n\nHint\n\nHint\n\nHint\n\nHint\n\nHint\n\nHint\n\nHint\n\nHint\n\nHint\n\nHint\n\nHint\n\nHint\n\nHint\n\nHint\n\nHint\n\nHint\n\nHint\n\nHint\n\nHint\n\nHint', ' Act: Please input your action using the format "action_typeAct\n\nHint\n\nHint\n\nHint\n\nHint\n\nHint\n\nHint\n\nHint\n\nHint\n\nHint\n\nHint\n\nHint\n\nHint\n\nHint\n\nHint\n\nHint\n\nHint\n\nHint\n\nHint\n\nHint\n\nHint\n\nHint\n\nHint\n\nHint\n\nHint\n\nHint\n\nHint\n\nHint\n\nHint\n\nHint']
------step----- Act: Please input your action using the format "action_typeAct

Hint

Hint

Hint

Hint

Hint

Hint

Hint

Hint

Hint

Hint

Hint

Hint

Hint

Hint

Hint

Hint

Hint

Hint

Hint

Hint

Hint

Hint

Hint

Hint

Hint

Hint

Hint

Hint

Hint
------argument---['Please input your action using the format "action_typeAct\n\nHint\n\nHint\n\nHint\n\nHint\n\nHint\n\nHint\n\nHint\n\nHint\n\nHint\n\nHint\n\nHint\n\nHint\n\nHint\n\nHint\n\nHint\n\nHint\n\nHint\n\nHint\n\nHint\n\nHint\n\nHint\n\nHint\n\nHint\n\nHint\n\nHint\n\nHint\n\nHint\n\nHint\n\nHint']
------action-----['Please input your action using the format "action_typeAct\n\nHint\n\nHint\n\nHint\n\nHint\n\nHint\n\nHint\n\nHint\n\nHint\n\nHint\n\nHint\n\nHint\n\nHint\n\nHint\n\nHint\n\nHint\n\nHint\n\nHint\n\nHint\n\nHint\n\nHint\n\nHint\n\nHint\n\nHint\n\nHint\n\nHint\n\nHint\n\nHint\n\nHint\n\nHint']
##########rewards: -20
action_list:[' Act: Please input your action using the format "action_typeAct\n\nHint\n\nHint\n\nHint\n\nHint\n\nHint\n\nHint\n\nHint\n\nHint\n\nHint\n\nHint\n\nHint\n\nHint\n\nHint\n\nHint\n\nHint\n\nHint\n\nHint\n\nHint\n\nHint\n\nHint\n\nHint\n\nHint\n\nHint\n\nHint\n\nHint\n\nHint\n\nHint\n\nHint\n\nHint', ' Act: Please input your action using the format "action_typeAct\n\nHint\n\nHint\n\nHint\n\nHint\n\nHint\n\nHint\n\nHint\n\nHint\n\nHint\n\nHint\n\nHint\n\nHint\n\nHint\n\nHint\n\nHint\n\nHint\n\nHint\n\nHint\n\nHint\n\nHint\n\nHint\n\nHint\n\nHint\n\nHint\n\nHint\n\nHint\n\nHint\n\nHint\n\nHint', ' Act: Please input your action using the format "action_typeAct\n\nHint\n\nHint\n\nHint\n\nHint\n\nHint\n\nHint\n\nHint\n\nHint\n\nHint\n\nHint\n\nHint\n\nHint\n\nHint\n\nHint\n\nHint\n\nHint\n\nHint\n\nHint\n\nHint\n\nHint\n\nHint\n\nHint\n\nHint\n\nHint\n\nHint\n\nHint\n\nHint\n\nHint\n\nHint', ' Act: Please input your action using the format "action_typeAct\n\nHint\n\nHint\n\nHint\n\nHint\n\nHint\n\nHint\n\nHint\n\nHint\n\nHint\n\nHint\n\nHint\n\nHint\n\nHint\n\nHint\n\nHint\n\nHint\n\nHint\n\nHint\n\nHint\n\nHint\n\nHint\n\nHint\n\nHint\n\nHint\n\nHint\n\nHint\n\nHint\n\nHint\n\nHint']
------step----- Act: Please input your action using the format "action_typeAct

Hint

Hint

Hint

Hint

Hint

Hint

Hint

Hint

Hint

Hint

Hint

Hint

Hint

Hint

Hint

Hint

Hint

Hint

Hint

Hint

Hint

Hint

Hint

Hint

Hint

Hint

Hint

Hint

Hint
------argument---['Please input your action using the format "action_typeAct\n\nHint\n\nHint\n\nHint\n\nHint\n\nHint\n\nHint\n\nHint\n\nHint\n\nHint\n\nHint\n\nHint\n\nHint\n\nHint\n\nHint\n\nHint\n\nHint\n\nHint\n\nHint\n\nHint\n\nHint\n\nHint\n\nHint\n\nHint\n\nHint\n\nHint\n\nHint\n\nHint\n\nHint\n\nHint']
------action-----['Please input your action using the format "action_typeAct\n\nHint\n\nHint\n\nHint\n\nHint\n\nHint\n\nHint\n\nHint\n\nHint\n\nHint\n\nHint\n\nHint\n\nHint\n\nHint\n\nHint\n\nHint\n\nHint\n\nHint\n\nHint\n\nHint\n\nHint\n\nHint\n\nHint\n\nHint\n\nHint\n\nHint\n\nHint\n\nHint\n\nHint\n\nHint']
##########rewards: -21
action_list:[' Act: Please input your action using the format "action_typeAct\n\nHint\n\nHint\n\nHint\n\nHint\n\nHint\n\nHint\n\nHint\n\nHint\n\nHint\n\nHint\n\nHint\n\nHint\n\nHint\n\nHint\n\nHint\n\nHint\n\nHint\n\nHint\n\nHint\n\nHint\n\nHint\n\nHint\n\nHint\n\nHint\n\nHint\n\nHint\n\nHint\n\nHint\n\nHint', ' Act: Please input your action using the format "action_typeAct\n\nHint\n\nHint\n\nHint\n\nHint\n\nHint\n\nHint\n\nHint\n\nHint\n\nHint\n\nHint\n\nHint\n\nHint\n\nHint\n\nHint\n\nHint\n\nHint\n\nHint\n\nHint\n\nHint\n\nHint\n\nHint\n\nHint\n\nHint\n\nHint\n\nHint\n\nHint\n\nHint\n\nHint\n\nHint', ' Act: Please input your action using the format "action_typeAct\n\nHint\n\nHint\n\nHint\n\nHint\n\nHint\n\nHint\n\nHint\n\nHint\n\nHint\n\nHint\n\nHint\n\nHint\n\nHint\n\nHint\n\nHint\n\nHint\n\nHint\n\nHint\n\nHint\n\nHint\n\nHint\n\nHint\n\nHint\n\nHint\n\nHint\n\nHint\n\nHint\n\nHint\n\nHint', ' Act: Please input your action using the format "action_typeAct\n\nHint\n\nHint\n\nHint\n\nHint\n\nHint\n\nHint\n\nHint\n\nHint\n\nHint\n\nHint\n\nHint\n\nHint\n\nHint\n\nHint\n\nHint\n\nHint\n\nHint\n\nHint\n\nHint\n\nHint\n\nHint\n\nHint\n\nHint\n\nHint\n\nHint\n\nHint\n\nHint\n\nHint\n\nHint']
------step----- Act: Please input your action using the format "action_typeAct

Hint

Hint

Hint

Hint

Hint

Hint

Hint

Hint

Hint

Hint

Hint

Hint

Hint

Hint

Hint

Hint

Hint

Hint

Hint

Hint

Hint

Hint

Hint

Hint

Hint

Hint

Hint

Hint

Hint
------argument---['Please input your action using the format "action_typeAct\n\nHint\n\nHint\n\nHint\n\nHint\n\nHint\n\nHint\n\nHint\n\nHint\n\nHint\n\nHint\n\nHint\n\nHint\n\nHint\n\nHint\n\nHint\n\nHint\n\nHint\n\nHint\n\nHint\n\nHint\n\nHint\n\nHint\n\nHint\n\nHint\n\nHint\n\nHint\n\nHint\n\nHint\n\nHint']
------action-----['Please input your action using the format "action_typeAct\n\nHint\n\nHint\n\nHint\n\nHint\n\nHint\n\nHint\n\nHint\n\nHint\n\nHint\n\nHint\n\nHint\n\nHint\n\nHint\n\nHint\n\nHint\n\nHint\n\nHint\n\nHint\n\nHint\n\nHint\n\nHint\n\nHint\n\nHint\n\nHint\n\nHint\n\nHint\n\nHint\n\nHint\n\nHint']
##########rewards: -22
action_list:[' Act: Please input your action using the format "action_typeAct\n\nHint\n\nHint\n\nHint\n\nHint\n\nHint\n\nHint\n\nHint\n\nHint\n\nHint\n\nHint\n\nHint\n\nHint\n\nHint\n\nHint\n\nHint\n\nHint\n\nHint\n\nHint\n\nHint\n\nHint\n\nHint\n\nHint\n\nHint\n\nHint\n\nHint\n\nHint\n\nHint\n\nHint\n\nHint', ' Act: Please input your action using the format "action_typeAct\n\nHint\n\nHint\n\nHint\n\nHint\n\nHint\n\nHint\n\nHint\n\nHint\n\nHint\n\nHint\n\nHint\n\nHint\n\nHint\n\nHint\n\nHint\n\nHint\n\nHint\n\nHint\n\nHint\n\nHint\n\nHint\n\nHint\n\nHint\n\nHint\n\nHint\n\nHint\n\nHint\n\nHint\n\nHint', ' Act: Please input your action using the format "action_typeAct\n\nHint\n\nHint\n\nHint\n\nHint\n\nHint\n\nHint\n\nHint\n\nHint\n\nHint\n\nHint\n\nHint\n\nHint\n\nHint\n\nHint\n\nHint\n\nHint\n\nHint\n\nHint\n\nHint\n\nHint\n\nHint\n\nHint\n\nHint\n\nHint\n\nHint\n\nHint\n\nHint\n\nHint\n\nHint', ' Act: Please input your action using the format "action_typeAct\n\nHint\n\nHint\n\nHint\n\nHint\n\nHint\n\nHint\n\nHint\n\nHint\n\nHint\n\nHint\n\nHint\n\nHint\n\nHint\n\nHint\n\nHint\n\nHint\n\nHint\n\nHint\n\nHint\n\nHint\n\nHint\n\nHint\n\nHint\n\nHint\n\nHint\n\nHint\n\nHint\n\nHint\n\nHint']
------step----- Act: Please input your action using the format "action_typeAct

Hint

Hint

Hint

Hint

Hint

Hint

Hint

Hint

Hint

Hint

Hint

Hint

Hint

Hint

Hint

Hint

Hint

Hint

Hint

Hint

Hint

Hint

Hint

Hint

Hint

Hint

Hint

Hint

Hint
------argument---['Please input your action using the format "action_typeAct\n\nHint\n\nHint\n\nHint\n\nHint\n\nHint\n\nHint\n\nHint\n\nHint\n\nHint\n\nHint\n\nHint\n\nHint\n\nHint\n\nHint\n\nHint\n\nHint\n\nHint\n\nHint\n\nHint\n\nHint\n\nHint\n\nHint\n\nHint\n\nHint\n\nHint\n\nHint\n\nHint\n\nHint\n\nHint']
------action-----['Please input your action using the format "action_typeAct\n\nHint\n\nHint\n\nHint\n\nHint\n\nHint\n\nHint\n\nHint\n\nHint\n\nHint\n\nHint\n\nHint\n\nHint\n\nHint\n\nHint\n\nHint\n\nHint\n\nHint\n\nHint\n\nHint\n\nHint\n\nHint\n\nHint\n\nHint\n\nHint\n\nHint\n\nHint\n\nHint\n\nHint\n\nHint']
##########rewards: -23
action_list:[' Act: Please input your action using the format "action_typeAct\n\nHint\n\nHint\n\nHint\n\nHint\n\nHint\n\nHint\n\nHint\n\nHint\n\nHint\n\nHint\n\nHint\n\nHint\n\nHint\n\nHint\n\nHint\n\nHint\n\nHint\n\nHint\n\nHint\n\nHint\n\nHint\n\nHint\n\nHint\n\nHint\n\nHint\n\nHint\n\nHint\n\nHint\n\nHint', ' Act: Please input your action using the format "action_typeAct\n\nHint\n\nHint\n\nHint\n\nHint\n\nHint\n\nHint\n\nHint\n\nHint\n\nHint\n\nHint\n\nHint\n\nHint\n\nHint\n\nHint\n\nHint\n\nHint\n\nHint\n\nHint\n\nHint\n\nHint\n\nHint\n\nHint\n\nHint\n\nHint\n\nHint\n\nHint\n\nHint\n\nHint\n\nHint', ' Act: Please input your action using the format "action_typeAct\n\nHint\n\nHint\n\nHint\n\nHint\n\nHint\n\nHint\n\nHint\n\nHint\n\nHint\n\nHint\n\nHint\n\nHint\n\nHint\n\nHint\n\nHint\n\nHint\n\nHint\n\nHint\n\nHint\n\nHint\n\nHint\n\nHint\n\nHint\n\nHint\n\nHint\n\nHint\n\nHint\n\nHint\n\nHint', ' Act: Please input your action using the format "action_typeAct\n\nHint\n\nHint\n\nHint\n\nHint\n\nHint\n\nHint\n\nHint\n\nHint\n\nHint\n\nHint\n\nHint\n\nHint\n\nHint\n\nHint\n\nHint\n\nHint\n\nHint\n\nHint\n\nHint\n\nHint\n\nHint\n\nHint\n\nHint\n\nHint\n\nHint\n\nHint\n\nHint\n\nHint\n\nHint']
------step----- Act: Please input your action using the format "action_typeAct

Hint

Hint

Hint

Hint

Hint

Hint

Hint

Hint

Hint

Hint

Hint

Hint

Hint

Hint

Hint

Hint

Hint

Hint

Hint

Hint

Hint

Hint

Hint

Hint

Hint

Hint

Hint

Hint

Hint
------argument---['Please input your action using the format "action_typeAct\n\nHint\n\nHint\n\nHint\n\nHint\n\nHint\n\nHint\n\nHint\n\nHint\n\nHint\n\nHint\n\nHint\n\nHint\n\nHint\n\nHint\n\nHint\n\nHint\n\nHint\n\nHint\n\nHint\n\nHint\n\nHint\n\nHint\n\nHint\n\nHint\n\nHint\n\nHint\n\nHint\n\nHint\n\nHint']
------action-----['Please input your action using the format "action_typeAct\n\nHint\n\nHint\n\nHint\n\nHint\n\nHint\n\nHint\n\nHint\n\nHint\n\nHint\n\nHint\n\nHint\n\nHint\n\nHint\n\nHint\n\nHint\n\nHint\n\nHint\n\nHint\n\nHint\n\nHint\n\nHint\n\nHint\n\nHint\n\nHint\n\nHint\n\nHint\n\nHint\n\nHint\n\nHint']
##########rewards: -24
action_list:[' Act: Please input your action using the format "action_typeAct\n\nHint\n\nHint\n\nHint\n\nHint\n\nHint\n\nHint\n\nHint\n\nHint\n\nHint\n\nHint\n\nHint\n\nHint\n\nHint\n\nHint\n\nHint\n\nHint\n\nHint\n\nHint\n\nHint\n\nHint\n\nHint\n\nHint\n\nHint\n\nHint\n\nHint\n\nHint\n\nHint\n\nHint\n\nHint', ' Act: Please input your action using the format "action_typeAct\n\nHint\n\nHint\n\nHint\n\nHint\n\nHint\n\nHint\n\nHint\n\nHint\n\nHint\n\nHint\n\nHint\n\nHint\n\nHint\n\nHint\n\nHint\n\nHint\n\nHint\n\nHint\n\nHint\n\nHint\n\nHint\n\nHint\n\nHint\n\nHint\n\nHint\n\nHint\n\nHint\n\nHint\n\nHint', ' Act: Please input your action using the format "action_typeAct\n\nHint\n\nHint\n\nHint\n\nHint\n\nHint\n\nHint\n\nHint\n\nHint\n\nHint\n\nHint\n\nHint\n\nHint\n\nHint\n\nHint\n\nHint\n\nHint\n\nHint\n\nHint\n\nHint\n\nHint\n\nHint\n\nHint\n\nHint\n\nHint\n\nHint\n\nHint\n\nHint\n\nHint\n\nHint', ' Act: Please input your action using the format "action_typeAct\n\nHint\n\nHint\n\nHint\n\nHint\n\nHint\n\nHint\n\nHint\n\nHint\n\nHint\n\nHint\n\nHint\n\nHint\n\nHint\n\nHint\n\nHint\n\nHint\n\nHint\n\nHint\n\nHint\n\nHint\n\nHint\n\nHint\n\nHint\n\nHint\n\nHint\n\nHint\n\nHint\n\nHint\n\nHint']
------step----- Act: Please input your action using the format "action_typeAct

Hint

Hint

Hint

Hint

Hint

Hint

Hint

Hint

Hint

Hint

Hint

Hint

Hint

Hint

Hint

Hint

Hint

Hint

Hint

Hint

Hint

Hint

Hint

Hint

Hint

Hint

Hint

Hint

Hint
------argument---['Please input your action using the format "action_typeAct\n\nHint\n\nHint\n\nHint\n\nHint\n\nHint\n\nHint\n\nHint\n\nHint\n\nHint\n\nHint\n\nHint\n\nHint\n\nHint\n\nHint\n\nHint\n\nHint\n\nHint\n\nHint\n\nHint\n\nHint\n\nHint\n\nHint\n\nHint\n\nHint\n\nHint\n\nHint\n\nHint\n\nHint\n\nHint']
------action-----['Please input your action using the format "action_typeAct\n\nHint\n\nHint\n\nHint\n\nHint\n\nHint\n\nHint\n\nHint\n\nHint\n\nHint\n\nHint\n\nHint\n\nHint\n\nHint\n\nHint\n\nHint\n\nHint\n\nHint\n\nHint\n\nHint\n\nHint\n\nHint\n\nHint\n\nHint\n\nHint\n\nHint\n\nHint\n\nHint\n\nHint\n\nHint']
##########rewards: -25
action_list:[' Act: Please input your action using the format "action_typeAct\n\nHint\n\nHint\n\nHint\n\nHint\n\nHint\n\nHint\n\nHint\n\nHint\n\nHint\n\nHint\n\nHint\n\nHint\n\nHint\n\nHint\n\nHint\n\nHint\n\nHint\n\nHint\n\nHint\n\nHint\n\nHint\n\nHint\n\nHint\n\nHint\n\nHint\n\nHint\n\nHint\n\nHint\n\nHint', ' Act: Please input your action using the format "action_typeAct\n\nHint\n\nHint\n\nHint\n\nHint\n\nHint\n\nHint\n\nHint\n\nHint\n\nHint\n\nHint\n\nHint\n\nHint\n\nHint\n\nHint\n\nHint\n\nHint\n\nHint\n\nHint\n\nHint\n\nHint\n\nHint\n\nHint\n\nHint\n\nHint\n\nHint\n\nHint\n\nHint\n\nHint\n\nHint', ' Act: Please input your action using the format "action_typeAct\n\nHint\n\nHint\n\nHint\n\nHint\n\nHint\n\nHint\n\nHint\n\nHint\n\nHint\n\nHint\n\nHint\n\nHint\n\nHint\n\nHint\n\nHint\n\nHint\n\nHint\n\nHint\n\nHint\n\nHint\n\nHint\n\nHint\n\nHint\n\nHint\n\nHint\n\nHint\n\nHint\n\nHint\n\nHint', ' Act: Please input your action using the format "action_typeAct\n\nHint\n\nHint\n\nHint\n\nHint\n\nHint\n\nHint\n\nHint\n\nHint\n\nHint\n\nHint\n\nHint\n\nHint\n\nHint\n\nHint\n\nHint\n\nHint\n\nHint\n\nHint\n\nHint\n\nHint\n\nHint\n\nHint\n\nHint\n\nHint\n\nHint\n\nHint\n\nHint\n\nHint\n\nHint']
------step----- Act: Please input your action using the format "action_typeAct

Hint

Hint

Hint

Hint

Hint

Hint

Hint

Hint

Hint

Hint

Hint

Hint

Hint

Hint

Hint

Hint

Hint

Hint

Hint

Hint

Hint

Hint

Hint

Hint

Hint

Hint

Hint

Hint

Hint
------argument---['Please input your action using the format "action_typeAct\n\nHint\n\nHint\n\nHint\n\nHint\n\nHint\n\nHint\n\nHint\n\nHint\n\nHint\n\nHint\n\nHint\n\nHint\n\nHint\n\nHint\n\nHint\n\nHint\n\nHint\n\nHint\n\nHint\n\nHint\n\nHint\n\nHint\n\nHint\n\nHint\n\nHint\n\nHint\n\nHint\n\nHint\n\nHint']
------action-----['Please input your action using the format "action_typeAct\n\nHint\n\nHint\n\nHint\n\nHint\n\nHint\n\nHint\n\nHint\n\nHint\n\nHint\n\nHint\n\nHint\n\nHint\n\nHint\n\nHint\n\nHint\n\nHint\n\nHint\n\nHint\n\nHint\n\nHint\n\nHint\n\nHint\n\nHint\n\nHint\n\nHint\n\nHint\n\nHint\n\nHint\n\nHint']
##########rewards: -26
action_list:[' Act: Please input your action using the format "action_typeAct\n\nHint\n\nHint\n\nHint\n\nHint\n\nHint\n\nHint\n\nHint\n\nHint\n\nHint\n\nHint\n\nHint\n\nHint\n\nHint\n\nHint\n\nHint\n\nHint\n\nHint\n\nHint\n\nHint\n\nHint\n\nHint\n\nHint\n\nHint\n\nHint\n\nHint\n\nHint\n\nHint\n\nHint\n\nHint', ' Act: Please input your action using the format "action_typeAct\n\nHint\n\nHint\n\nHint\n\nHint\n\nHint\n\nHint\n\nHint\n\nHint\n\nHint\n\nHint\n\nHint\n\nHint\n\nHint\n\nHint\n\nHint\n\nHint\n\nHint\n\nHint\n\nHint\n\nHint\n\nHint\n\nHint\n\nHint\n\nHint\n\nHint\n\nHint\n\nHint\n\nHint\n\nHint', ' Act: Please input your action using the format "action_typeAct\n\nHint\n\nHint\n\nHint\n\nHint\n\nHint\n\nHint\n\nHint\n\nHint\n\nHint\n\nHint\n\nHint\n\nHint\n\nHint\n\nHint\n\nHint\n\nHint\n\nHint\n\nHint\n\nHint\n\nHint\n\nHint\n\nHint\n\nHint\n\nHint\n\nHint\n\nHint\n\nHint\n\nHint\n\nHint', ' Act: Please input your action using the format "action_typeAct\n\nHint\n\nHint\n\nHint\n\nHint\n\nHint\n\nHint\n\nHint\n\nHint\n\nHint\n\nHint\n\nHint\n\nHint\n\nHint\n\nHint\n\nHint\n\nHint\n\nHint\n\nHint\n\nHint\n\nHint\n\nHint\n\nHint\n\nHint\n\nHint\n\nHint\n\nHint\n\nHint\n\nHint\n\nHint']
------step----- Act: Please input your action using the format "action_typeAct

Hint

Hint

Hint

Hint

Hint

Hint

Hint

Hint

Hint

Hint

Hint

Hint

Hint

Hint

Hint

Hint

Hint

Hint

Hint

Hint

Hint

Hint

Hint

Hint

Hint

Hint

Hint

Hint

Hint
------argument---['Please input your action using the format "action_typeAct\n\nHint\n\nHint\n\nHint\n\nHint\n\nHint\n\nHint\n\nHint\n\nHint\n\nHint\n\nHint\n\nHint\n\nHint\n\nHint\n\nHint\n\nHint\n\nHint\n\nHint\n\nHint\n\nHint\n\nHint\n\nHint\n\nHint\n\nHint\n\nHint\n\nHint\n\nHint\n\nHint\n\nHint\n\nHint']
------action-----['Please input your action using the format "action_typeAct\n\nHint\n\nHint\n\nHint\n\nHint\n\nHint\n\nHint\n\nHint\n\nHint\n\nHint\n\nHint\n\nHint\n\nHint\n\nHint\n\nHint\n\nHint\n\nHint\n\nHint\n\nHint\n\nHint\n\nHint\n\nHint\n\nHint\n\nHint\n\nHint\n\nHint\n\nHint\n\nHint\n\nHint\n\nHint']
##########rewards: -27
action_list:[' Act: Please input your action using the format "action_typeAct\n\nHint\n\nHint\n\nHint\n\nHint\n\nHint\n\nHint\n\nHint\n\nHint\n\nHint\n\nHint\n\nHint\n\nHint\n\nHint\n\nHint\n\nHint\n\nHint\n\nHint\n\nHint\n\nHint\n\nHint\n\nHint\n\nHint\n\nHint\n\nHint\n\nHint\n\nHint\n\nHint\n\nHint\n\nHint', ' Act: Please input your action using the format "action_typeAct\n\nHint\n\nHint\n\nHint\n\nHint\n\nHint\n\nHint\n\nHint\n\nHint\n\nHint\n\nHint\n\nHint\n\nHint\n\nHint\n\nHint\n\nHint\n\nHint\n\nHint\n\nHint\n\nHint\n\nHint\n\nHint\n\nHint\n\nHint\n\nHint\n\nHint\n\nHint\n\nHint\n\nHint\n\nHint', ' Act: Please input your action using the format "action_typeAct\n\nHint\n\nHint\n\nHint\n\nHint\n\nHint\n\nHint\n\nHint\n\nHint\n\nHint\n\nHint\n\nHint\n\nHint\n\nHint\n\nHint\n\nHint\n\nHint\n\nHint\n\nHint\n\nHint\n\nHint\n\nHint\n\nHint\n\nHint\n\nHint\n\nHint\n\nHint\n\nHint\n\nHint\n\nHint', ' Act: Please input your action using the format "action_typeAct\n\nHint\n\nHint\n\nHint\n\nHint\n\nHint\n\nHint\n\nHint\n\nHint\n\nHint\n\nHint\n\nHint\n\nHint\n\nHint\n\nHint\n\nHint\n\nHint\n\nHint\n\nHint\n\nHint\n\nHint\n\nHint\n\nHint\n\nHint\n\nHint\n\nHint\n\nHint\n\nHint\n\nHint\n\nHint']
------step----- Act: Please input your action using the format "action_typeAct

Hint

Hint

Hint

Hint

Hint

Hint

Hint

Hint

Hint

Hint

Hint

Hint

Hint

Hint

Hint

Hint

Hint

Hint

Hint

Hint

Hint

Hint

Hint

Hint

Hint

Hint

Hint

Hint

Hint
------argument---['Please input your action using the format "action_typeAct\n\nHint\n\nHint\n\nHint\n\nHint\n\nHint\n\nHint\n\nHint\n\nHint\n\nHint\n\nHint\n\nHint\n\nHint\n\nHint\n\nHint\n\nHint\n\nHint\n\nHint\n\nHint\n\nHint\n\nHint\n\nHint\n\nHint\n\nHint\n\nHint\n\nHint\n\nHint\n\nHint\n\nHint\n\nHint']
------action-----['Please input your action using the format "action_typeAct\n\nHint\n\nHint\n\nHint\n\nHint\n\nHint\n\nHint\n\nHint\n\nHint\n\nHint\n\nHint\n\nHint\n\nHint\n\nHint\n\nHint\n\nHint\n\nHint\n\nHint\n\nHint\n\nHint\n\nHint\n\nHint\n\nHint\n\nHint\n\nHint\n\nHint\n\nHint\n\nHint\n\nHint\n\nHint']
##########rewards: -28
action_list:[' Act: Please input your action using the format "action_typeAct\n\nHint\n\nHint\n\nHint\n\nHint\n\nHint\n\nHint\n\nHint\n\nHint\n\nHint\n\nHint\n\nHint\n\nHint\n\nHint\n\nHint\n\nHint\n\nHint\n\nHint\n\nHint\n\nHint\n\nHint\n\nHint\n\nHint\n\nHint\n\nHint\n\nHint\n\nHint\n\nHint\n\nHintAct: Please input', ' Act: Please input your action using the format "action_typeAct\n\nHint\n\nHint\n\nHint\n\nHint\n\nHint\n\nHint\n\nHint\n\nHint\n\nHint\n\nHint\n\nHint\n\nHint\n\nHint\n\nHint\n\nHint\n\nHint\n\nHint\n\nHint\n\nHint\n\nHint\n\nHint\n\nHint\n\nHint\n\nHint\n\nHint\n\nHint\n\nHint\n\nHintAct: Please input', ' Act: Please input your action using the format "action_typeAct\n\nHint\n\nHint\n\nHint\n\nHint\n\nHint\n\nHint\n\nHint\n\nHint\n\nHint\n\nHint\n\nHint\n\nHint\n\nHint\n\nHint\n\nHint\n\nHint\n\nHint\n\nHint\n\nHint\n\nHint\n\nHint\n\nHint\n\nHint\n\nHint\n\nHint\n\nHint\n\nHint\n\nHintAct: Please input', ' Act: Please input your action using the format "action_typeAct\n\nHint\n\nHint\n\nHint\n\nHint\n\nHint\n\nHint\n\nHint\n\nHint\n\nHint\n\nHint\n\nHint\n\nHint\n\nHint\n\nHint\n\nHint\n\nHint\n\nHint\n\nHint\n\nHint\n\nHint\n\nHint\n\nHint\n\nHint\n\nHint\n\nHint\n\nHint\n\nHint\n\nHintAct: Please input']
------step----- Act: Please input your action using the format "action_typeAct

Hint

Hint

Hint

Hint

Hint

Hint

Hint

Hint

Hint

Hint

Hint

Hint

Hint

Hint

Hint

Hint

Hint

Hint

Hint

Hint

Hint

Hint

Hint

Hint

Hint

Hint

Hint

HintAct: Please input
------argument---['Please input your action using the format "action_typeAct\n\nHint\n\nHint\n\nHint\n\nHint\n\nHint\n\nHint\n\nHint\n\nHint\n\nHint\n\nHint\n\nHint\n\nHint\n\nHint\n\nHint\n\nHint\n\nHint\n\nHint\n\nHint\n\nHint\n\nHint\n\nHint\n\nHint\n\nHint\n\nHint\n\nHint\n\nHint\n\nHint\n\nHintAct']
------action-----['Please input your action using the format "action_typeAct\n\nHint\n\nHint\n\nHint\n\nHint\n\nHint\n\nHint\n\nHint\n\nHint\n\nHint\n\nHint\n\nHint\n\nHint\n\nHint\n\nHint\n\nHint\n\nHint\n\nHint\n\nHint\n\nHint\n\nHint\n\nHint\n\nHint\n\nHint\n\nHint\n\nHint\n\nHint\n\nHint\n\nHintAct']
------obs----- Observation: You took action noop.

You see:
- grass 1 steps to your west
- tree 4 steps to your south-west
- cow 6 steps to your north-west

You face grass at your front.

You have nothing in your inventory.
##########rewards: -29
action_list:[' Act: Please input your action using the format "action_typeAct\n\nHint\n\nHint\n\nHint\n\nHint\n\nHint\n\nHint\n\nHint\n\nHint\n\nHint\n\nHint\n\nHint\n\nHint\n\nHint\n\nHint\n\nHint\n\nHint\n\nHint\n\nHint\n\nHint\n\nHint\n\nHint\n\nHint\n\nHint\n\nHint\n\nHint\n\nHint\n\nHintAct: Please input your action using', ' Act: Please input your action using the format "action_typeAct\n\nHint\n\nHint\n\nHint\n\nHint\n\nHint\n\nHint\n\nHint\n\nHint\n\nHint\n\nHint\n\nHint\n\nHint\n\nHint\n\nHint\n\nHint\n\nHint\n\nHint\n\nHint\n\nHint\n\nHint\n\nHint\n\nHint\n\nHint\n\nHint\n\nHint\n\nHint\n\nHintAct: Please input your action using', ' Act: Please input your action using the format "action_typeAct\n\nHint\n\nHint\n\nHint\n\nHint\n\nHint\n\nHint\n\nHint\n\nHint\n\nHint\n\nHint\n\nHint\n\nHint\n\nHint\n\nHint\n\nHint\n\nHint\n\nHint\n\nHint\n\nHint\n\nHint\n\nHint\n\nHint\n\nHint\n\nHint\n\nHint\n\nHint\n\nHintAct: Please input your action using', ' Act: Please input your action using the format "action_typeAct\n\nHint\n\nHint\n\nHint\n\nHint\n\nHint\n\nHint\n\nHint\n\nHint\n\nHint\n\nHint\n\nHint\n\nHint\n\nHint\n\nHint\n\nHint\n\nHint\n\nHint\n\nHint\n\nHint\n\nHint\n\nHint\n\nHint\n\nHint\n\nHint\n\nHint\n\nHint\n\nHintAct: Please input your action using']
------step----- Act: Please input your action using the format "action_typeAct

Hint

Hint

Hint

Hint

Hint

Hint

Hint

Hint

Hint

Hint

Hint

Hint

Hint

Hint

Hint

Hint

Hint

Hint

Hint

Hint

Hint

Hint

Hint

Hint

Hint

Hint

HintAct: Please input your action using
------argument---['Please input your action using the format "action_typeAct\n\nHint\n\nHint\n\nHint\n\nHint\n\nHint\n\nHint\n\nHint\n\nHint\n\nHint\n\nHint\n\nHint\n\nHint\n\nHint\n\nHint\n\nHint\n\nHint\n\nHint\n\nHint\n\nHint\n\nHint\n\nHint\n\nHint\n\nHint\n\nHint\n\nHint\n\nHint\n\nHintAct']
------action-----['Please input your action using the format "action_typeAct\n\nHint\n\nHint\n\nHint\n\nHint\n\nHint\n\nHint\n\nHint\n\nHint\n\nHint\n\nHint\n\nHint\n\nHint\n\nHint\n\nHint\n\nHint\n\nHint\n\nHint\n\nHint\n\nHint\n\nHint\n\nHint\n\nHint\n\nHint\n\nHint\n\nHint\n\nHint\n\nHintAct']
##########rewards: -30
action_list:[' Act: Please input your action using the format "action_typeAct\n\nHint\n\nHint\n\nHint\n\nHint\n\nHint\n\nHint\n\nHint\n\nHint\n\nHint\n\nHint\n\nHint\n\nHint\n\nHint\n\nHint\n\nHint\n\nHint\n\nHint\n\nHint\n\nHint\n\nHint\n\nHint\n\nHint\n\nHint\n\nHint\n\nHint\n\nHintAct: Please input your action using the format "', ' Act: Please input your action using the format "action_typeAct\n\nHint\n\nHint\n\nHint\n\nHint\n\nHint\n\nHint\n\nHint\n\nHint\n\nHint\n\nHint\n\nHint\n\nHint\n\nHint\n\nHint\n\nHint\n\nHint\n\nHint\n\nHint\n\nHint\n\nHint\n\nHint\n\nHint\n\nHint\n\nHint\n\nHint\n\nHintAct: Please input your action using the format "', ' Act: Please input your action using the format "action_typeAct\n\nHint\n\nHint\n\nHint\n\nHint\n\nHint\n\nHint\n\nHint\n\nHint\n\nHint\n\nHint\n\nHint\n\nHint\n\nHint\n\nHint\n\nHint\n\nHint\n\nHint\n\nHint\n\nHint\n\nHint\n\nHint\n\nHint\n\nHint\n\nHint\n\nHint\n\nHintAct: Please input your action using the format "', ' Act: Please input your action using the format "action_typeAct\n\nHint\n\nHint\n\nHint\n\nHint\n\nHint\n\nHint\n\nHint\n\nHint\n\nHint\n\nHint\n\nHint\n\nHint\n\nHint\n\nHint\n\nHint\n\nHint\n\nHint\n\nHint\n\nHint\n\nHint\n\nHint\n\nHint\n\nHint\n\nHint\n\nHint\n\nHintAct: Please input your action using the format "']
------step----- Act: Please input your action using the format "action_typeAct

Hint

Hint

Hint

Hint

Hint

Hint

Hint

Hint

Hint

Hint

Hint

Hint

Hint

Hint

Hint

Hint

Hint

Hint

Hint

Hint

Hint

Hint

Hint

Hint

Hint

HintAct: Please input your action using the format "
------argument---['Please input your action using the format "action_typeAct\n\nHint\n\nHint\n\nHint\n\nHint\n\nHint\n\nHint\n\nHint\n\nHint\n\nHint\n\nHint\n\nHint\n\nHint\n\nHint\n\nHint\n\nHint\n\nHint\n\nHint\n\nHint\n\nHint\n\nHint\n\nHint\n\nHint\n\nHint\n\nHint\n\nHint\n\nHintAct']
------action-----['Please input your action using the format "action_typeAct\n\nHint\n\nHint\n\nHint\n\nHint\n\nHint\n\nHint\n\nHint\n\nHint\n\nHint\n\nHint\n\nHint\n\nHint\n\nHint\n\nHint\n\nHint\n\nHint\n\nHint\n\nHint\n\nHint\n\nHint\n\nHint\n\nHint\n\nHint\n\nHint\n\nHint\n\nHintAct']
##########rewards: -31
action_list:[' Act: Please input your action using the format "action_typeAct\n\nHint\n\nHint\n\nHint\n\nHint\n\nHint\n\nHint\n\nHint\n\nHint\n\nHint\n\nHint\n\nHint\n\nHint\n\nHint\n\nHint\n\nHint\n\nHint\n\nHint\n\nHint\n\nHint\n\nHint\n\nHint\n\nHint\n\nHint\n\nHint\n\nHint\n\nHint\n\nHint\n\nHint\n\nHintAct', ' Act: Please input your action using the format "action_typeAct\n\nHint\n\nHint\n\nHint\n\nHint\n\nHint\n\nHint\n\nHint\n\nHint\n\nHint\n\nHint\n\nHint\n\nHint\n\nHint\n\nHint\n\nHint\n\nHint\n\nHint\n\nHint\n\nHint\n\nHint\n\nHint\n\nHint\n\nHint\n\nHint\n\nHint\n\nHint\n\nHint\n\nHint\n\nHintAct', ' Act: Please input your action using the format "action_typeAct\n\nHint\n\nHint\n\nHint\n\nHint\n\nHint\n\nHint\n\nHint\n\nHint\n\nHint\n\nHint\n\nHint\n\nHint\n\nHint\n\nHint\n\nHint\n\nHint\n\nHint\n\nHint\n\nHint\n\nHint\n\nHint\n\nHint\n\nHint\n\nHint\n\nHint\n\nHint\n\nHint\n\nHint\n\nHintAct', ' Act: Please input your action using the format "action_typeAct\n\nHint\n\nHint\n\nHint\n\nHint\n\nHint\n\nHint\n\nHint\n\nHint\n\nHint\n\nHint\n\nHint\n\nHint\n\nHint\n\nHint\n\nHint\n\nHint\n\nHint\n\nHint\n\nHint\n\nHint\n\nHint\n\nHint\n\nHint\n\nHint\n\nHint\n\nHint\n\nHint\n\nHint\n\nHintAct']
------step----- Act: Please input your action using the format "action_typeAct

Hint

Hint

Hint

Hint

Hint

Hint

Hint

Hint

Hint

Hint

Hint

Hint

Hint

Hint

Hint

Hint

Hint

Hint

Hint

Hint

Hint

Hint

Hint

Hint

Hint

Hint

Hint

Hint

HintAct
------argument---['Please input your action using the format "action_typeAct\n\nHint\n\nHint\n\nHint\n\nHint\n\nHint\n\nHint\n\nHint\n\nHint\n\nHint\n\nHint\n\nHint\n\nHint\n\nHint\n\nHint\n\nHint\n\nHint\n\nHint\n\nHint\n\nHint\n\nHint\n\nHint\n\nHint\n\nHint\n\nHint\n\nHint\n\nHint\n\nHint\n\nHint\n\nHintAct']
------action-----['Please input your action using the format "action_typeAct\n\nHint\n\nHint\n\nHint\n\nHint\n\nHint\n\nHint\n\nHint\n\nHint\n\nHint\n\nHint\n\nHint\n\nHint\n\nHint\n\nHint\n\nHint\n\nHint\n\nHint\n\nHint\n\nHint\n\nHint\n\nHint\n\nHint\n\nHint\n\nHint\n\nHint\n\nHint\n\nHint\n\nHint\n\nHintAct']
##########rewards: -32
action_list:[' Act: Please input your action using the format "action_typeAct\n\nHint\n\nHint\n\nHint\n\nHint\n\nHint\n\nHint\n\nHint\n\nHint\n\nHint\n\nHint\n\nHint\n\nHint\n\nHint\n\nHint\n\nHint\n\nHint\n\nHint\n\nHint\n\nHint\n\nHint\n\nHint\n\nHint\n\nHint\n\nHint\n\nHint\n\nHint\n\nHint\n\nHintActAct: Please', ' Act: Please input your action using the format "action_typeAct\n\nHint\n\nHint\n\nHint\n\nHint\n\nHint\n\nHint\n\nHint\n\nHint\n\nHint\n\nHint\n\nHint\n\nHint\n\nHint\n\nHint\n\nHint\n\nHint\n\nHint\n\nHint\n\nHint\n\nHint\n\nHint\n\nHint\n\nHint\n\nHint\n\nHint\n\nHint\n\nHint\n\nHintActAct: Please', ' Act: Please input your action using the format "action_typeAct\n\nHint\n\nHint\n\nHint\n\nHint\n\nHint\n\nHint\n\nHint\n\nHint\n\nHint\n\nHint\n\nHint\n\nHint\n\nHint\n\nHint\n\nHint\n\nHint\n\nHint\n\nHint\n\nHint\n\nHint\n\nHint\n\nHint\n\nHint\n\nHint\n\nHint\n\nHint\n\nHint\n\nHintActAct: Please', ' Act: Please input your action using the format "action_typeAct\n\nHint\n\nHint\n\nHint\n\nHint\n\nHint\n\nHint\n\nHint\n\nHint\n\nHint\n\nHint\n\nHint\n\nHint\n\nHint\n\nHint\n\nHint\n\nHint\n\nHint\n\nHint\n\nHint\n\nHint\n\nHint\n\nHint\n\nHint\n\nHint\n\nHint\n\nHint\n\nHint\n\nHintActAct: Please']
------step----- Act: Please input your action using the format "action_typeAct

Hint

Hint

Hint

Hint

Hint

Hint

Hint

Hint

Hint

Hint

Hint

Hint

Hint

Hint

Hint

Hint

Hint

Hint

Hint

Hint

Hint

Hint

Hint

Hint

Hint

Hint

Hint

HintActAct: Please
------argument---['Please input your action using the format "action_typeAct\n\nHint\n\nHint\n\nHint\n\nHint\n\nHint\n\nHint\n\nHint\n\nHint\n\nHint\n\nHint\n\nHint\n\nHint\n\nHint\n\nHint\n\nHint\n\nHint\n\nHint\n\nHint\n\nHint\n\nHint\n\nHint\n\nHint\n\nHint\n\nHint\n\nHint\n\nHint\n\nHint\n\nHintActAct']
------action-----['Please input your action using the format "action_typeAct\n\nHint\n\nHint\n\nHint\n\nHint\n\nHint\n\nHint\n\nHint\n\nHint\n\nHint\n\nHint\n\nHint\n\nHint\n\nHint\n\nHint\n\nHint\n\nHint\n\nHint\n\nHint\n\nHint\n\nHint\n\nHint\n\nHint\n\nHint\n\nHint\n\nHint\n\nHint\n\nHint\n\nHintActAct']
------obs----- Observation: You took action noop.

You see:
- grass 1 steps to your west
- tree 4 steps to your south-west

You face grass at your front.

You have nothing in your inventory.
##########rewards: -33
action_list:[' Act: Please input your action using the format "action_typeAct\n\nHint\n\nHint\n\nHint\n\nHint\n\nHint\n\nHint\n\nHint\n\nHint\n\nHint\n\nHint\n\nHint\n\nHint\n\nHint\n\nHint\n\nHint\n\nHint\n\nHint\n\nHint\n\nHint\n\nHint\n\nHint\n\nHint\n\nHint\n\nHint\n\nHintAct: Please input your action using the format "action_type', ' Act: Please input your action using the format "action_typeAct\n\nHint\n\nHint\n\nHint\n\nHint\n\nHint\n\nHint\n\nHint\n\nHint\n\nHint\n\nHint\n\nHint\n\nHint\n\nHint\n\nHint\n\nHint\n\nHint\n\nHint\n\nHint\n\nHint\n\nHint\n\nHint\n\nHint\n\nHint\n\nHint\n\nHintAct: Please input your action using the format "action_type', ' Act: Please input your action using the format "action_typeAct\n\nHint\n\nHint\n\nHint\n\nHint\n\nHint\n\nHint\n\nHint\n\nHint\n\nHint\n\nHint\n\nHint\n\nHint\n\nHint\n\nHint\n\nHint\n\nHint\n\nHint\n\nHint\n\nHint\n\nHint\n\nHint\n\nHint\n\nHint\n\nHint\n\nHintAct: Please input your action using the format "action_type', ' Act: Please input your action using the format "action_typeAct\n\nHint\n\nHint\n\nHint\n\nHint\n\nHint\n\nHint\n\nHint\n\nHint\n\nHint\n\nHint\n\nHint\n\nHint\n\nHint\n\nHint\n\nHint\n\nHint\n\nHint\n\nHint\n\nHint\n\nHint\n\nHint\n\nHint\n\nHint\n\nHint\n\nHintAct: Please input your action using the format "action_type']
------step----- Act: Please input your action using the format "action_typeAct

Hint

Hint

Hint

Hint

Hint

Hint

Hint

Hint

Hint

Hint

Hint

Hint

Hint

Hint

Hint

Hint

Hint

Hint

Hint

Hint

Hint

Hint

Hint

Hint

HintAct: Please input your action using the format "action_type
------argument---['Please input your action using the format "action_typeAct\n\nHint\n\nHint\n\nHint\n\nHint\n\nHint\n\nHint\n\nHint\n\nHint\n\nHint\n\nHint\n\nHint\n\nHint\n\nHint\n\nHint\n\nHint\n\nHint\n\nHint\n\nHint\n\nHint\n\nHint\n\nHint\n\nHint\n\nHint\n\nHint\n\nHintAct']
------action-----['Please input your action using the format "action_typeAct\n\nHint\n\nHint\n\nHint\n\nHint\n\nHint\n\nHint\n\nHint\n\nHint\n\nHint\n\nHint\n\nHint\n\nHint\n\nHint\n\nHint\n\nHint\n\nHint\n\nHint\n\nHint\n\nHint\n\nHint\n\nHint\n\nHint\n\nHint\n\nHint\n\nHintAct']
------obs----- Observation: You took action noop.

You see:
- grass 1 steps to your west
- tree 4 steps to your south-west
- cow 6 steps to your north-west

You face grass at your front.

You have nothing in your inventory.
##########rewards: -34
action_list:[' Act: Please input your action using the format "action_typeAct\n\nHint\n\nHint\n\nHint\n\nHint\n\nHint\n\nHint\n\nHint\n\nHint\n\nHint\n\nHint\n\nHint\n\nHint\n\nHint\n\nHint\n\nHint\n\nHint\n\nHint\n\nHint\n\nHint\n\nHint\n\nHint\n\nHint\n\nHint\n\nHintAct Observation: You took action noop.\n\nYou see:', ' Act: Please input your action using the format "action_typeAct\n\nHint\n\nHint\n\nHint\n\nHint\n\nHint\n\nHint\n\nHint\n\nHint\n\nHint\n\nHint\n\nHint\n\nHint\n\nHint\n\nHint\n\nHint\n\nHint\n\nHint\n\nHint\n\nHint\n\nHint\n\nHint\n\nHint\n\nHint\n\nHintAct Observation: You took action noop.\n\nYou see:', ' Act: Please input your action using the format "action_typeAct\n\nHint\n\nHint\n\nHint\n\nHint\n\nHint\n\nHint\n\nHint\n\nHint\n\nHint\n\nHint\n\nHint\n\nHint\n\nHint\n\nHint\n\nHint\n\nHint\n\nHint\n\nHint\n\nHint\n\nHint\n\nHint\n\nHint\n\nHint\n\nHint\n\nHintAct Observation: You took action noop.\n\nYou', ' Act: Please input your action using the format "action_typeAct\n\nHint\n\nHint\n\nHint\n\nHint\n\nHint\n\nHint\n\nHint\n\nHint\n\nHint\n\nHint\n\nHint\n\nHint\n\nHint\n\nHint\n\nHint\n\nHint\n\nHint\n\nHint\n\nHint\n\nHint\n\nHint\n\nHint\n\nHint\n\nHintAct Observation: You took action noop.\n\nYou see:']
------step----- Act: Please input your action using the format "action_typeAct

Hint

Hint

Hint

Hint

Hint

Hint

Hint

Hint

Hint

Hint

Hint

Hint

Hint

Hint

Hint

Hint

Hint

Hint

Hint

Hint

Hint

Hint

Hint

Hint

HintAct Observation: You took action noop.

You
------argument---['Please input your action using the format "action_typeAct\n\nHint\n\nHint\n\nHint\n\nHint\n\nHint\n\nHint\n\nHint\n\nHint\n\nHint\n\nHint\n\nHint\n\nHint\n\nHint\n\nHint\n\nHint\n\nHint\n\nHint\n\nHint\n\nHint\n\nHint\n\nHint\n\nHint\n\nHint\n\nHint\n\nHintAct Observation']
------action-----['Please input your action using the format "action_typeAct\n\nHint\n\nHint\n\nHint\n\nHint\n\nHint\n\nHint\n\nHint\n\nHint\n\nHint\n\nHint\n\nHint\n\nHint\n\nHint\n\nHint\n\nHint\n\nHint\n\nHint\n\nHint\n\nHint\n\nHint\n\nHint\n\nHint\n\nHint\n\nHint\n\nHintAct Observation']
------obs----- Observation: You took action noop.

You see:
- grass 1 steps to your west
- tree 4 steps to your south-west
- cow 7 steps to your north-west

You face grass at your front.

You have nothing in your inventory.
##########rewards: -35
action_list:[' Act: Please input your action using the format "action_typeAct\n\nHint\n\nHint\n\nHint\n\nHint\n\nHint\n\nHint\n\nHint\n\nHint\n\nHint\n\nHint\n\nHint\n\nHint\n\nHint\n\nHint\n\nHint\n\nHint\n\nHint\n\nHint\n\nHint\n\nHint\n\nHint\n\nHint\n\nHintAct Observation Observation: You took action noop.\n\nYou see:\n-', ' Act: Please input your action using the format "action_typeAct\n\nHint\n\nHint\n\nHint\n\nHint\n\nHint\n\nHint\n\nHint\n\nHint\n\nHint\n\nHint\n\nHint\n\nHint\n\nHint\n\nHint\n\nHint\n\nHint\n\nHint\n\nHint\n\nHint\n\nHint\n\nHint\n\nHint\n\nHintAct Observation Observation: You took action noop.\n\nYou see:\n-', ' Act: Please input your action using the format "action_typeAct\n\nHint\n\nHint\n\nHint\n\nHint\n\nHint\n\nHint\n\nHint\n\nHint\n\nHint\n\nHint\n\nHint\n\nHint\n\nHint\n\nHint\n\nHint\n\nHint\n\nHint\n\nHint\n\nHint\n\nHint\n\nHint\n\nHint\n\nHintAct Observation Observation: You took action noop.\n\nYou see:\n-', ' Act: Please input your action using the format "action_typeAct\n\nHint\n\nHint\n\nHint\n\nHint\n\nHint\n\nHint\n\nHint\n\nHint\n\nHint\n\nHint\n\nHint\n\nHint\n\nHint\n\nHint\n\nHint\n\nHint\n\nHint\n\nHint\n\nHint\n\nHint\n\nHint\n\nHint\n\nHintAct Observation Observation: You took action noop.\n\nYou see:\n-']
------step----- Act: Please input your action using the format "action_typeAct

Hint

Hint

Hint

Hint

Hint

Hint

Hint

Hint

Hint

Hint

Hint

Hint

Hint

Hint

Hint

Hint

Hint

Hint

Hint

Hint

Hint

Hint

HintAct Observation Observation: You took action noop.

You see:
-
------argument---['Please input your action using the format "action_typeAct\n\nHint\n\nHint\n\nHint\n\nHint\n\nHint\n\nHint\n\nHint\n\nHint\n\nHint\n\nHint\n\nHint\n\nHint\n\nHint\n\nHint\n\nHint\n\nHint\n\nHint\n\nHint\n\nHint\n\nHint\n\nHint\n\nHint\n\nHintAct Observation Observation']
------action-----['Please input your action using the format "action_typeAct\n\nHint\n\nHint\n\nHint\n\nHint\n\nHint\n\nHint\n\nHint\n\nHint\n\nHint\n\nHint\n\nHint\n\nHint\n\nHint\n\nHint\n\nHint\n\nHint\n\nHint\n\nHint\n\nHint\n\nHint\n\nHint\n\nHint\n\nHintAct Observation Observation']
##########rewards: -36
action_list:[' Act: Please input your action using the format "action_typeAct\n\nHint\n\nHint\n\nHint\n\nHint\n\nHint\n\nHint\n\nHint\n\nHint\n\nHint\n\nHint\n\nHint\n\nHint\n\nHint\n\nHint\n\nHint\n\nHint\n\nHint\n\nHint\n\nHint\n\nHint\n\nHint\n\nHint\n\nHint\n\nHintAct Observation Observation: You took action noop.\n\n\nYou', ' Act: Please input your action using the format "action_typeAct\n\nHint\n\nHint\n\nHint\n\nHint\n\nHint\n\nHint\n\nHint\n\nHint\n\nHint\n\nHint\n\nHint\n\nHint\n\nHint\n\nHint\n\nHint\n\nHint\n\nHint\n\nHint\n\nHint\n\nHint\n\nHint\n\nHint\n\nHint\n\nHintAct Observation Observation: You took action noop.\n\n\nYou', ' Act: Please input your action using the format "action_typeAct\n\nHint\n\nHint\n\nHint\n\nHint\n\nHint\n\nHint\n\nHint\n\nHint\n\nHint\n\nHint\n\nHint\n\nHint\n\nHint\n\nHint\n\nHint\n\nHint\n\nHint\n\nHint\n\nHint\n\nHint\n\nHint\n\nHint\n\nHint\n\nHintAct Observation Observation: You took action noop.\n\n\nYou', ' Act: Please input your action using the format "action_typeAct\n\nHint\n\nHint\n\nHint\n\nHint\n\nHint\n\nHint\n\nHint\n\nHint\n\nHint\n\nHint\n\nHint\n\nHint\n\nHint\n\nHint\n\nHint\n\nHint\n\nHint\n\nHint\n\nHint\n\nHint\n\nHint\n\nHint\n\nHint\n\nHintAct Observation Observation: You took action noop.\n\n\nYou']
------step----- Act: Please input your action using the format "action_typeAct

Hint

Hint

Hint

Hint

Hint

Hint

Hint

Hint

Hint

Hint

Hint

Hint

Hint

Hint

Hint

Hint

Hint

Hint

Hint

Hint

Hint

Hint

Hint

HintAct Observation Observation: You took action noop.


You
------argument---['Please input your action using the format "action_typeAct\n\nHint\n\nHint\n\nHint\n\nHint\n\nHint\n\nHint\n\nHint\n\nHint\n\nHint\n\nHint\n\nHint\n\nHint\n\nHint\n\nHint\n\nHint\n\nHint\n\nHint\n\nHint\n\nHint\n\nHint\n\nHint\n\nHint\n\nHint\n\nHintAct Observation Observation']
------action-----['Please input your action using the format "action_typeAct\n\nHint\n\nHint\n\nHint\n\nHint\n\nHint\n\nHint\n\nHint\n\nHint\n\nHint\n\nHint\n\nHint\n\nHint\n\nHint\n\nHint\n\nHint\n\nHint\n\nHint\n\nHint\n\nHint\n\nHint\n\nHint\n\nHint\n\nHint\n\nHintAct Observation Observation']
------obs----- Observation: You took action noop.

You see:
- grass 1 steps to your west
- tree 4 steps to your south-west
- cow 6 steps to your north-west

You face grass at your front.

You have nothing in your inventory.
##########rewards: -37
action_list:[' Act: Please input your action using the format "action_typeAct\n\n\nHint\n\n\nHint\n\n\nHint\n\n\nHint\n\n\nHint\n\n\nHint\n\n\n\nHint\n\n\n\nHint\n\n\nHint\n\n\n\nHint\n\n\n\nHint\n\n\n\nHint\n\n\n\nHint\n\n\n\nHint\n\n\n\nHint\n\n\n\n\n\nHint\n\n\n\n\nHint\n\n\n\nHint', ' Act: Please input your action using the format "action_typeAct\n\n\nHint\n\n\nHint\n\n\nHint\n\n\nHint\n\n\nHint\n\n\nHint\n\n\n\nHint\n\n\n\nHint\n\n\nHint\n\n\n\nHint\n\n\n\nHint\n\n\n\nHint\n\n\n\nHint\n\n\n\nHint\n\n\n\nHint\n\n\n\n\n\nHint\n\n\n\n\nHint\n\n\n\nHint', ' Act: Please input your action using the format "action_typeAct\n\n\nHint\n\n\nHint\n\n\nHint\n\n\nHint\n\n\nHint\n\n\nHint\n\n\n\nHint\n\n\n\nHint\n\n\nHint\n\n\n\nHint\n\n\n\nHint\n\n\n\nHint\n\n\n\nHint\n\n\n\nHint\n\n\n\nHint\n\n\n\n\n\nHint\n\n\n\n\nHint\n\n\n\nHint', ' Act: Please input your action using the format "action_typeAct\n\n\nHint\n\n\nHint\n\n\nHint\n\n\nHint\n\n\nHint\n\n\nHint\n\n\n\nHint\n\n\n\nHint\n\n\nHint\n\n\n\nHint\n\n\n\nHint\n\n\n\nHint\n\n\n\nHint\n\n\n\nHint\n\n\n\nHint\n\n\n\n\n\nHint\n\n\n\n\nHint\n\n\n\nHint']
------step----- Act: Please input your action using the format "action_typeAct


Hint


Hint


Hint


Hint


Hint


Hint



Hint



Hint


Hint



Hint



Hint



Hint



Hint



Hint



Hint





Hint




Hint



Hint
------argument---['Please input your action using the format "action_typeAct\n\n\nHint\n\n\nHint\n\n\nHint\n\n\nHint\n\n\nHint\n\n\nHint\n\n\n\nHint\n\n\n\nHint\n\n\nHint\n\n\n\nHint\n\n\n\nHint\n\n\n\nHint\n\n\n\nHint\n\n\n\nHint\n\n\n\nHint\n\n\n\n\n\nHint\n\n\n\n\nHint\n\n\n\nHint']
------action-----['Please input your action using the format "action_typeAct\n\n\nHint\n\n\nHint\n\n\nHint\n\n\nHint\n\n\nHint\n\n\nHint\n\n\n\nHint\n\n\n\nHint\n\n\nHint\n\n\n\nHint\n\n\n\nHint\n\n\n\nHint\n\n\n\nHint\n\n\n\nHint\n\n\n\nHint\n\n\n\n\n\nHint\n\n\n\n\nHint\n\n\n\nHint']
##########rewards: -38
action_list:[' Act: Please input your action using the format "action_typeAct\n\n\n\nHint\n\n\n\nHint\n\n\n\n\n\n\nHint', ' Act: Please input your action using the format "action_typeAct\n\n\n\nHint\n\n\n\nHint\n\n\n\n\n\n\nHint', ' Act: Please input your action using the format "action_typeAct\n\n\n\nHint\n\n\n\nHint\n\n\n\n\n\n\nHint', ' Act: Please input your action using the format "action_typeAct\n\n\n\nHint\n\n\n\nHint\n\n\n\n\n\n\nHint']
------step----- Act: Please input your action using the format "action_typeAct



Hint



Hint






Hint
------argument---['Please input your action using the format "action_typeAct\n\n\n\nHint\n\n\n\nHint\n\n\n\n\n\n\nHint']
------action-----['Please input your action using the format "action_typeAct\n\n\n\nHint\n\n\n\nHint\n\n\n\n\n\n\nHint']
------obs----- Observation: You took action noop.

You see:
- grass 1 steps to your west
- tree 4 steps to your south-west
- cow 5 steps to your north-west

You face grass at your front.

You have nothing in your inventory.
##########rewards: -39
