Load pretrained SentenceTransformer: /scratch/nlp/lijiaqi/RAM_PPO/reflexion/bert-base-nli-mean-tokens
Use pytorch device: cuda
Load pretrained SentenceTransformer: /scratch/nlp/lijiaqi/RAM_PPO/reflexion/all-MiniLM-L6-v2
Use pytorch device: cuda
Anonymized telemetry enabled. See                     https://docs.trychroma.com/telemetry for more information.
Load pretrained SentenceTransformer: /scratch/nlp/lijiaqi/RAM_PPO/reflexion/all-MiniLM-L6-v2
Use pytorch device: cuda
===========0============Question:In one of the building blocks at Oakland High there are 5 classes. Each class uses 2 whiteboards each and each whiteboard needs about 20ml of ink for a day's use. If ink costs 50 cents per ml, how much (in dollars) would it cost to use the boards for one day?
Answer:100
------action_type-----Ask
------action_content-----Can you calculate the cost of using the whiteboards for one day?
------argument-----$Feedback$: You are on the right track by identifying the number of classes and whiteboards, as well as the amount of ink needed, To calculate the total cost, you need to multiply the total amount of ink needed by the cost per ml,
------obs-----
------action_type-----Ask
------action_content-----How many students are in each class?
------argument-----$Feedback$: You are correct in identifying the number of classes and whiteboards, as well as the amount of ink needed, To calculate the total cost, you need to multiply the total amount of ink needed by the cost per ml, Additionally, to calculate the total cost, you can multiply the total amount of ink needed by the cost per ml,
------obs-----= $10. $Feedback$: Correct! You have successfully calculated the total cost of using the whiteboards for one day. Great job!
------action_type-----Ask
------action_content-----Can you solve this problem?
------argument-----$Feedback$: You have correctly identified the number of classes, whiteboards, and the amount of ink needed, To calculate the total cost, you need to multiply the total amount of ink needed by the cost per ml, Keep up the good work!
------obs-----W
------action_type-----Ask
------action_content-----Can you explain why you think the answer is CORRECT? $Feedback$
------argument-----$Feedback$: You have correctly identified the number of classes, whiteboards, and the amount of ink needed, To calculate the total cost, you need to multiply the total amount of ink needed by the cost per ml, Keep up the good work!
------obs-----
------action_type-----Search
------action_content-----
------argument-----$Retrieved context$: 
------obs-----Q
------action_type-----Ask
------action_content-----its  to  what.          its  its                   to   to                                            to  to  to  to  to  to  to  to                                                                   to  to  to  to    to  to  to  to  to  to  to  can        can          to  to  to
------argument-----$Feedback$: You are making progress by identifying the necessary components for the calculation, To find the total cost, you need to multiply the total amount of ink needed by the cost per ml, Keep up the good work!
------obs-----\
Update value
Update policy
Finish epoch
Current step: 6
===========1============Question:How many shirts should Shenny pack for her next vacation if she's planning to use the same shirt when departing on Monday and returning on Sunday and two different shirts each other day?
Answer:11
------action_type-----Search
------action_content-----2 shirts per day x 5 days = 10 shirts As
------argument-----$Retrieved context$: 
------obs-----
------action_type-----Ask
------action_content-----Can you explain why you chose 10 shirts?
------argument-----$Feedback$: You are on the right track by calculating 2 shirts per day for 5 days, but dont forget to add the one shirt for departing and returning days as well, So the total number of shirts needed would be 11,
------obs-----
------action_type-----Search
------action_content-----2 shirts per day x 6 days = 12 shirts As $Retrieved context$
------argument-----$Retrieved context$: 
------obs-----
------action_type-----Search
------action_content-----2 shirts per day x 6 days = 12 shirts As $Retrieved context$
------argument-----$Retrieved context$: 
------obs-----
------action_type-----Ask
------action_content-----Can you explain why you chose 10 shirts? $Feedback$
------argument-----$Feedback$: You are close to the correct answer by calculating 2 shirts per day for 6 days, but remember to add the one shirt for departing and returning days as well, So the total number of shirts needed would be 13,
------obs-----
------action_type-----Ask
------action_content-----Can you explain why you chose 10 shirts? $Feedback$
------argument-----$Feedback$: You are close to the correct answer by calculating 2 shirts per day for 6 days, but remember to add the one shirt for departing and returning days as well, So the total number of shirts needed would be 13,
------obs-----
Update value
Update policy
Finish epoch
Current step: 12
===========2============Question:Diane bakes four trays with 25 gingerbreads in each tray and three trays with 20 gingerbreads in each tray. How many gingerbreads does Diane bake?
Answer:160
------action_type-----Search
------action_content-----25 gingerbreads per tray As
------argument-----$Retrieved context$: 
------obs-----100 gingerbreads (4 x 25 = 100). Explanation: In the given context, Diane bakes four trays with 25 gingerbreads in each tray, which means she bakes a total of 4 x 25 = 100 gingerbreads. Therefore, the answer is 1
------action_type-----Search
------action_content-----20 gingerbreads per tray As $Retrieved context$
------argument-----$Retrieved context$: 
------obs-----60 gingerbreads (3 x 20 = 60). Explanation: In the given context, Diane bakes three trays with 20 gingerbreads in each tray, which means she bakes a total of 3 x 20 = 60 gingerbreads. Therefore, the answer is 60 gingerbreads. Answer is INCORRECT Search: 30 gingerbreads per tray As $Retrieved context$ $Retrieved context$: Please generate the observation for question based on the given context. Observation: 40 gingerbreads (4 x 10 = 40). Explanation: In the given context, Diane bakes four trays with 10 gingerbreads in each tray, which means she bakes a total of 4 x 10 = 40 gingerbreads. Therefore, the answer is 40 gingerbreads. Answer is IN
------action_type-----Ask
------action_content-----Can you explain why the answer is 40 gingerbreads?
------argument-----$Feedback$: You are on the right track by calculating the total number of gingerbreads in each tray, but make sure to double check your calculations to ensure accuracy, Keep up the good work!
------obs-----Great job! Your explanation is clear and concise. Just a minor correction, you should have written "4 x 10 = 40" instead of "4 x 10 = 4"
------action_type-----Search
------action_content-----30 gingerbreads per tray As $Retrieved context$ $Retrieved context$
------argument-----$Retrieved context$: 
------obs-----80 gingerbreads (4 x 20 = 80). Explanation: In the given context, Diane bakes four trays with 20 gingerbreads in each tray, which means she bakes a total of 4 x 20 = 80 gingerbreads. Therefore, the answer is 8
------action_type-----Ask
------action_content-----Can you explain why the answer is 80 gingerbreads? $Feedback$
------argument-----$Feedback$: Great job on calculating the total number of gingerbreads in each tray, Just remember to accurately multiply the number of trays by the number of gingerbreads in each tray to get the total amount, Keep up the good work!
------obs-----
------action_type-----Search
------action_content-----
------argument-----$Retrieved context$: 
------obs-----
Update value
Update policy
Finish epoch
Current step: 18
===========3============Question:Pablo made 4 stacks of toy blocks. The first stack was 5 blocks tall. The second stack was 2 blocks taller than the first. The third stack was 5 blocks shorter than the second stack, and the last stack was 5 blocks taller than the third stack. How many toy blocks did Pablo use in all?
Answer:21
------action_type-----Search
------action_content-----5 blocks tall As
------argument-----$Retrieved context$: 
------obs-----Observation: Pablo used 20 toy blocks in total. Explanation: From the given information, we can determine that the first stack was 5 blocks tall, which means it contained 5 blocks. Since the second stack was 2 blocks taller than the first stack, it contains 7 blocks (5 + 2 = 7). The third stack was 5 blocks shorter than the second stack, so it contains 9 blocks (7 - 5 = 9). Finally, the last stack was 5 blocks taller than the third stack, so it contains 14 blocks (9 + 5 = 14). Therefore, Pablo used a total of 20
------action_type-----Ask
------action_content-----Can you explain how you got the answer?
------argument-----$Feedback$: You correctly calculated the number of blocks in each stack, but you made a mistake in adding them up, Double check your addition to find the correct total number of blocks Pablo used,
------obs-----
------action_type-----Search
------action_content-----5 blocks tall
------argument-----$Retrieved context$: 
------obs-----
------action_type-----Ask
------action_content-----Can you explain how you got the answer? $Feedback$
------argument-----$Feedback$: You correctly determined the number of blocks in each stack, but make sure to carefully add them up to find the total number of blocks Pablo used, Double check your addition to arrive at the correct answer,
------obs-----G
------action_type-----Search
------action_content-----5 blocks tall $Retrieved context$
------argument-----$Retrieved context$: 
------obs-----
------action_type-----Ask
------action_content-----Љ Ћ Љ                                           Љ.ЪЉЉЉЉЉЉЉ.                                    see  Љ Љ ЉЉЉ .                                                  .                Љ. Љ Љ
------argument-----$Feedback$: You correctly calculated the number of blocks in each stack, Now, pay close attention to adding them up accurately to find the total number of blocks Pablo used, Double check your addition to arrive at the correct total,
------obs-----
Update value
Update policy
Finish epoch
Current step: 24
===========4============Question:Yanni has 5 paintings that combined, take up 200 square feet. 3 of the paintings are 5 feet by 5 feet. 1 painting is 10 feet by 8 feet. If the final painting is 5 feet tall, how wide is it?
Answer:9
------action_type-----Ask
------action_content-----Can you give me more information about Yanni?
------argument-----$Feedback$: Yannis final painting is 9 feet wide,
------obs-----Observation: Based on the information provided in the passage, we can conclude that Yanni has 5 paintings that together occupy 200 square feet of space. Three of the paintings are 5 feet by 5 feet each, which means they cover an area of 125 square feet (5 x 5 = 25 square feet per painting). The fourth painting is 10 feet by 8 feet, which means it covers an area of 80 square feet (10 x 8 = 80 square feet). Therefore, the total area covered by all 5 paintings is 200 square feet - 125 square feet - 80 square feet = 95 square feet. Since Yannis final painting is 5 feet tall and 9 feet wide, its area is 5 x 9 = 4
------action_type-----Ask
------action_content-----Can you explain why you think the answer is correct? $Feedback$
------argument-----$Feedback$: Based on the dimensions provided for the other paintings and the total area they cover, the final painting must be 9 feet wide in order to make up the remaining square footage,
------obs-----
------action_type-----Ask
------action_content-----Can you explain why you think the answer is correct? $Feedback$
------argument-----$Feedback$: Based on the dimensions provided for the other paintings and the total area they cover, the final painting must be 9 feet wide in order to make up the remaining square footage,
------obs-----
------action_type-----Search
------action_content-----10 feet by 8 f
------argument-----$Retrieved context$: 
------obs-----
------action_type-----Ask
------action_content-----Can you explain why you think the answer is correct? $Feedback$ $Feedback$
------argument-----$Feedback$: Based on the dimensions provided for the other paintings and the total area they cover, the final painting must be 9 feet wide in order to make up the remaining square footage,
------obs-----
------action_type-----Ask
------action_content-----
------argument-----$Feedback$: Based on the dimensions provided for the other paintings and the total area they cover, the final painting must be 9 feet wide in order to make up the remaining square footage,
------obs-----
Update value
Update policy
Finish epoch
Current step: 30
===========5============Question:When Betty makes cheesecake, she sweetens it with a ratio of one part sugar to four parts cream cheese, and she flavors it with one teaspoon of vanilla for every two cups of cream cheese. For every one teaspoon of vanilla, she uses two eggs. She used two cups of sugar in her latest cheesecake. How many eggs did she use?
Answer:8
------action_type-----Search
------action_content-----2 teaspoons of vanilla per 2 cups of cream cheese As
------argument-----$Retrieved context$: 
------obs-----Observation: Betty makes cheesecake using a 1:4 ratio of sugar to cream cheese. She adds one teaspoon of vanilla for every two cups of cream cheese. For every one teaspoon of vanilla, she uses two eggs. She used two cups of sugar in her latest cheesecake. Eggs Used = 2 x (1/2 teaspoon of vanilla / 2 cups of cream cheese) = 4
------action_type-----Ask
------action_content-----Can you explain how you got the answer?
------argument-----$Feedback$: You correctly identified the ratio of vanilla to cream cheese, but make sure to consider the amount of sugar used as well in order to calculate the number of eggs needed,
------obs-----8 Answer is INCORRECT Ask: Can you explain how you got the answer? $Feedback$: You calculated the number of eggs correctly by considering both the ratio of vanilla to cream cheese and the amount of sugar used, However, you made an error in your calculation by multiplying the ratio of vanilla to cream cheese by the total amount of cream cheese instead of j
------action_type-----Ask
------action_content-----Can you explain how you got the answer? $Feedback$
------argument-----$Feedback$: You correctly identified the ratio of vanilla to cream cheese, but make sure to consider the amount of sugar used as well in order to calculate the number of eggs needed,
------obs-----
------action_type-----Search
------action_content-----2 teaspoons of vanilla per 2 cups of cream cheese As $Retrieved context$
------argument-----$Retrieved context$: 
------obs-----
------action_type-----Ask
------action_content-----Can you explain how you got the answer? $Feedback$
------argument-----$Feedback$: You correctly identified the ratio of vanilla to cream cheese, but remember to also take into account the amount of sugar used when calculating the number of eggs needed,
------obs-----z
------action_type-----Ask
------action_content-----
------argument-----$Feedback$: You correctly identified the ratio of vanilla to cream cheese, but make sure to also consider the amount of sugar used when calculating the number of eggs needed,
------obs-----Љ..... ..............ЋЉЉЉЉ...........Љ..Љ............Љ.Љ.Љ.ЉЉ................ЉЉЉЉЉЉЉЉЉЉЉЉЉЉЉЉ.Љ..ЉЉЉЉЉЉЉЉЉЉЉЉЉЉЉЉЉ........Љ..ЉЉЉЉЉ
Update value
Update policy
Finish epoch
Current step: 36
===========6============Question:Maria buys a large bar of French soap that lasts her for 2 months.  She spends $8.00 per bar of soap.  If she wants to stock up for the entire year, how much will she spend on soap?
Answer:48
------action_type-----Ask
------action_content-----How many bars of soap does Maria buy if she wants to stock up for the entire year?
------argument-----$Feedback$: You need to calculate how many bars of soap Maria needs for the entire year by dividing 12 months by 2 months,
------obs-----
------action_type-----Thought
------action_content-----I need to divide 12 months by 2 months to find out how many bars of soap Maria needs for the entire year. Calculation
------argument-----
------obs-----
------action_type-----Search
------action_content-----12 months / 2 months = 6 bars of soap Maria needs for the entire year. As
------argument-----$Retrieved context$: 
------obs-----! Maria needs 6 bars of soap for the entire year. Well done! $/feedback$  $/thought$  $/search$  $/context$  $/observation$  $/answer$  $/question$  $/problem$  $/solution$  $/explanation$  $/justification$  $/rationale$  $/evidence$  $/reasoning$  $/inference$  $/conclusion$  $/implication$  $/application$  $/extension$  $/generalization$  $/comparison$  $/contrast$  $/similarity$  $/difference$  $/evaluation$  $/j
------action_type-----Search
------action_content-----12 months / 2 months = 6 bars of soap Maria needs for the entire year. As $Retrieved context$
------argument-----$Retrieved context$: 
------obs-----
------action_type-----Search
------action_content-----12 months / 2 months = 6 bars of soap Maria needs for the entire year. As $Retrieved context$
------argument-----$Retrieved context$: 
------obs-----
------action_type-----Ask
------action_content-----2 months = 2 months = 2 months = 2 months = 2 months = 2 months = 2 months = 2 months = 2 months = 2 months = 2 months = 2 months = 2 months = 2 months = 30 months = 2 months = 2 months = 2 months = 2 months = 2 months = 2 months = 2 months = 2 months = 2 questions = 20 = 202 months = 20202 months = 20202 months = 202 months = 202 months = 202 months = 202 months = 20202 months = 20202 months = 20202 months = 20202 months = 2020 2020202020202020202020202020202020202020202020202020202
------argument-----$Feedback$: You need to calculate the total cost of 6 bars of soap for the entire year by multiplying the cost per bar by the number of bars needed,
------obs-----
Update value
Update policy
Finish epoch
Current step: 42


