Loading checkpoint shards:   0%|          | 0/4 [00:00<?, ?it/s]Loading checkpoint shards:  25%|██▌       | 1/4 [00:02<00:07,  2.42s/it]Loading checkpoint shards:  50%|█████     | 2/4 [00:04<00:03,  1.93s/it]Loading checkpoint shards:  75%|███████▌  | 3/4 [00:05<00:01,  1.90s/it]Loading checkpoint shards: 100%|██████████| 4/4 [00:06<00:00,  1.41s/it]Loading checkpoint shards: 100%|██████████| 4/4 [00:06<00:00,  1.63s/it]
trainable params: 3,407,872 || all params: 8,033,669,120 || trainable%: 0.04241987003816259
tokenizer：总共 81920.0 MB， 已经使用 10482.19 MB， 剩余 71437.81 MB
outputs：总共 81920.0 MB， 已经使用 19746.19 MB， 剩余 62173.81 MB
action_index：总共 81920.0 MB， 已经使用 19746.19 MB， 剩余 62173.81 MB
logits ：总共 81920.0 MB， 已经使用 23548.19 MB， 剩余 58371.81 MB
gen_logits ：总共 81920.0 MB， 已经使用 15846.19 MB， 剩余 66073.81 MB
action_logits ：总共 81920.0 MB， 已经使用 12044.19 MB， 剩余 69875.81 MB
probs ：总共 81920.0 MB， 已经使用 12044.19 MB， 剩余 69875.81 MB
tokenizer：总共 81920.0 MB， 已经使用 12046.19 MB， 剩余 69873.81 MB
outputs：总共 81920.0 MB， 已经使用 20308.19 MB， 剩余 61611.81 MB
action_index：总共 81920.0 MB， 已经使用 20308.19 MB， 剩余 61611.81 MB
logits ：总共 81920.0 MB， 已经使用 24258.19 MB， 剩余 57661.81 MB
gen_logits ：总共 81920.0 MB， 已经使用 15994.19 MB， 剩余 65925.81 MB
action_logits ：总共 81920.0 MB， 已经使用 12044.19 MB， 剩余 69875.81 MB
probs ：总共 81920.0 MB， 已经使用 12044.19 MB， 剩余 69875.81 MB
tokenizer：总共 81920.0 MB， 已经使用 12046.19 MB， 剩余 69873.81 MB
outputs：总共 81920.0 MB， 已经使用 20702.19 MB， 剩余 61217.81 MB
action_index：总共 81920.0 MB， 已经使用 20702.19 MB， 剩余 61217.81 MB
logits ：总共 81920.0 MB， 已经使用 24842.19 MB， 剩余 57077.81 MB
gen_logits ：总共 81920.0 MB， 已经使用 16186.19 MB， 剩余 65733.81 MB
action_logits ：总共 81920.0 MB， 已经使用 12046.19 MB， 剩余 69873.81 MB
probs ：总共 81920.0 MB， 已经使用 12046.19 MB， 剩余 69873.81 MB
tokenizer：总共 81920.0 MB， 已经使用 12048.19 MB， 剩余 69871.81 MB
outputs：总共 81920.0 MB， 已经使用 20566.19 MB， 剩余 61353.81 MB
action_index：总共 81920.0 MB， 已经使用 20566.19 MB， 剩余 61353.81 MB
logits ：总共 81920.0 MB， 已经使用 24676.19 MB， 剩余 57243.81 MB
gen_logits ：总共 81920.0 MB， 已经使用 16156.19 MB， 剩余 65763.81 MB
action_logits ：总共 81920.0 MB， 已经使用 12046.19 MB， 剩余 69873.81 MB
probs ：总共 81920.0 MB， 已经使用 12046.19 MB， 剩余 69873.81 MB
tokenizer：总共 81920.0 MB， 已经使用 12048.19 MB， 剩余 69871.81 MB
outputs：总共 81920.0 MB， 已经使用 20672.19 MB， 剩余 61247.81 MB
action_index：总共 81920.0 MB， 已经使用 20672.19 MB， 剩余 61247.81 MB
logits ：总共 81920.0 MB， 已经使用 24798.19 MB， 剩余 57121.81 MB
gen_logits ：总共 81920.0 MB， 已经使用 16172.19 MB， 剩余 65747.81 MB
action_logits ：总共 81920.0 MB， 已经使用 12046.19 MB， 剩余 69873.81 MB
probs ：总共 81920.0 MB， 已经使用 12046.19 MB， 剩余 69873.81 MB
tokenizer：总共 81920.0 MB， 已经使用 12048.19 MB， 剩余 69871.81 MB
outputs：总共 81920.0 MB， 已经使用 20672.19 MB， 剩余 61247.81 MB
action_index：总共 81920.0 MB， 已经使用 20672.19 MB， 剩余 61247.81 MB
logits ：总共 81920.0 MB， 已经使用 24798.19 MB， 剩余 57121.81 MB
gen_logits ：总共 81920.0 MB， 已经使用 16172.19 MB， 剩余 65747.81 MB
action_logits ：总共 81920.0 MB， 已经使用 12046.19 MB， 剩余 69873.81 MB
probs ：总共 81920.0 MB， 已经使用 12046.19 MB， 剩余 69873.81 MB
tokenizer：总共 81920.0 MB， 已经使用 12048.19 MB， 剩余 69871.81 MB
outputs：总共 81920.0 MB， 已经使用 20672.19 MB， 剩余 61247.81 MB
action_index：总共 81920.0 MB， 已经使用 20672.19 MB， 剩余 61247.81 MB
logits ：总共 81920.0 MB， 已经使用 24798.19 MB， 剩余 57121.81 MB
gen_logits ：总共 81920.0 MB， 已经使用 16172.19 MB， 剩余 65747.81 MB
action_logits ：总共 81920.0 MB， 已经使用 12046.19 MB， 剩余 69873.81 MB
probs ：总共 81920.0 MB， 已经使用 12046.19 MB， 剩余 69873.81 MB
tokenizer：总共 81920.0 MB， 已经使用 12048.19 MB， 剩余 69871.81 MB
outputs：总共 81920.0 MB， 已经使用 20540.19 MB， 剩余 61379.81 MB
action_index：总共 81920.0 MB， 已经使用 20540.19 MB， 剩余 61379.81 MB
logits ：总共 81920.0 MB， 已经使用 24636.19 MB， 剩余 57283.81 MB
gen_logits ：总共 81920.0 MB， 已经使用 16142.19 MB， 剩余 65777.81 MB
action_logits ：总共 81920.0 MB， 已经使用 12046.19 MB， 剩余 69873.81 MB
probs ：总共 81920.0 MB， 已经使用 12046.19 MB， 剩余 69873.81 MB
tokenizer：总共 81920.0 MB， 已经使用 12048.19 MB， 剩余 69871.81 MB
outputs：总共 81920.0 MB， 已经使用 20704.19 MB， 剩余 61215.81 MB
action_index：总共 81920.0 MB， 已经使用 20704.19 MB， 剩余 61215.81 MB
logits ：总共 81920.0 MB， 已经使用 24844.19 MB， 剩余 57075.81 MB
gen_logits ：总共 81920.0 MB， 已经使用 16186.19 MB， 剩余 65733.81 MB
action_logits ：总共 81920.0 MB， 已经使用 12046.19 MB， 剩余 69873.81 MB
probs ：总共 81920.0 MB， 已经使用 12046.19 MB， 剩余 69873.81 MB
tokenizer：总共 81920.0 MB， 已经使用 12048.19 MB， 剩余 69871.81 MB
outputs：总共 81920.0 MB， 已经使用 19862.19 MB， 剩余 62057.81 MB
action_index：总共 81920.0 MB， 已经使用 19862.19 MB， 剩余 62057.81 MB
logits ：总共 81920.0 MB， 已经使用 23708.19 MB， 剩余 58211.81 MB
gen_logits ：总共 81920.0 MB， 已经使用 15892.19 MB， 剩余 66027.81 MB
action_logits ：总共 81920.0 MB， 已经使用 12046.19 MB， 剩余 69873.81 MB
probs ：总共 81920.0 MB， 已经使用 12046.19 MB， 剩余 69873.81 MB
tokenizer：总共 81920.0 MB， 已经使用 12048.19 MB， 剩余 69871.81 MB
outputs：总共 81920.0 MB， 已经使用 19344.19 MB， 剩余 62575.81 MB
action_index：总共 81920.0 MB， 已经使用 19344.19 MB， 剩余 62575.81 MB
logits ：总共 81920.0 MB， 已经使用 23058.19 MB， 剩余 58861.81 MB
gen_logits ：总共 81920.0 MB， 已经使用 15760.19 MB， 剩余 66159.81 MB
action_logits ：总共 81920.0 MB， 已经使用 12046.19 MB， 剩余 69873.81 MB
probs ：总共 81920.0 MB， 已经使用 12046.19 MB， 剩余 69873.81 MB
tokenizer：总共 81920.0 MB， 已经使用 12048.19 MB， 剩余 69871.81 MB
outputs：总共 81920.0 MB， 已经使用 19318.19 MB， 剩余 62601.81 MB
action_index：总共 81920.0 MB， 已经使用 19318.19 MB， 剩余 62601.81 MB
logits ：总共 81920.0 MB， 已经使用 23018.19 MB， 剩余 58901.81 MB
gen_logits ：总共 81920.0 MB， 已经使用 15744.19 MB， 剩余 66175.81 MB
action_logits ：总共 81920.0 MB， 已经使用 12044.19 MB， 剩余 69875.81 MB
probs ：总共 81920.0 MB， 已经使用 12044.19 MB， 剩余 69875.81 MB
tokenizer：总共 81920.0 MB， 已经使用 12046.19 MB， 剩余 69873.81 MB
outputs：总共 81920.0 MB， 已经使用 19342.19 MB， 剩余 62577.81 MB
action_index：总共 81920.0 MB， 已经使用 19342.19 MB， 剩余 62577.81 MB
logits ：总共 81920.0 MB， 已经使用 23056.19 MB， 剩余 58863.81 MB
gen_logits ：总共 81920.0 MB， 已经使用 15758.19 MB， 剩余 66161.81 MB
action_logits ：总共 81920.0 MB， 已经使用 12044.19 MB， 剩余 69875.81 MB
probs ：总共 81920.0 MB， 已经使用 12044.19 MB， 剩余 69875.81 MB
tokenizer：总共 81920.0 MB， 已经使用 12048.19 MB， 剩余 69871.81 MB
outputs：总共 81920.0 MB， 已经使用 20672.19 MB， 剩余 61247.81 MB
action_index：总共 81920.0 MB， 已经使用 20672.19 MB， 剩余 61247.81 MB
logits ：总共 81920.0 MB， 已经使用 24798.19 MB， 剩余 57121.81 MB
gen_logits ：总共 81920.0 MB， 已经使用 16172.19 MB， 剩余 65747.81 MB
action_logits ：总共 81920.0 MB， 已经使用 12046.19 MB， 剩余 69873.81 MB
probs ：总共 81920.0 MB， 已经使用 12046.19 MB， 剩余 69873.81 MB
tokenizer：总共 81920.0 MB， 已经使用 12048.19 MB， 剩余 69871.81 MB
outputs：总共 81920.0 MB， 已经使用 21300.19 MB， 剩余 60619.81 MB
action_index：总共 81920.0 MB， 已经使用 21300.19 MB， 剩余 60619.81 MB
logits ：总共 81920.0 MB， 已经使用 25704.19 MB， 剩余 56215.81 MB
gen_logits ：总共 81920.0 MB， 已经使用 16450.19 MB， 剩余 65469.81 MB
action_logits ：总共 81920.0 MB， 已经使用 12046.19 MB， 剩余 69873.81 MB
probs ：总共 81920.0 MB， 已经使用 12046.19 MB， 剩余 69873.81 MB
tokenizer：总共 81920.0 MB， 已经使用 12204.19 MB， 剩余 69715.81 MB
outputs：总共 81920.0 MB， 已经使用 15998.19 MB， 剩余 65921.81 MB
action_index：总共 81920.0 MB， 已经使用 15998.19 MB， 剩余 65921.81 MB
logits ：总共 81920.0 MB， 已经使用 18128.19 MB， 剩余 63791.81 MB
gen_logits ：总共 81920.0 MB， 已经使用 14174.19 MB， 剩余 67745.81 MB
action_logits ：总共 81920.0 MB， 已经使用 12044.19 MB， 剩余 69875.81 MB
probs ：总共 81920.0 MB， 已经使用 12044.19 MB， 剩余 69875.81 MB
tokenizer：总共 81920.0 MB， 已经使用 12044.19 MB， 剩余 69875.81 MB
outputs：总共 81920.0 MB， 已经使用 21108.19 MB， 剩余 60811.81 MB
action_index：总共 81920.0 MB， 已经使用 21108.19 MB， 剩余 60811.81 MB
logits ：总共 81920.0 MB， 已经使用 25542.19 MB， 剩余 56377.81 MB
gen_logits ：总共 81920.0 MB， 已经使用 16480.19 MB， 剩余 65439.81 MB
action_logits ：总共 81920.0 MB， 已经使用 12046.19 MB， 剩余 69873.81 MB
probs ：总共 81920.0 MB， 已经使用 12046.19 MB， 剩余 69873.81 MB
tokenizer：总共 81920.0 MB， 已经使用 12204.19 MB， 剩余 69715.81 MB
outputs：总共 81920.0 MB， 已经使用 21424.19 MB， 剩余 60495.81 MB
action_index：总共 81920.0 MB， 已经使用 21424.19 MB， 剩余 60495.81 MB
logits ：总共 81920.0 MB， 已经使用 25960.19 MB， 剩余 55959.81 MB
gen_logits ：总共 81920.0 MB， 已经使用 16582.19 MB， 剩余 65337.81 MB
action_logits ：总共 81920.0 MB， 已经使用 12046.19 MB， 剩余 69873.81 MB
probs ：总共 81920.0 MB， 已经使用 12046.19 MB， 剩余 69873.81 MB
tokenizer：总共 81920.0 MB， 已经使用 12208.19 MB， 剩余 69711.81 MB
outputs：总共 81920.0 MB， 已经使用 21402.19 MB， 剩余 60517.81 MB
action_index：总共 81920.0 MB， 已经使用 21402.19 MB， 剩余 60517.81 MB
logits ：总共 81920.0 MB， 已经使用 25924.19 MB， 剩余 55995.81 MB
gen_logits ：总共 81920.0 MB， 已经使用 16568.19 MB， 剩余 65351.81 MB
action_logits ：总共 81920.0 MB， 已经使用 12046.19 MB， 剩余 69873.81 MB
probs ：总共 81920.0 MB， 已经使用 12046.19 MB， 剩余 69873.81 MB
tokenizer：总共 81920.0 MB， 已经使用 12208.19 MB， 剩余 69711.81 MB
outputs：总共 81920.0 MB， 已经使用 21152.19 MB， 剩余 60767.81 MB
action_index：总共 81920.0 MB， 已经使用 21152.19 MB， 剩余 60767.81 MB
logits ：总共 81920.0 MB， 已经使用 25556.19 MB， 剩余 56363.81 MB
gen_logits ：总共 81920.0 MB， 已经使用 16450.19 MB， 剩余 65469.81 MB
action_logits ：总共 81920.0 MB， 已经使用 12046.19 MB， 剩余 69873.81 MB
probs ：总共 81920.0 MB， 已经使用 12046.19 MB， 剩余 69873.81 MB
tokenizer：总共 81920.0 MB， 已经使用 12204.19 MB， 剩余 69715.81 MB
outputs：总共 81920.0 MB， 已经使用 21114.19 MB， 剩余 60805.81 MB
action_index：总共 81920.0 MB， 已经使用 21114.19 MB， 剩余 60805.81 MB
logits ：总共 81920.0 MB， 已经使用 25504.19 MB， 剩余 56415.81 MB
gen_logits ：总共 81920.0 MB， 已经使用 16436.19 MB， 剩余 65483.81 MB
action_logits ：总共 81920.0 MB， 已经使用 12046.19 MB， 剩余 69873.81 MB
probs ：总共 81920.0 MB， 已经使用 12046.19 MB， 剩余 69873.81 MB
tokenizer：总共 81920.0 MB， 已经使用 12204.19 MB， 剩余 69715.81 MB
outputs：总共 81920.0 MB， 已经使用 21288.19 MB， 剩余 60631.81 MB
action_index：总共 81920.0 MB， 已经使用 21288.19 MB， 剩余 60631.81 MB
logits ：总共 81920.0 MB， 已经使用 25648.19 MB， 剩余 56271.81 MB
gen_logits ：总共 81920.0 MB， 已经使用 16406.19 MB， 剩余 65513.81 MB
action_logits ：总共 81920.0 MB， 已经使用 12046.19 MB， 剩余 69873.81 MB
probs ：总共 81920.0 MB， 已经使用 12046.19 MB， 剩余 69873.81 MB
tokenizer：总共 81920.0 MB， 已经使用 12202.19 MB， 剩余 69717.81 MB
outputs：总共 81920.0 MB， 已经使用 21422.19 MB， 剩余 60497.81 MB
action_index：总共 81920.0 MB， 已经使用 21422.19 MB， 剩余 60497.81 MB
logits ：总共 81920.0 MB， 已经使用 25958.19 MB， 剩余 55961.81 MB
gen_logits ：总共 81920.0 MB， 已经使用 16582.19 MB， 剩余 65337.81 MB
action_logits ：总共 81920.0 MB， 已经使用 12046.19 MB， 剩余 69873.81 MB
probs ：总共 81920.0 MB， 已经使用 12046.19 MB， 剩余 69873.81 MB
tokenizer：总共 81920.0 MB， 已经使用 12208.19 MB， 剩余 69711.81 MB
outputs：总共 81920.0 MB， 已经使用 21362.19 MB， 剩余 60557.81 MB
action_index：总共 81920.0 MB， 已经使用 21362.19 MB， 剩余 60557.81 MB
logits ：总共 81920.0 MB， 已经使用 25870.19 MB， 剩余 56049.81 MB
gen_logits ：总共 81920.0 MB， 已经使用 16554.19 MB， 剩余 65365.81 MB
action_logits ：总共 81920.0 MB， 已经使用 12046.19 MB， 剩余 69873.81 MB
probs ：总共 81920.0 MB， 已经使用 12046.19 MB， 剩余 69873.81 MB
tokenizer：总共 81920.0 MB， 已经使用 12210.19 MB， 剩余 69709.81 MB
outputs：总共 81920.0 MB， 已经使用 21120.19 MB， 剩余 60799.81 MB
action_index：总共 81920.0 MB， 已经使用 21120.19 MB， 剩余 60799.81 MB
logits ：总共 81920.0 MB， 已经使用 25510.19 MB， 剩余 56409.81 MB
gen_logits ：总共 81920.0 MB， 已经使用 16436.19 MB， 剩余 65483.81 MB
action_logits ：总共 81920.0 MB， 已经使用 12046.19 MB， 剩余 69873.81 MB
probs ：总共 81920.0 MB， 已经使用 12046.19 MB， 剩余 69873.81 MB
tokenizer：总共 81920.0 MB， 已经使用 12204.19 MB， 剩余 69715.81 MB
outputs：总共 81920.0 MB， 已经使用 21172.19 MB， 剩余 60747.81 MB
action_index：总共 81920.0 MB， 已经使用 21172.19 MB， 剩余 60747.81 MB
logits ：总共 81920.0 MB， 已经使用 25590.19 MB， 剩余 56329.81 MB
gen_logits ：总共 81920.0 MB， 已经使用 16464.19 MB， 剩余 65455.81 MB
action_logits ：总共 81920.0 MB， 已经使用 12046.19 MB， 剩余 69873.81 MB
probs ：总共 81920.0 MB， 已经使用 12046.19 MB， 剩余 69873.81 MB
tokenizer：总共 81920.0 MB， 已经使用 12206.19 MB， 剩余 69713.81 MB
outputs：总共 81920.0 MB， 已经使用 16000.19 MB， 剩余 65919.81 MB
action_index：总共 81920.0 MB， 已经使用 16000.19 MB， 剩余 65919.81 MB
logits ：总共 81920.0 MB， 已经使用 18130.19 MB， 剩余 63789.81 MB
gen_logits ：总共 81920.0 MB， 已经使用 14176.19 MB， 剩余 67743.81 MB
action_logits ：总共 81920.0 MB， 已经使用 12046.19 MB， 剩余 69873.81 MB
probs ：总共 81920.0 MB， 已经使用 12046.19 MB， 剩余 69873.81 MB
tokenizer：总共 81920.0 MB， 已经使用 12046.19 MB， 剩余 69873.81 MB
outputs：总共 81920.0 MB， 已经使用 20982.19 MB， 剩余 60937.81 MB
action_index：总共 81920.0 MB， 已经使用 20982.19 MB， 剩余 60937.81 MB
logits ：总共 81920.0 MB， 已经使用 25356.19 MB， 剩余 56563.81 MB
gen_logits ：总共 81920.0 MB， 已经使用 16420.19 MB， 剩余 65499.81 MB
action_logits ：总共 81920.0 MB， 已经使用 12046.19 MB， 剩余 69873.81 MB
probs ：总共 81920.0 MB， 已经使用 12046.19 MB， 剩余 69873.81 MB
tokenizer：总共 81920.0 MB， 已经使用 12202.19 MB， 剩余 69717.81 MB
outputs：总共 81920.0 MB， 已经使用 21170.19 MB， 剩余 60749.81 MB
action_index：总共 81920.0 MB， 已经使用 21170.19 MB， 剩余 60749.81 MB
logits ：总共 81920.0 MB， 已经使用 25588.19 MB， 剩余 56331.81 MB
gen_logits ：总共 81920.0 MB， 已经使用 16464.19 MB， 剩余 65455.81 MB
action_logits ：总共 81920.0 MB， 已经使用 12046.19 MB， 剩余 69873.81 MB
probs ：总共 81920.0 MB， 已经使用 12046.19 MB， 剩余 69873.81 MB
tokenizer：总共 81920.0 MB， 已经使用 12204.19 MB， 剩余 69715.81 MB
outputs：总共 81920.0 MB， 已经使用 20550.19 MB， 剩余 61369.81 MB
action_index：总共 81920.0 MB， 已经使用 20550.19 MB， 剩余 61369.81 MB
logits ：总共 81920.0 MB， 已经使用 24676.19 MB， 剩余 57243.81 MB
gen_logits ：总共 81920.0 MB， 已经使用 16172.19 MB， 剩余 65747.81 MB
action_logits ：总共 81920.0 MB， 已经使用 12046.19 MB， 剩余 69873.81 MB
probs ：总共 81920.0 MB， 已经使用 12046.19 MB， 剩余 69873.81 MB
tokenizer：总共 81920.0 MB， 已经使用 12048.19 MB， 剩余 69871.81 MB
outputs：总共 81920.0 MB， 已经使用 21658.19 MB， 剩余 60261.81 MB
action_index：总共 81920.0 MB， 已经使用 21658.19 MB， 剩余 60261.81 MB
logits ：总共 81920.0 MB， 已经使用 26224.19 MB， 剩余 55695.81 MB
gen_logits ：总共 81920.0 MB， 已经使用 16612.19 MB， 剩余 65307.81 MB
action_logits ：总共 81920.0 MB， 已经使用 12046.19 MB， 剩余 69873.81 MB
probs ：总共 81920.0 MB， 已经使用 12046.19 MB， 剩余 69873.81 MB
tokenizer：总共 81920.0 MB， 已经使用 12210.19 MB， 剩余 69709.81 MB
outputs：总共 81920.0 MB， 已经使用 21496.19 MB， 剩余 60423.81 MB
action_index：总共 81920.0 MB， 已经使用 21496.19 MB， 剩余 60423.81 MB
logits ：总共 81920.0 MB， 已经使用 26062.19 MB， 剩余 55857.81 MB
gen_logits ：总共 81920.0 MB， 已经使用 16612.19 MB， 剩余 65307.81 MB
action_logits ：总共 81920.0 MB， 已经使用 12046.19 MB， 剩余 69873.81 MB
probs ：总共 81920.0 MB， 已经使用 12046.19 MB， 剩余 69873.81 MB
tokenizer：总共 81920.0 MB， 已经使用 12210.19 MB， 剩余 69709.81 MB
outputs：总共 81920.0 MB， 已经使用 21466.19 MB， 剩余 60453.81 MB
action_index：总共 81920.0 MB， 已经使用 21466.19 MB， 剩余 60453.81 MB
logits ：总共 81920.0 MB， 已经使用 26018.19 MB， 剩余 55901.81 MB
gen_logits ：总共 81920.0 MB， 已经使用 16598.19 MB， 剩余 65321.81 MB
action_logits ：总共 81920.0 MB， 已经使用 12046.19 MB， 剩余 69873.81 MB
probs ：总共 81920.0 MB， 已经使用 12046.19 MB， 剩余 69873.81 MB
tokenizer：总共 81920.0 MB， 已经使用 12210.19 MB， 剩余 69709.81 MB
outputs：总共 81920.0 MB， 已经使用 21466.19 MB， 剩余 60453.81 MB
action_index：总共 81920.0 MB， 已经使用 21466.19 MB， 剩余 60453.81 MB
logits ：总共 81920.0 MB， 已经使用 26018.19 MB， 剩余 55901.81 MB
gen_logits ：总共 81920.0 MB， 已经使用 16598.19 MB， 剩余 65321.81 MB
action_logits ：总共 81920.0 MB， 已经使用 12046.19 MB， 剩余 69873.81 MB
probs ：总共 81920.0 MB， 已经使用 12046.19 MB， 剩余 69873.81 MB
tokenizer：总共 81920.0 MB， 已经使用 12210.19 MB， 剩余 69709.81 MB
outputs：总共 81920.0 MB， 已经使用 21120.19 MB， 剩余 60799.81 MB
action_index：总共 81920.0 MB， 已经使用 21120.19 MB， 剩余 60799.81 MB
logits ：总共 81920.0 MB， 已经使用 25510.19 MB， 剩余 56409.81 MB
gen_logits ：总共 81920.0 MB， 已经使用 16436.19 MB， 剩余 65483.81 MB
action_logits ：总共 81920.0 MB， 已经使用 12046.19 MB， 剩余 69873.81 MB
probs ：总共 81920.0 MB， 已经使用 12046.19 MB， 剩余 69873.81 MB
tokenizer：总共 81920.0 MB， 已经使用 12206.19 MB， 剩余 69713.81 MB
outputs：总共 81920.0 MB， 已经使用 20824.19 MB， 剩余 61095.81 MB
action_index：总共 81920.0 MB， 已经使用 20824.19 MB， 剩余 61095.81 MB
logits ：总共 81920.0 MB， 已经使用 25082.19 MB， 剩余 56837.81 MB
gen_logits ：总共 81920.0 MB， 已经使用 16460.19 MB， 剩余 65459.81 MB
action_logits ：总共 81920.0 MB， 已经使用 12202.19 MB， 剩余 69717.81 MB
probs ：总共 81920.0 MB， 已经使用 12202.19 MB， 剩余 69717.81 MB
tokenizer：总共 81920.0 MB， 已经使用 12204.19 MB， 剩余 69715.81 MB
outputs：总共 81920.0 MB， 已经使用 20864.19 MB， 剩余 61055.81 MB
action_index：总共 81920.0 MB， 已经使用 20864.19 MB， 剩余 61055.81 MB
logits ：总共 81920.0 MB， 已经使用 25136.19 MB， 剩余 56783.81 MB
gen_logits ：总共 81920.0 MB， 已经使用 16318.19 MB， 剩余 65601.81 MB
action_logits ：总共 81920.0 MB， 已经使用 12046.19 MB， 剩余 69873.81 MB
probs ：总共 81920.0 MB， 已经使用 12046.19 MB， 剩余 69873.81 MB
tokenizer：总共 81920.0 MB， 已经使用 12048.19 MB， 剩余 69871.81 MB
outputs：总共 81920.0 MB， 已经使用 21626.19 MB， 剩余 60293.81 MB
action_index：总共 81920.0 MB， 已经使用 21626.19 MB， 剩余 60293.81 MB
logits ：总共 81920.0 MB， 已经使用 26178.19 MB， 剩余 55741.81 MB
gen_logits ：总共 81920.0 MB， 已经使用 16598.19 MB， 剩余 65321.81 MB
action_logits ：总共 81920.0 MB， 已经使用 12046.19 MB， 剩余 69873.81 MB
probs ：总共 81920.0 MB， 已经使用 12046.19 MB， 剩余 69873.81 MB
tokenizer：总共 81920.0 MB， 已经使用 12208.19 MB， 剩余 69711.81 MB
outputs：总共 81920.0 MB， 已经使用 21428.19 MB， 剩余 60491.81 MB
action_index：总共 81920.0 MB， 已经使用 21428.19 MB， 剩余 60491.81 MB
logits ：总共 81920.0 MB， 已经使用 25964.19 MB， 剩余 55955.81 MB
gen_logits ：总共 81920.0 MB， 已经使用 16582.19 MB， 剩余 65337.81 MB
action_logits ：总共 81920.0 MB， 已经使用 12046.19 MB， 剩余 69873.81 MB
probs ：总共 81920.0 MB， 已经使用 12046.19 MB， 剩余 69873.81 MB
tokenizer：总共 81920.0 MB， 已经使用 12208.19 MB， 剩余 69711.81 MB
outputs：总共 81920.0 MB， 已经使用 21790.19 MB， 剩余 60129.81 MB
action_index：总共 81920.0 MB， 已经使用 21790.19 MB， 剩余 60129.81 MB
logits ：总共 81920.0 MB， 已经使用 26458.19 MB， 剩余 55461.81 MB
gen_logits ：总共 81920.0 MB， 已经使用 16716.19 MB， 剩余 65203.81 MB
action_logits ：总共 81920.0 MB， 已经使用 12048.19 MB， 剩余 69871.81 MB
probs ：总共 81920.0 MB， 已经使用 12048.19 MB， 剩余 69871.81 MB
tokenizer：总共 81920.0 MB， 已经使用 12216.19 MB， 剩余 69703.81 MB
outputs：总共 81920.0 MB， 已经使用 21798.19 MB， 剩余 60121.81 MB
action_index：总共 81920.0 MB， 已经使用 21798.19 MB， 剩余 60121.81 MB
logits ：总共 81920.0 MB， 已经使用 26466.19 MB， 剩余 55453.81 MB
gen_logits ：总共 81920.0 MB， 已经使用 16716.19 MB， 剩余 65203.81 MB
action_logits ：总共 81920.0 MB， 已经使用 12048.19 MB， 剩余 69871.81 MB
probs ：总共 81920.0 MB， 已经使用 12048.19 MB， 剩余 69871.81 MB
tokenizer：总共 81920.0 MB， 已经使用 12216.19 MB， 剩余 69703.81 MB
outputs：总共 81920.0 MB， 已经使用 21472.19 MB， 剩余 60447.81 MB
action_index：总共 81920.0 MB， 已经使用 21472.19 MB， 剩余 60447.81 MB
logits ：总共 81920.0 MB， 已经使用 26024.19 MB， 剩余 55895.81 MB
gen_logits ：总共 81920.0 MB， 已经使用 16598.19 MB， 剩余 65321.81 MB
action_logits ：总共 81920.0 MB， 已经使用 12046.19 MB， 剩余 69873.81 MB
probs ：总共 81920.0 MB， 已经使用 12046.19 MB， 剩余 69873.81 MB
tokenizer：总共 81920.0 MB， 已经使用 12208.19 MB， 剩余 69711.81 MB
outputs：总共 81920.0 MB， 已经使用 22030.19 MB， 剩余 59889.81 MB
action_index：总共 81920.0 MB， 已经使用 22030.19 MB， 剩余 59889.81 MB
logits ：总共 81920.0 MB， 已经使用 26684.19 MB， 剩余 55235.81 MB
gen_logits ：总共 81920.0 MB， 已经使用 16700.19 MB， 剩余 65219.81 MB
action_logits ：总共 81920.0 MB， 已经使用 12046.19 MB， 剩余 69873.81 MB
probs ：总共 81920.0 MB， 已经使用 12046.19 MB， 剩余 69873.81 MB
tokenizer：总共 81920.0 MB， 已经使用 12214.19 MB， 剩余 69705.81 MB
outputs：总共 81920.0 MB， 已经使用 21926.19 MB， 剩余 59993.81 MB
action_index：总共 81920.0 MB， 已经使用 21926.19 MB， 剩余 59993.81 MB
logits ：总共 81920.0 MB， 已经使用 26654.19 MB， 剩余 55265.81 MB
gen_logits ：总共 81920.0 MB， 已经使用 16774.19 MB， 剩余 65145.81 MB
action_logits ：总共 81920.0 MB， 已经使用 12046.19 MB， 剩余 69873.81 MB
probs ：总共 81920.0 MB， 已经使用 12046.19 MB， 剩余 69873.81 MB
tokenizer：总共 81920.0 MB， 已经使用 12218.19 MB， 剩余 69701.81 MB
outputs：总共 81920.0 MB， 已经使用 21642.19 MB， 剩余 60277.81 MB
action_index：总共 81920.0 MB， 已经使用 21642.19 MB， 剩余 60277.81 MB
logits ：总共 81920.0 MB， 已经使用 26238.19 MB， 剩余 55681.81 MB
gen_logits ：总共 81920.0 MB， 已经使用 16812.19 MB， 剩余 65107.81 MB
action_logits ：总共 81920.0 MB， 已经使用 12216.19 MB， 剩余 69703.81 MB
probs ：总共 81920.0 MB， 已经使用 12216.19 MB， 剩余 69703.81 MB
tokenizer：总共 81920.0 MB， 已经使用 12218.19 MB， 剩余 69701.81 MB
outputs：总共 81920.0 MB， 已经使用 20796.19 MB， 剩余 61123.81 MB
action_index：总共 81920.0 MB， 已经使用 20796.19 MB， 剩余 61123.81 MB
logits ：总共 81920.0 MB， 已经使用 24922.19 MB， 剩余 56997.81 MB
gen_logits ：总共 81920.0 MB， 已经使用 16340.19 MB， 剩余 65579.81 MB
action_logits ：总共 81920.0 MB， 已经使用 12214.19 MB， 剩余 69705.81 MB
probs ：总共 81920.0 MB， 已经使用 12214.19 MB， 剩余 69705.81 MB
tokenizer：总共 81920.0 MB， 已经使用 12216.19 MB， 剩余 69703.81 MB
outputs：总共 81920.0 MB， 已经使用 21504.19 MB， 剩余 60415.81 MB
action_index：总共 81920.0 MB， 已经使用 21504.19 MB， 剩余 60415.81 MB
logits ：总共 81920.0 MB， 已经使用 26070.19 MB， 剩余 55849.81 MB
gen_logits ：总共 81920.0 MB， 已经使用 16780.19 MB， 剩余 65139.81 MB
action_logits ：总共 81920.0 MB， 已经使用 12214.19 MB， 剩余 69705.81 MB
probs ：总共 81920.0 MB， 已经使用 12214.19 MB， 剩余 69705.81 MB
tokenizer：总共 81920.0 MB， 已经使用 12218.19 MB， 剩余 69701.81 MB
outputs：总共 81920.0 MB， 已经使用 21474.19 MB， 剩余 60445.81 MB
action_index：总共 81920.0 MB， 已经使用 21474.19 MB， 剩余 60445.81 MB
logits ：总共 81920.0 MB， 已经使用 26026.19 MB， 剩余 55893.81 MB
gen_logits ：总共 81920.0 MB， 已经使用 16598.19 MB， 剩余 65321.81 MB
action_logits ：总共 81920.0 MB， 已经使用 12046.19 MB， 剩余 69873.81 MB
probs ：总共 81920.0 MB， 已经使用 12046.19 MB， 剩余 69873.81 MB
tokenizer：总共 81920.0 MB， 已经使用 12208.19 MB， 剩余 69711.81 MB
outputs：总共 81920.0 MB， 已经使用 21118.19 MB， 剩余 60801.81 MB
action_index：总共 81920.0 MB， 已经使用 21118.19 MB， 剩余 60801.81 MB
logits ：总共 81920.0 MB， 已经使用 25508.19 MB， 剩余 56411.81 MB
gen_logits ：总共 81920.0 MB， 已经使用 16436.19 MB， 剩余 65483.81 MB
action_logits ：总共 81920.0 MB， 已经使用 12046.19 MB， 剩余 69873.81 MB
probs ：总共 81920.0 MB， 已经使用 12046.19 MB， 剩余 69873.81 MB
tokenizer：总共 81920.0 MB， 已经使用 12204.19 MB， 剩余 69715.81 MB
outputs：总共 81920.0 MB， 已经使用 20796.19 MB， 剩余 61123.81 MB
action_index：总共 81920.0 MB， 已经使用 20796.19 MB， 剩余 61123.81 MB
logits ：总共 81920.0 MB， 已经使用 25038.19 MB， 剩余 56881.81 MB
gen_logits ：总共 81920.0 MB， 已经使用 16444.19 MB， 剩余 65475.81 MB
action_logits ：总共 81920.0 MB， 已经使用 12202.19 MB， 剩余 69717.81 MB
probs ：总共 81920.0 MB， 已经使用 12202.19 MB， 剩余 69717.81 MB
tokenizer：总共 81920.0 MB， 已经使用 12206.19 MB， 剩余 69713.81 MB
outputs：总共 81920.0 MB， 已经使用 21328.19 MB， 剩余 60591.81 MB
action_index：总共 81920.0 MB， 已经使用 21328.19 MB， 剩余 60591.81 MB
logits ：总共 81920.0 MB， 已经使用 25702.19 MB， 剩余 56217.81 MB
gen_logits ：总共 81920.0 MB， 已经使用 16418.19 MB， 剩余 65501.81 MB
action_logits ：总共 81920.0 MB， 已经使用 12044.19 MB， 剩余 69875.81 MB
probs ：总共 81920.0 MB， 已经使用 12044.19 MB， 剩余 69875.81 MB
tokenizer：总共 81920.0 MB， 已经使用 12202.19 MB， 剩余 69717.81 MB
outputs：总共 81920.0 MB， 已经使用 20794.19 MB， 剩余 61125.81 MB
action_index：总共 81920.0 MB， 已经使用 20794.19 MB， 剩余 61125.81 MB
logits ：总共 81920.0 MB， 已经使用 25036.19 MB， 剩余 56883.81 MB
gen_logits ：总共 81920.0 MB， 已经使用 16288.19 MB， 剩余 65631.81 MB
action_logits ：总共 81920.0 MB， 已经使用 12046.19 MB， 剩余 69873.81 MB
probs ：总共 81920.0 MB， 已经使用 12046.19 MB， 剩余 69873.81 MB
tokenizer：总共 81920.0 MB， 已经使用 12048.19 MB， 剩余 69871.81 MB
outputs：总共 81920.0 MB， 已经使用 20930.19 MB， 剩余 60989.81 MB
action_index：总共 81920.0 MB， 已经使用 20930.19 MB， 剩余 60989.81 MB
logits ：总共 81920.0 MB， 已经使用 25172.19 MB， 剩余 56747.81 MB
gen_logits ：总共 81920.0 MB， 已经使用 16288.19 MB， 剩余 65631.81 MB
action_logits ：总共 81920.0 MB， 已经使用 12046.19 MB， 剩余 69873.81 MB
probs ：总共 81920.0 MB， 已经使用 12046.19 MB， 剩余 69873.81 MB
tokenizer：总共 81920.0 MB， 已经使用 12048.19 MB， 剩余 69871.81 MB
outputs：总共 81920.0 MB， 已经使用 20284.19 MB， 剩余 61635.81 MB
action_index：总共 81920.0 MB， 已经使用 20284.19 MB， 剩余 61635.81 MB
logits ：总共 81920.0 MB， 已经使用 24262.19 MB， 剩余 57657.81 MB
gen_logits ：总共 81920.0 MB， 已经使用 16024.19 MB， 剩余 65895.81 MB
action_logits ：总共 81920.0 MB， 已经使用 12046.19 MB， 剩余 69873.81 MB
probs ：总共 81920.0 MB， 已经使用 12046.19 MB， 剩余 69873.81 MB
tokenizer：总共 81920.0 MB， 已经使用 12048.19 MB， 剩余 69871.81 MB
outputs：总共 81920.0 MB， 已经使用 20796.19 MB， 剩余 61123.81 MB
action_index：总共 81920.0 MB， 已经使用 20796.19 MB， 剩余 61123.81 MB
logits ：总共 81920.0 MB， 已经使用 24906.19 MB， 剩余 57013.81 MB
gen_logits ：总共 81920.0 MB， 已经使用 16156.19 MB， 剩余 65763.81 MB
action_logits ：总共 81920.0 MB， 已经使用 12046.19 MB， 剩余 69873.81 MB
probs ：总共 81920.0 MB， 已经使用 12046.19 MB， 剩余 69873.81 MB
tokenizer：总共 81920.0 MB， 已经使用 12048.19 MB， 剩余 69871.81 MB
outputs：总共 81920.0 MB， 已经使用 20770.19 MB， 剩余 61149.81 MB
action_index：总共 81920.0 MB， 已经使用 20770.19 MB， 剩余 61149.81 MB
logits ：总共 81920.0 MB， 已经使用 24866.19 MB， 剩余 57053.81 MB
gen_logits ：总共 81920.0 MB， 已经使用 16142.19 MB， 剩余 65777.81 MB
action_logits ：总共 81920.0 MB， 已经使用 12046.19 MB， 剩余 69873.81 MB
probs ：总共 81920.0 MB， 已经使用 12046.19 MB， 剩余 69873.81 MB
tokenizer：总共 81920.0 MB， 已经使用 12048.19 MB， 剩余 69871.81 MB
outputs：总共 81920.0 MB， 已经使用 20284.19 MB， 剩余 61635.81 MB
action_index：总共 81920.0 MB， 已经使用 20284.19 MB， 剩余 61635.81 MB
logits ：总共 81920.0 MB， 已经使用 24262.19 MB， 剩余 57657.81 MB
gen_logits ：总共 81920.0 MB， 已经使用 16024.19 MB， 剩余 65895.81 MB
action_logits ：总共 81920.0 MB， 已经使用 12046.19 MB， 剩余 69873.81 MB
probs ：总共 81920.0 MB， 已经使用 12046.19 MB， 剩余 69873.81 MB
tokenizer：总共 81920.0 MB， 已经使用 12048.19 MB， 剩余 69871.81 MB
outputs：总共 81920.0 MB， 已经使用 20796.19 MB， 剩余 61123.81 MB
action_index：总共 81920.0 MB， 已经使用 20796.19 MB， 剩余 61123.81 MB
logits ：总共 81920.0 MB， 已经使用 24906.19 MB， 剩余 57013.81 MB
gen_logits ：总共 81920.0 MB， 已经使用 16156.19 MB， 剩余 65763.81 MB
action_logits ：总共 81920.0 MB， 已经使用 12046.19 MB， 剩余 69873.81 MB
probs ：总共 81920.0 MB， 已经使用 12046.19 MB， 剩余 69873.81 MB
tokenizer：总共 81920.0 MB， 已经使用 12048.19 MB， 剩余 69871.81 MB
outputs：总共 81920.0 MB， 已经使用 20112.19 MB， 剩余 61807.81 MB
action_index：总共 81920.0 MB， 已经使用 20112.19 MB， 剩余 61807.81 MB
logits ：总共 81920.0 MB， 已经使用 24076.19 MB， 剩余 57843.81 MB
gen_logits ：总共 81920.0 MB， 已经使用 16010.19 MB， 剩余 65909.81 MB
action_logits ：总共 81920.0 MB， 已经使用 12046.19 MB， 剩余 69873.81 MB
probs ：总共 81920.0 MB， 已经使用 12046.19 MB， 剩余 69873.81 MB
tokenizer：总共 81920.0 MB， 已经使用 12048.19 MB， 剩余 69871.81 MB
outputs：总共 81920.0 MB， 已经使用 20672.19 MB， 剩余 61247.81 MB
action_index：总共 81920.0 MB， 已经使用 20672.19 MB， 剩余 61247.81 MB
logits ：总共 81920.0 MB， 已经使用 24798.19 MB， 剩余 57121.81 MB
gen_logits ：总共 81920.0 MB， 已经使用 16172.19 MB， 剩余 65747.81 MB
action_logits ：总共 81920.0 MB， 已经使用 12046.19 MB， 剩余 69873.81 MB
probs ：总共 81920.0 MB， 已经使用 12046.19 MB， 剩余 69873.81 MB
tokenizer：总共 81920.0 MB， 已经使用 12048.19 MB， 剩余 69871.81 MB
outputs：总共 81920.0 MB， 已经使用 20112.19 MB， 剩余 61807.81 MB
action_index：总共 81920.0 MB， 已经使用 20112.19 MB， 剩余 61807.81 MB
logits ：总共 81920.0 MB， 已经使用 24076.19 MB， 剩余 57843.81 MB
gen_logits ：总共 81920.0 MB， 已经使用 16010.19 MB， 剩余 65909.81 MB
action_logits ：总共 81920.0 MB， 已经使用 12046.19 MB， 剩余 69873.81 MB
probs ：总共 81920.0 MB， 已经使用 12046.19 MB， 剩余 69873.81 MB
tokenizer：总共 81920.0 MB， 已经使用 12048.19 MB， 剩余 69871.81 MB
outputs：总共 81920.0 MB， 已经使用 20796.19 MB， 剩余 61123.81 MB
action_index：总共 81920.0 MB， 已经使用 20796.19 MB， 剩余 61123.81 MB
logits ：总共 81920.0 MB， 已经使用 24906.19 MB， 剩余 57013.81 MB
gen_logits ：总共 81920.0 MB， 已经使用 16156.19 MB， 剩余 65763.81 MB
action_logits ：总共 81920.0 MB， 已经使用 12046.19 MB， 剩余 69873.81 MB
probs ：总共 81920.0 MB， 已经使用 12046.19 MB， 剩余 69873.81 MB
tokenizer：总共 81920.0 MB， 已经使用 12048.19 MB， 剩余 69871.81 MB
outputs：总共 81920.0 MB， 已经使用 20704.19 MB， 剩余 61215.81 MB
action_index：总共 81920.0 MB， 已经使用 20704.19 MB， 剩余 61215.81 MB
logits ：总共 81920.0 MB， 已经使用 24844.19 MB， 剩余 57075.81 MB
gen_logits ：总共 81920.0 MB， 已经使用 16186.19 MB， 剩余 65733.81 MB
action_logits ：总共 81920.0 MB， 已经使用 12046.19 MB， 剩余 69873.81 MB
probs ：总共 81920.0 MB， 已经使用 12046.19 MB， 剩余 69873.81 MB
tokenizer：总共 81920.0 MB， 已经使用 12048.19 MB， 剩余 69871.81 MB
outputs：总共 81920.0 MB， 已经使用 20672.19 MB， 剩余 61247.81 MB
action_index：总共 81920.0 MB， 已经使用 20672.19 MB， 剩余 61247.81 MB
logits ：总共 81920.0 MB， 已经使用 24798.19 MB， 剩余 57121.81 MB
gen_logits ：总共 81920.0 MB， 已经使用 16172.19 MB， 剩余 65747.81 MB
action_logits ：总共 81920.0 MB， 已经使用 12046.19 MB， 剩余 69873.81 MB
probs ：总共 81920.0 MB， 已经使用 12046.19 MB， 剩余 69873.81 MB
tokenizer：总共 81920.0 MB， 已经使用 12048.19 MB， 剩余 69871.81 MB
outputs：总共 81920.0 MB， 已经使用 20672.19 MB， 剩余 61247.81 MB
action_index：总共 81920.0 MB， 已经使用 20672.19 MB， 剩余 61247.81 MB
logits ：总共 81920.0 MB， 已经使用 24798.19 MB， 剩余 57121.81 MB
gen_logits ：总共 81920.0 MB， 已经使用 16172.19 MB， 剩余 65747.81 MB
action_logits ：总共 81920.0 MB， 已经使用 12046.19 MB， 剩余 69873.81 MB
probs ：总共 81920.0 MB， 已经使用 12046.19 MB， 剩余 69873.81 MB
tokenizer：总共 81920.0 MB， 已经使用 12048.19 MB， 剩余 69871.81 MB
outputs：总共 81920.0 MB， 已经使用 20742.19 MB， 剩余 61177.81 MB
action_index：总共 81920.0 MB， 已经使用 20742.19 MB， 剩余 61177.81 MB
logits ：总共 81920.0 MB， 已经使用 24896.19 MB， 剩余 57023.81 MB
gen_logits ：总共 81920.0 MB， 已经使用 16200.19 MB， 剩余 65719.81 MB
action_logits ：总共 81920.0 MB， 已经使用 12046.19 MB， 剩余 69873.81 MB
probs ：总共 81920.0 MB， 已经使用 12046.19 MB， 剩余 69873.81 MB
tokenizer：总共 81920.0 MB， 已经使用 12048.19 MB， 剩余 69871.81 MB
outputs：总共 81920.0 MB， 已经使用 20796.19 MB， 剩余 61123.81 MB
action_index：总共 81920.0 MB， 已经使用 20796.19 MB， 剩余 61123.81 MB
logits ：总共 81920.0 MB， 已经使用 24906.19 MB， 剩余 57013.81 MB
gen_logits ：总共 81920.0 MB， 已经使用 16156.19 MB， 剩余 65763.81 MB
action_logits ：总共 81920.0 MB， 已经使用 12046.19 MB， 剩余 69873.81 MB
probs ：总共 81920.0 MB， 已经使用 12046.19 MB， 剩余 69873.81 MB
tokenizer：总共 81920.0 MB， 已经使用 12048.19 MB， 剩余 69871.81 MB
outputs：总共 81920.0 MB， 已经使用 20704.19 MB， 剩余 61215.81 MB
action_index：总共 81920.0 MB， 已经使用 20704.19 MB， 剩余 61215.81 MB
logits ：总共 81920.0 MB， 已经使用 24844.19 MB， 剩余 57075.81 MB
gen_logits ：总共 81920.0 MB， 已经使用 16186.19 MB， 剩余 65733.81 MB
action_logits ：总共 81920.0 MB， 已经使用 12046.19 MB， 剩余 69873.81 MB
probs ：总共 81920.0 MB， 已经使用 12046.19 MB， 剩余 69873.81 MB
tokenizer：总共 81920.0 MB， 已经使用 12048.19 MB， 剩余 69871.81 MB
outputs：总共 81920.0 MB， 已经使用 20514.19 MB， 剩余 61405.81 MB
action_index：总共 81920.0 MB， 已经使用 20514.19 MB， 剩余 61405.81 MB
logits ：总共 81920.0 MB， 已经使用 24596.19 MB， 剩余 57323.81 MB
gen_logits ：总共 81920.0 MB， 已经使用 16128.19 MB， 剩余 65791.81 MB
action_logits ：总共 81920.0 MB， 已经使用 12046.19 MB， 剩余 69873.81 MB
probs ：总共 81920.0 MB， 已经使用 12046.19 MB， 剩余 69873.81 MB
tokenizer：总共 81920.0 MB， 已经使用 12048.19 MB， 剩余 69871.81 MB
outputs：总共 81920.0 MB， 已经使用 20672.19 MB， 剩余 61247.81 MB
action_index：总共 81920.0 MB， 已经使用 20672.19 MB， 剩余 61247.81 MB
logits ：总共 81920.0 MB， 已经使用 24798.19 MB， 剩余 57121.81 MB
gen_logits ：总共 81920.0 MB， 已经使用 16172.19 MB， 剩余 65747.81 MB
action_logits ：总共 81920.0 MB， 已经使用 12046.19 MB， 剩余 69873.81 MB
probs ：总共 81920.0 MB， 已经使用 12046.19 MB， 剩余 69873.81 MB
tokenizer：总共 81920.0 MB， 已经使用 12048.19 MB， 剩余 69871.81 MB
outputs：总共 81920.0 MB， 已经使用 20930.19 MB， 剩余 60989.81 MB
action_index：总共 81920.0 MB， 已经使用 20930.19 MB， 剩余 60989.81 MB
logits ：总共 81920.0 MB， 已经使用 25172.19 MB， 剩余 56747.81 MB
gen_logits ：总共 81920.0 MB， 已经使用 16288.19 MB， 剩余 65631.81 MB
action_logits ：总共 81920.0 MB， 已经使用 12046.19 MB， 剩余 69873.81 MB
probs ：总共 81920.0 MB， 已经使用 12046.19 MB， 剩余 69873.81 MB
tokenizer：总共 81920.0 MB， 已经使用 12048.19 MB， 剩余 69871.81 MB
outputs：总共 81920.0 MB， 已经使用 21052.19 MB， 剩余 60867.81 MB
action_index：总共 81920.0 MB， 已经使用 21052.19 MB， 剩余 60867.81 MB
logits ：总共 81920.0 MB， 已经使用 25456.19 MB， 剩余 56463.81 MB
gen_logits ：总共 81920.0 MB， 已经使用 16448.19 MB， 剩余 65471.81 MB
action_logits ：总共 81920.0 MB， 已经使用 12044.19 MB， 剩余 69875.81 MB
probs ：总共 81920.0 MB， 已经使用 12044.19 MB， 剩余 69875.81 MB
tokenizer：总共 81920.0 MB， 已经使用 12204.19 MB， 剩余 69715.81 MB
outputs：总共 81920.0 MB， 已经使用 20864.19 MB， 剩余 61055.81 MB
action_index：总共 81920.0 MB， 已经使用 20864.19 MB， 剩余 61055.81 MB
logits ：总共 81920.0 MB， 已经使用 25136.19 MB， 剩余 56783.81 MB
gen_logits ：总共 81920.0 MB， 已经使用 16474.19 MB， 剩余 65445.81 MB
action_logits ：总共 81920.0 MB， 已经使用 12202.19 MB， 剩余 69717.81 MB
probs ：总共 81920.0 MB， 已经使用 12202.19 MB， 剩余 69717.81 MB
tokenizer：总共 81920.0 MB， 已经使用 12206.19 MB， 剩余 69713.81 MB
outputs：总共 81920.0 MB， 已经使用 20866.19 MB， 剩余 61053.81 MB
action_index：总共 81920.0 MB， 已经使用 20866.19 MB， 剩余 61053.81 MB
logits ：总共 81920.0 MB， 已经使用 25138.19 MB， 剩余 56781.81 MB
gen_logits ：总共 81920.0 MB， 已经使用 16474.19 MB， 剩余 65445.81 MB
action_logits ：总共 81920.0 MB， 已经使用 12202.19 MB， 剩余 69717.81 MB
probs ：总共 81920.0 MB， 已经使用 12202.19 MB， 剩余 69717.81 MB
tokenizer：总共 81920.0 MB， 已经使用 12204.19 MB， 剩余 69715.81 MB
outputs：总共 81920.0 MB， 已经使用 20864.19 MB， 剩余 61055.81 MB
action_index：总共 81920.0 MB， 已经使用 20864.19 MB， 剩余 61055.81 MB
logits ：总共 81920.0 MB， 已经使用 25136.19 MB， 剩余 56783.81 MB
gen_logits ：总共 81920.0 MB， 已经使用 16474.19 MB， 剩余 65445.81 MB
action_logits ：总共 81920.0 MB， 已经使用 12202.19 MB， 剩余 69717.81 MB
probs ：总共 81920.0 MB， 已经使用 12202.19 MB， 剩余 69717.81 MB
tokenizer：总共 81920.0 MB， 已经使用 12206.19 MB， 剩余 69713.81 MB
outputs：总共 81920.0 MB， 已经使用 21150.19 MB， 剩余 60769.81 MB
action_index：总共 81920.0 MB， 已经使用 21150.19 MB， 剩余 60769.81 MB
logits ：总共 81920.0 MB， 已经使用 25554.19 MB， 剩余 56365.81 MB
gen_logits ：总共 81920.0 MB， 已经使用 16450.19 MB， 剩余 65469.81 MB
action_logits ：总共 81920.0 MB， 已经使用 12046.19 MB， 剩余 69873.81 MB
probs ：总共 81920.0 MB， 已经使用 12046.19 MB， 剩余 69873.81 MB
tokenizer：总共 81920.0 MB， 已经使用 12206.19 MB， 剩余 69713.81 MB
outputs：总共 81920.0 MB， 已经使用 20866.19 MB， 剩余 61053.81 MB
action_index：总共 81920.0 MB， 已经使用 20866.19 MB， 剩余 61053.81 MB
logits ：总共 81920.0 MB， 已经使用 25138.19 MB， 剩余 56781.81 MB
gen_logits ：总共 81920.0 MB， 已经使用 16474.19 MB， 剩余 65445.81 MB
action_logits ：总共 81920.0 MB， 已经使用 12202.19 MB， 剩余 69717.81 MB
probs ：总共 81920.0 MB， 已经使用 12202.19 MB， 剩余 69717.81 MB
tokenizer：总共 81920.0 MB， 已经使用 12204.19 MB， 剩余 69715.81 MB
outputs：总共 81920.0 MB， 已经使用 20768.19 MB， 剩余 61151.81 MB
action_index：总共 81920.0 MB， 已经使用 20768.19 MB， 剩余 61151.81 MB
logits ：总共 81920.0 MB， 已经使用 24996.19 MB， 剩余 56923.81 MB
gen_logits ：总共 81920.0 MB， 已经使用 16274.19 MB， 剩余 65645.81 MB
action_logits ：总共 81920.0 MB， 已经使用 12046.19 MB， 剩余 69873.81 MB
probs ：总共 81920.0 MB， 已经使用 12046.19 MB， 剩余 69873.81 MB
tokenizer：总共 81920.0 MB， 已经使用 12050.19 MB， 剩余 69869.81 MB
outputs：总共 81920.0 MB， 已经使用 21070.19 MB， 剩余 60849.81 MB
action_index：总共 81920.0 MB， 已经使用 21070.19 MB， 剩余 60849.81 MB
logits ：总共 81920.0 MB， 已经使用 25372.19 MB， 剩余 56547.81 MB
gen_logits ：总共 81920.0 MB， 已经使用 16506.19 MB， 剩余 65413.81 MB
action_logits ：总共 81920.0 MB， 已经使用 12204.19 MB， 剩余 69715.81 MB
probs ：总共 81920.0 MB， 已经使用 12204.19 MB， 剩余 69715.81 MB
tokenizer：总共 81920.0 MB， 已经使用 12206.19 MB， 剩余 69713.81 MB
outputs：总共 81920.0 MB， 已经使用 20824.19 MB， 剩余 61095.81 MB
action_index：总共 81920.0 MB， 已经使用 20824.19 MB， 剩余 61095.81 MB
logits ：总共 81920.0 MB， 已经使用 25082.19 MB， 剩余 56837.81 MB
gen_logits ：总共 81920.0 MB， 已经使用 16304.19 MB， 剩余 65615.81 MB
action_logits ：总共 81920.0 MB， 已经使用 12046.19 MB， 剩余 69873.81 MB
probs ：总共 81920.0 MB， 已经使用 12046.19 MB， 剩余 69873.81 MB
tokenizer：总共 81920.0 MB， 已经使用 12048.19 MB， 剩余 69871.81 MB
outputs：总共 81920.0 MB， 已经使用 21018.19 MB， 剩余 60901.81 MB
action_index：总共 81920.0 MB， 已经使用 21018.19 MB， 剩余 60901.81 MB
logits ：总共 81920.0 MB， 已经使用 25408.19 MB， 剩余 56511.81 MB
gen_logits ：总共 81920.0 MB， 已经使用 16436.19 MB， 剩余 65483.81 MB
action_logits ：总共 81920.0 MB， 已经使用 12046.19 MB， 剩余 69873.81 MB
probs ：总共 81920.0 MB， 已经使用 12046.19 MB， 剩余 69873.81 MB
tokenizer：总共 81920.0 MB， 已经使用 12204.19 MB， 剩余 69715.81 MB
outputs：总共 81920.0 MB， 已经使用 20822.19 MB， 剩余 61097.81 MB
action_index：总共 81920.0 MB， 已经使用 20822.19 MB， 剩余 61097.81 MB
logits ：总共 81920.0 MB， 已经使用 25080.19 MB， 剩余 56839.81 MB
gen_logits ：总共 81920.0 MB， 已经使用 16460.19 MB， 剩余 65459.81 MB
action_logits ：总共 81920.0 MB， 已经使用 12202.19 MB， 剩余 69717.81 MB
probs ：总共 81920.0 MB， 已经使用 12202.19 MB， 剩余 69717.81 MB
tokenizer：总共 81920.0 MB， 已经使用 12204.19 MB， 剩余 69715.81 MB
outputs：总共 81920.0 MB， 已经使用 21202.19 MB， 剩余 60717.81 MB
action_index：总共 81920.0 MB， 已经使用 21202.19 MB， 剩余 60717.81 MB
logits ：总共 81920.0 MB， 已经使用 25636.19 MB， 剩余 56283.81 MB
gen_logits ：总共 81920.0 MB， 已经使用 16480.19 MB， 剩余 65439.81 MB
action_logits ：总共 81920.0 MB， 已经使用 12046.19 MB， 剩余 69873.81 MB
probs ：总共 81920.0 MB， 已经使用 12046.19 MB， 剩余 69873.81 MB
tokenizer：总共 81920.0 MB， 已经使用 12208.19 MB， 剩余 69711.81 MB
outputs：总共 81920.0 MB， 已经使用 20932.19 MB， 剩余 60987.81 MB
action_index：总共 81920.0 MB， 已经使用 20932.19 MB， 剩余 60987.81 MB
logits ：总共 81920.0 MB， 已经使用 25234.19 MB， 剩余 56685.81 MB
gen_logits ：总共 81920.0 MB， 已经使用 16506.19 MB， 剩余 65413.81 MB
action_logits ：总共 81920.0 MB， 已经使用 12204.19 MB， 剩余 69715.81 MB
probs ：总共 81920.0 MB， 已经使用 12204.19 MB， 剩余 69715.81 MB
tokenizer：总共 81920.0 MB， 已经使用 12208.19 MB， 剩余 69711.81 MB
outputs：总共 81920.0 MB， 已经使用 21402.19 MB， 剩余 60517.81 MB
action_index：总共 81920.0 MB， 已经使用 21402.19 MB， 剩余 60517.81 MB
logits ：总共 81920.0 MB， 已经使用 25924.19 MB， 剩余 55995.81 MB
gen_logits ：总共 81920.0 MB， 已经使用 16568.19 MB， 剩余 65351.81 MB
action_logits ：总共 81920.0 MB， 已经使用 12046.19 MB， 剩余 69873.81 MB
probs ：总共 81920.0 MB， 已经使用 12046.19 MB， 剩余 69873.81 MB
tokenizer：总共 81920.0 MB， 已经使用 12210.19 MB， 剩余 69709.81 MB
outputs：总共 81920.0 MB， 已经使用 16004.19 MB， 剩余 65915.81 MB
action_index：总共 81920.0 MB， 已经使用 16004.19 MB， 剩余 65915.81 MB
logits ：总共 81920.0 MB， 已经使用 18134.19 MB， 剩余 63785.81 MB
gen_logits ：总共 81920.0 MB， 已经使用 14176.19 MB， 剩余 67743.81 MB
action_logits ：总共 81920.0 MB， 已经使用 12046.19 MB， 剩余 69873.81 MB
probs ：总共 81920.0 MB， 已经使用 12046.19 MB， 剩余 69873.81 MB
tokenizer：总共 81920.0 MB， 已经使用 12046.19 MB， 剩余 69873.81 MB
outputs：总共 81920.0 MB， 已经使用 21590.19 MB， 剩余 60329.81 MB
action_index：总共 81920.0 MB， 已经使用 21590.19 MB， 剩余 60329.81 MB
logits ：总共 81920.0 MB， 已经使用 26126.19 MB， 剩余 55793.81 MB
gen_logits ：总共 81920.0 MB， 已经使用 16582.19 MB， 剩余 65337.81 MB
action_logits ：总共 81920.0 MB， 已经使用 12046.19 MB， 剩余 69873.81 MB
probs ：总共 81920.0 MB， 已经使用 12046.19 MB， 剩余 69873.81 MB
tokenizer：总共 81920.0 MB， 已经使用 12208.19 MB， 剩余 69711.81 MB
outputs：总共 81920.0 MB， 已经使用 21206.19 MB， 剩余 60713.81 MB
action_index：总共 81920.0 MB， 已经使用 21206.19 MB， 剩余 60713.81 MB
logits ：总共 81920.0 MB， 已经使用 25640.19 MB， 剩余 56279.81 MB
gen_logits ：总共 81920.0 MB， 已经使用 16480.19 MB， 剩余 65439.81 MB
action_logits ：总共 81920.0 MB， 已经使用 12046.19 MB， 剩余 69873.81 MB
probs ：总共 81920.0 MB， 已经使用 12046.19 MB， 剩余 69873.81 MB
tokenizer：总共 81920.0 MB， 已经使用 12206.19 MB， 剩余 69713.81 MB
outputs：总共 81920.0 MB， 已经使用 21116.19 MB， 剩余 60803.81 MB
action_index：总共 81920.0 MB， 已经使用 21116.19 MB， 剩余 60803.81 MB
logits ：总共 81920.0 MB， 已经使用 25506.19 MB， 剩余 56413.81 MB
gen_logits ：总共 81920.0 MB， 已经使用 16436.19 MB， 剩余 65483.81 MB
action_logits ：总共 81920.0 MB， 已经使用 12046.19 MB， 剩余 69873.81 MB
probs ：总共 81920.0 MB， 已经使用 12046.19 MB， 剩余 69873.81 MB
tokenizer：总共 81920.0 MB， 已经使用 12204.19 MB， 剩余 69715.81 MB
outputs：总共 81920.0 MB， 已经使用 20892.19 MB， 剩余 61027.81 MB
action_index：总共 81920.0 MB， 已经使用 20892.19 MB， 剩余 61027.81 MB
logits ：总共 81920.0 MB， 已经使用 25178.19 MB， 剩余 56741.81 MB
gen_logits ：总共 81920.0 MB， 已经使用 16332.19 MB， 剩余 65587.81 MB
action_logits ：总共 81920.0 MB， 已经使用 12046.19 MB， 剩余 69873.81 MB
probs ：总共 81920.0 MB， 已经使用 12046.19 MB， 剩余 69873.81 MB
tokenizer：总共 81920.0 MB， 已经使用 12050.19 MB， 剩余 69869.81 MB
outputs：总共 81920.0 MB， 已经使用 20674.19 MB， 剩余 61245.81 MB
action_index：总共 81920.0 MB， 已经使用 20674.19 MB， 剩余 61245.81 MB
logits ：总共 81920.0 MB， 已经使用 24800.19 MB， 剩余 57119.81 MB
gen_logits ：总共 81920.0 MB， 已经使用 16172.19 MB， 剩余 65747.81 MB
action_logits ：总共 81920.0 MB， 已经使用 12046.19 MB， 剩余 69873.81 MB
probs ：总共 81920.0 MB， 已经使用 12046.19 MB， 剩余 69873.81 MB
tokenizer：总共 81920.0 MB， 已经使用 12048.19 MB， 剩余 69871.81 MB
outputs：总共 81920.0 MB， 已经使用 21002.19 MB， 剩余 60917.81 MB
action_index：总共 81920.0 MB， 已经使用 21002.19 MB， 剩余 60917.81 MB
logits ：总共 81920.0 MB， 已经使用 25274.19 MB， 剩余 56645.81 MB
gen_logits ：总共 81920.0 MB， 已经使用 16318.19 MB， 剩余 65601.81 MB
action_logits ：总共 81920.0 MB， 已经使用 12046.19 MB， 剩余 69873.81 MB
probs ：总共 81920.0 MB， 已经使用 12046.19 MB， 剩余 69873.81 MB
tokenizer：总共 81920.0 MB， 已经使用 12048.19 MB， 剩余 69871.81 MB
outputs：总共 81920.0 MB， 已经使用 19862.19 MB， 剩余 62057.81 MB
action_index：总共 81920.0 MB， 已经使用 19862.19 MB， 剩余 62057.81 MB
logits ：总共 81920.0 MB， 已经使用 23708.19 MB， 剩余 58211.81 MB
gen_logits ：总共 81920.0 MB， 已经使用 16016.19 MB， 剩余 65903.81 MB
action_logits ：总共 81920.0 MB， 已经使用 12170.19 MB， 剩余 69749.81 MB
probs ：总共 81920.0 MB， 已经使用 12170.19 MB， 剩余 69749.81 MB
tokenizer：总共 81920.0 MB， 已经使用 12174.19 MB， 剩余 69745.81 MB
outputs：总共 81920.0 MB， 已经使用 20308.19 MB， 剩余 61611.81 MB
action_index：总共 81920.0 MB， 已经使用 20308.19 MB， 剩余 61611.81 MB
logits ：总共 81920.0 MB， 已经使用 24258.19 MB， 剩余 57661.81 MB
gen_logits ：总共 81920.0 MB， 已经使用 15994.19 MB， 剩余 65925.81 MB
action_logits ：总共 81920.0 MB， 已经使用 12044.19 MB， 剩余 69875.81 MB
probs ：总共 81920.0 MB， 已经使用 12044.19 MB， 剩余 69875.81 MB
tokenizer：总共 81920.0 MB， 已经使用 12048.19 MB， 剩余 69871.81 MB
outputs：总共 81920.0 MB， 已经使用 20312.19 MB， 剩余 61607.81 MB
action_index：总共 81920.0 MB， 已经使用 20312.19 MB， 剩余 61607.81 MB
logits ：总共 81920.0 MB， 已经使用 24306.19 MB， 剩余 57613.81 MB
gen_logits ：总共 81920.0 MB， 已经使用 16040.19 MB， 剩余 65879.81 MB
action_logits ：总共 81920.0 MB， 已经使用 12046.19 MB， 剩余 69873.81 MB
probs ：总共 81920.0 MB， 已经使用 12046.19 MB， 剩余 69873.81 MB
tokenizer：总共 81920.0 MB， 已经使用 12048.19 MB， 剩余 69871.81 MB
outputs：总共 81920.0 MB， 已经使用 19648.19 MB， 剩余 62271.81 MB
action_index：总共 81920.0 MB， 已经使用 19648.19 MB， 剩余 62271.81 MB
logits ：总共 81920.0 MB， 已经使用 23450.19 MB， 剩余 58469.81 MB
gen_logits ：总共 81920.0 MB， 已经使用 15848.19 MB， 剩余 66071.81 MB
action_logits ：总共 81920.0 MB， 已经使用 12046.19 MB， 剩余 69873.81 MB
probs ：总共 81920.0 MB， 已经使用 12046.19 MB， 剩余 69873.81 MB
tokenizer：总共 81920.0 MB， 已经使用 12048.19 MB， 剩余 69871.81 MB
outputs：总共 81920.0 MB， 已经使用 19838.19 MB， 剩余 62081.81 MB
action_index：总共 81920.0 MB， 已经使用 19838.19 MB， 剩余 62081.81 MB
logits ：总共 81920.0 MB， 已经使用 23670.19 MB， 剩余 58249.81 MB
gen_logits ：总共 81920.0 MB， 已经使用 16002.19 MB， 剩余 65917.81 MB
action_logits ：总共 81920.0 MB， 已经使用 12170.19 MB， 剩余 69749.81 MB
probs ：总共 81920.0 MB， 已经使用 12170.19 MB， 剩余 69749.81 MB
tokenizer：总共 81920.0 MB， 已经使用 12174.19 MB， 剩余 69745.81 MB
outputs：总共 81920.0 MB， 已经使用 19652.19 MB， 剩余 62267.81 MB
action_index：总共 81920.0 MB， 已经使用 19652.19 MB， 剩余 62267.81 MB
logits ：总共 81920.0 MB， 已经使用 23454.19 MB， 剩余 58465.81 MB
gen_logits ：总共 81920.0 MB， 已经使用 15970.19 MB， 剩余 65949.81 MB
action_logits ：总共 81920.0 MB， 已经使用 12168.19 MB， 剩余 69751.81 MB
probs ：总共 81920.0 MB， 已经使用 12168.19 MB， 剩余 69751.81 MB
tokenizer：总共 81920.0 MB， 已经使用 12172.19 MB， 剩余 69747.81 MB
outputs：总共 81920.0 MB， 已经使用 20084.19 MB， 剩余 61835.81 MB
action_index：总共 81920.0 MB， 已经使用 20084.19 MB， 剩余 61835.81 MB
logits ：总共 81920.0 MB， 已经使用 24034.19 MB， 剩余 57885.81 MB
gen_logits ：总共 81920.0 MB， 已经使用 15996.19 MB， 剩余 65923.81 MB
action_logits ：总共 81920.0 MB， 已经使用 12046.19 MB， 剩余 69873.81 MB
probs ：总共 81920.0 MB， 已经使用 12046.19 MB， 剩余 69873.81 MB
tokenizer：总共 81920.0 MB， 已经使用 12048.19 MB， 剩余 69871.81 MB
outputs：总共 81920.0 MB， 已经使用 19648.19 MB， 剩余 62271.81 MB
action_index：总共 81920.0 MB， 已经使用 19648.19 MB， 剩余 62271.81 MB
logits ：总共 81920.0 MB， 已经使用 23450.19 MB， 剩余 58469.81 MB
gen_logits ：总共 81920.0 MB， 已经使用 15848.19 MB， 剩余 66071.81 MB
action_logits ：总共 81920.0 MB， 已经使用 12046.19 MB， 剩余 69873.81 MB
probs ：总共 81920.0 MB， 已经使用 12046.19 MB， 剩余 69873.81 MB
tokenizer：总共 81920.0 MB， 已经使用 12046.19 MB， 剩余 69873.81 MB
outputs：总共 81920.0 MB， 已经使用 20312.19 MB， 剩余 61607.81 MB
action_index：总共 81920.0 MB， 已经使用 20312.19 MB， 剩余 61607.81 MB
logits ：总共 81920.0 MB， 已经使用 24306.19 MB， 剩余 57613.81 MB
gen_logits ：总共 81920.0 MB， 已经使用 16040.19 MB， 剩余 65879.81 MB
action_logits ：总共 81920.0 MB， 已经使用 12046.19 MB， 剩余 69873.81 MB
probs ：总共 81920.0 MB， 已经使用 12046.19 MB， 剩余 69873.81 MB
tokenizer：总共 81920.0 MB， 已经使用 12048.19 MB， 剩余 69871.81 MB
outputs：总共 81920.0 MB， 已经使用 21150.19 MB， 剩余 60769.81 MB
action_index：总共 81920.0 MB， 已经使用 21150.19 MB， 剩余 60769.81 MB
logits ：总共 81920.0 MB， 已经使用 25598.19 MB， 剩余 56321.81 MB
gen_logits ：总共 81920.0 MB， 已经使用 16494.19 MB， 剩余 65425.81 MB
action_logits ：总共 81920.0 MB， 已经使用 12046.19 MB， 剩余 69873.81 MB
probs ：总共 81920.0 MB， 已经使用 12046.19 MB， 剩余 69873.81 MB
tokenizer：总共 81920.0 MB， 已经使用 12208.19 MB， 剩余 69711.81 MB
outputs：总共 81920.0 MB， 已经使用 21152.19 MB， 剩余 60767.81 MB
action_index：总共 81920.0 MB， 已经使用 21152.19 MB， 剩余 60767.81 MB
logits ：总共 81920.0 MB， 已经使用 25556.19 MB， 剩余 56363.81 MB
gen_logits ：总共 81920.0 MB， 已经使用 16450.19 MB， 剩余 65469.81 MB
action_logits ：总共 81920.0 MB， 已经使用 12046.19 MB， 剩余 69873.81 MB
probs ：总共 81920.0 MB， 已经使用 12046.19 MB， 剩余 69873.81 MB
tokenizer：总共 81920.0 MB， 已经使用 12206.19 MB， 剩余 69713.81 MB
outputs：总共 81920.0 MB， 已经使用 19896.19 MB， 剩余 62023.81 MB
action_index：总共 81920.0 MB， 已经使用 19896.19 MB， 剩余 62023.81 MB
logits ：总共 81920.0 MB， 已经使用 23742.19 MB， 剩余 58177.81 MB
gen_logits ：总共 81920.0 MB， 已经使用 15892.19 MB， 剩余 66027.81 MB
action_logits ：总共 81920.0 MB， 已经使用 12046.19 MB， 剩余 69873.81 MB
probs ：总共 81920.0 MB， 已经使用 12046.19 MB， 剩余 69873.81 MB
tokenizer：总共 81920.0 MB， 已经使用 12046.19 MB， 剩余 69873.81 MB
outputs：总共 81920.0 MB， 已经使用 20312.19 MB， 剩余 61607.81 MB
action_index：总共 81920.0 MB， 已经使用 20312.19 MB， 剩余 61607.81 MB
logits ：总共 81920.0 MB， 已经使用 24306.19 MB， 剩余 57613.81 MB
gen_logits ：总共 81920.0 MB， 已经使用 16040.19 MB， 剩余 65879.81 MB
action_logits ：总共 81920.0 MB， 已经使用 12046.19 MB， 剩余 69873.81 MB
probs ：总共 81920.0 MB， 已经使用 12046.19 MB， 剩余 69873.81 MB
tokenizer：总共 81920.0 MB， 已经使用 12048.19 MB， 剩余 69871.81 MB
outputs：总共 81920.0 MB， 已经使用 20312.19 MB， 剩余 61607.81 MB
action_index：总共 81920.0 MB， 已经使用 20312.19 MB， 剩余 61607.81 MB
logits ：总共 81920.0 MB， 已经使用 24306.19 MB， 剩余 57613.81 MB
gen_logits ：总共 81920.0 MB， 已经使用 16040.19 MB， 剩余 65879.81 MB
action_logits ：总共 81920.0 MB， 已经使用 12046.19 MB， 剩余 69873.81 MB
probs ：总共 81920.0 MB， 已经使用 12046.19 MB， 剩余 69873.81 MB
tokenizer：总共 81920.0 MB， 已经使用 12048.19 MB， 剩余 69871.81 MB
outputs：总共 81920.0 MB， 已经使用 20796.19 MB， 剩余 61123.81 MB
action_index：总共 81920.0 MB， 已经使用 20796.19 MB， 剩余 61123.81 MB
logits ：总共 81920.0 MB， 已经使用 24906.19 MB， 剩余 57013.81 MB
gen_logits ：总共 81920.0 MB， 已经使用 16154.19 MB， 剩余 65765.81 MB
action_logits ：总共 81920.0 MB， 已经使用 12044.19 MB， 剩余 69875.81 MB
probs ：总共 81920.0 MB， 已经使用 12044.19 MB， 剩余 69875.81 MB
tokenizer：总共 81920.0 MB， 已经使用 12048.19 MB， 剩余 69871.81 MB
outputs：总共 81920.0 MB， 已经使用 20312.19 MB， 剩余 61607.81 MB
action_index：总共 81920.0 MB， 已经使用 20312.19 MB， 剩余 61607.81 MB
logits ：总共 81920.0 MB， 已经使用 24306.19 MB， 剩余 57613.81 MB
gen_logits ：总共 81920.0 MB， 已经使用 16040.19 MB， 剩余 65879.81 MB
action_logits ：总共 81920.0 MB， 已经使用 12046.19 MB， 剩余 69873.81 MB
probs ：总共 81920.0 MB， 已经使用 12046.19 MB， 剩余 69873.81 MB
tokenizer：总共 81920.0 MB， 已经使用 12048.19 MB， 剩余 69871.81 MB
outputs：总共 81920.0 MB， 已经使用 20672.19 MB， 剩余 61247.81 MB
action_index：总共 81920.0 MB， 已经使用 20672.19 MB， 剩余 61247.81 MB
logits ：总共 81920.0 MB， 已经使用 24798.19 MB， 剩余 57121.81 MB
gen_logits ：总共 81920.0 MB， 已经使用 16172.19 MB， 剩余 65747.81 MB
action_logits ：总共 81920.0 MB， 已经使用 12046.19 MB， 剩余 69873.81 MB
probs ：总共 81920.0 MB， 已经使用 12046.19 MB， 剩余 69873.81 MB
tokenizer：总共 81920.0 MB， 已经使用 12048.19 MB， 剩余 69871.81 MB
outputs：总共 81920.0 MB， 已经使用 20796.19 MB， 剩余 61123.81 MB
action_index：总共 81920.0 MB， 已经使用 20796.19 MB， 剩余 61123.81 MB
logits ：总共 81920.0 MB， 已经使用 24906.19 MB， 剩余 57013.81 MB
gen_logits ：总共 81920.0 MB， 已经使用 16156.19 MB， 剩余 65763.81 MB
action_logits ：总共 81920.0 MB， 已经使用 12046.19 MB， 剩余 69873.81 MB
probs ：总共 81920.0 MB， 已经使用 12046.19 MB， 剩余 69873.81 MB
tokenizer：总共 81920.0 MB， 已经使用 12048.19 MB， 剩余 69871.81 MB
outputs：总共 81920.0 MB， 已经使用 20796.19 MB， 剩余 61123.81 MB
action_index：总共 81920.0 MB， 已经使用 20796.19 MB， 剩余 61123.81 MB
logits ：总共 81920.0 MB， 已经使用 24906.19 MB， 剩余 57013.81 MB
gen_logits ：总共 81920.0 MB， 已经使用 16156.19 MB， 剩余 65763.81 MB
action_logits ：总共 81920.0 MB， 已经使用 12046.19 MB， 剩余 69873.81 MB
probs ：总共 81920.0 MB， 已经使用 12046.19 MB， 剩余 69873.81 MB
tokenizer：总共 81920.0 MB， 已经使用 12048.19 MB， 剩余 69871.81 MB
outputs：总共 81920.0 MB， 已经使用 15962.19 MB， 剩余 65957.81 MB
action_index：总共 81920.0 MB， 已经使用 15962.19 MB， 剩余 65957.81 MB
logits ：总共 81920.0 MB， 已经使用 18092.19 MB， 剩余 63827.81 MB
gen_logits ：总共 81920.0 MB， 已经使用 14174.19 MB， 剩余 67745.81 MB
action_logits ：总共 81920.0 MB， 已经使用 12044.19 MB， 剩余 69875.81 MB
probs ：总共 81920.0 MB， 已经使用 12044.19 MB， 剩余 69875.81 MB
tokenizer：总共 81920.0 MB， 已经使用 12044.19 MB， 剩余 69875.81 MB
outputs：总共 81920.0 MB， 已经使用 20672.19 MB， 剩余 61247.81 MB
action_index：总共 81920.0 MB， 已经使用 20672.19 MB， 剩余 61247.81 MB
logits ：总共 81920.0 MB， 已经使用 24798.19 MB， 剩余 57121.81 MB
gen_logits ：总共 81920.0 MB， 已经使用 16172.19 MB， 剩余 65747.81 MB
action_logits ：总共 81920.0 MB， 已经使用 12046.19 MB， 剩余 69873.81 MB
probs ：总共 81920.0 MB， 已经使用 12046.19 MB， 剩余 69873.81 MB
tokenizer：总共 81920.0 MB， 已经使用 12048.19 MB， 剩余 69871.81 MB
outputs：总共 81920.0 MB， 已经使用 20672.19 MB， 剩余 61247.81 MB
action_index：总共 81920.0 MB， 已经使用 20672.19 MB， 剩余 61247.81 MB
logits ：总共 81920.0 MB， 已经使用 24798.19 MB， 剩余 57121.81 MB
gen_logits ：总共 81920.0 MB， 已经使用 16172.19 MB， 剩余 65747.81 MB
action_logits ：总共 81920.0 MB， 已经使用 12046.19 MB， 剩余 69873.81 MB
probs ：总共 81920.0 MB， 已经使用 12046.19 MB， 剩余 69873.81 MB
tokenizer：总共 81920.0 MB， 已经使用 12048.19 MB， 剩余 69871.81 MB
outputs：总共 81920.0 MB， 已经使用 20566.19 MB， 剩余 61353.81 MB
action_index：总共 81920.0 MB， 已经使用 20566.19 MB， 剩余 61353.81 MB
logits ：总共 81920.0 MB， 已经使用 24676.19 MB， 剩余 57243.81 MB
gen_logits ：总共 81920.0 MB， 已经使用 16156.19 MB， 剩余 65763.81 MB
action_logits ：总共 81920.0 MB， 已经使用 12046.19 MB， 剩余 69873.81 MB
probs ：总共 81920.0 MB， 已经使用 12046.19 MB， 剩余 69873.81 MB
tokenizer：总共 81920.0 MB， 已经使用 12048.19 MB， 剩余 69871.81 MB
outputs：总共 81920.0 MB， 已经使用 20514.19 MB， 剩余 61405.81 MB
action_index：总共 81920.0 MB， 已经使用 20514.19 MB， 剩余 61405.81 MB
logits ：总共 81920.0 MB， 已经使用 24596.19 MB， 剩余 57323.81 MB
gen_logits ：总共 81920.0 MB， 已经使用 16128.19 MB， 剩余 65791.81 MB
action_logits ：总共 81920.0 MB， 已经使用 12046.19 MB， 剩余 69873.81 MB
probs ：总共 81920.0 MB， 已经使用 12046.19 MB， 剩余 69873.81 MB
tokenizer：总共 81920.0 MB， 已经使用 12048.19 MB， 剩余 69871.81 MB
outputs：总共 81920.0 MB， 已经使用 20704.19 MB， 剩余 61215.81 MB
action_index：总共 81920.0 MB， 已经使用 20704.19 MB， 剩余 61215.81 MB
logits ：总共 81920.0 MB， 已经使用 24844.19 MB， 剩余 57075.81 MB
gen_logits ：总共 81920.0 MB， 已经使用 16186.19 MB， 剩余 65733.81 MB
action_logits ：总共 81920.0 MB， 已经使用 12046.19 MB， 剩余 69873.81 MB
probs ：总共 81920.0 MB， 已经使用 12046.19 MB， 剩余 69873.81 MB
tokenizer：总共 81920.0 MB， 已经使用 12048.19 MB， 剩余 69871.81 MB
outputs：总共 81920.0 MB， 已经使用 20540.19 MB， 剩余 61379.81 MB
action_index：总共 81920.0 MB， 已经使用 20540.19 MB， 剩余 61379.81 MB
logits ：总共 81920.0 MB， 已经使用 24636.19 MB， 剩余 57283.81 MB
gen_logits ：总共 81920.0 MB， 已经使用 16140.19 MB， 剩余 65779.81 MB
action_logits ：总共 81920.0 MB， 已经使用 12044.19 MB， 剩余 69875.81 MB
probs ：总共 81920.0 MB， 已经使用 12044.19 MB， 剩余 69875.81 MB
tokenizer：总共 81920.0 MB， 已经使用 12048.19 MB， 剩余 69871.81 MB
outputs：总共 81920.0 MB， 已经使用 20312.19 MB， 剩余 61607.81 MB
action_index：总共 81920.0 MB， 已经使用 20312.19 MB， 剩余 61607.81 MB
logits ：总共 81920.0 MB， 已经使用 24306.19 MB， 剩余 57613.81 MB
gen_logits ：总共 81920.0 MB， 已经使用 16040.19 MB， 剩余 65879.81 MB
action_logits ：总共 81920.0 MB， 已经使用 12046.19 MB， 剩余 69873.81 MB
probs ：总共 81920.0 MB， 已经使用 12046.19 MB， 剩余 69873.81 MB
tokenizer：总共 81920.0 MB， 已经使用 12048.19 MB， 剩余 69871.81 MB
outputs：总共 81920.0 MB， 已经使用 20312.19 MB， 剩余 61607.81 MB
action_index：总共 81920.0 MB， 已经使用 20312.19 MB， 剩余 61607.81 MB
logits ：总共 81920.0 MB， 已经使用 24306.19 MB， 剩余 57613.81 MB
gen_logits ：总共 81920.0 MB， 已经使用 16040.19 MB， 剩余 65879.81 MB
action_logits ：总共 81920.0 MB， 已经使用 12046.19 MB， 剩余 69873.81 MB
probs ：总共 81920.0 MB， 已经使用 12046.19 MB， 剩余 69873.81 MB
tokenizer：总共 81920.0 MB， 已经使用 12048.19 MB， 剩余 69871.81 MB
outputs：总共 81920.0 MB， 已经使用 20284.19 MB， 剩余 61635.81 MB
action_index：总共 81920.0 MB， 已经使用 20284.19 MB， 剩余 61635.81 MB
logits ：总共 81920.0 MB， 已经使用 24262.19 MB， 剩余 57657.81 MB
gen_logits ：总共 81920.0 MB， 已经使用 16024.19 MB， 剩余 65895.81 MB
action_logits ：总共 81920.0 MB， 已经使用 12046.19 MB， 剩余 69873.81 MB
probs ：总共 81920.0 MB， 已经使用 12046.19 MB， 剩余 69873.81 MB
tokenizer：总共 81920.0 MB， 已经使用 12048.19 MB， 剩余 69871.81 MB
outputs：总共 81920.0 MB， 已经使用 20312.19 MB， 剩余 61607.81 MB
action_index：总共 81920.0 MB， 已经使用 20312.19 MB， 剩余 61607.81 MB
logits ：总共 81920.0 MB， 已经使用 24306.19 MB， 剩余 57613.81 MB
gen_logits ：总共 81920.0 MB， 已经使用 16040.19 MB， 剩余 65879.81 MB
action_logits ：总共 81920.0 MB， 已经使用 12046.19 MB， 剩余 69873.81 MB
probs ：总共 81920.0 MB， 已经使用 12046.19 MB， 剩余 69873.81 MB
tokenizer：总共 81920.0 MB， 已经使用 12048.19 MB， 剩余 69871.81 MB
outputs：总共 81920.0 MB， 已经使用 20312.19 MB， 剩余 61607.81 MB
action_index：总共 81920.0 MB， 已经使用 20312.19 MB， 剩余 61607.81 MB
logits ：总共 81920.0 MB， 已经使用 24306.19 MB， 剩余 57613.81 MB
gen_logits ：总共 81920.0 MB， 已经使用 16040.19 MB， 剩余 65879.81 MB
action_logits ：总共 81920.0 MB， 已经使用 12046.19 MB， 剩余 69873.81 MB
probs ：总共 81920.0 MB， 已经使用 12046.19 MB， 剩余 69873.81 MB
tokenizer：总共 81920.0 MB， 已经使用 12048.19 MB， 剩余 69871.81 MB
outputs：总共 81920.0 MB， 已经使用 20378.19 MB， 剩余 61541.81 MB
action_index：总共 81920.0 MB， 已经使用 20378.19 MB， 剩余 61541.81 MB
logits ：总共 81920.0 MB， 已经使用 24400.19 MB， 剩余 57519.81 MB
gen_logits ：总共 81920.0 MB， 已经使用 16068.19 MB， 剩余 65851.81 MB
action_logits ：总共 81920.0 MB， 已经使用 12046.19 MB， 剩余 69873.81 MB
probs ：总共 81920.0 MB， 已经使用 12046.19 MB， 剩余 69873.81 MB
tokenizer：总共 81920.0 MB， 已经使用 12048.19 MB， 剩余 69871.81 MB
outputs：总共 81920.0 MB， 已经使用 20312.19 MB， 剩余 61607.81 MB
action_index：总共 81920.0 MB， 已经使用 20312.19 MB， 剩余 61607.81 MB
logits ：总共 81920.0 MB， 已经使用 24306.19 MB， 剩余 57613.81 MB
gen_logits ：总共 81920.0 MB， 已经使用 16038.19 MB， 剩余 65881.81 MB
action_logits ：总共 81920.0 MB， 已经使用 12044.19 MB， 剩余 69875.81 MB
probs ：总共 81920.0 MB， 已经使用 12044.19 MB， 剩余 69875.81 MB
tokenizer：总共 81920.0 MB， 已经使用 12048.19 MB， 剩余 69871.81 MB
outputs：总共 81920.0 MB， 已经使用 20566.19 MB， 剩余 61353.81 MB
action_index：总共 81920.0 MB， 已经使用 20566.19 MB， 剩余 61353.81 MB
logits ：总共 81920.0 MB， 已经使用 24676.19 MB， 剩余 57243.81 MB
gen_logits ：总共 81920.0 MB， 已经使用 16156.19 MB， 剩余 65763.81 MB
action_logits ：总共 81920.0 MB， 已经使用 12046.19 MB， 剩余 69873.81 MB
probs ：总共 81920.0 MB， 已经使用 12046.19 MB， 剩余 69873.81 MB
tokenizer：总共 81920.0 MB， 已经使用 12048.19 MB， 剩余 69871.81 MB
outputs：总共 81920.0 MB， 已经使用 21032.19 MB， 剩余 60887.81 MB
action_index：总共 81920.0 MB， 已经使用 21032.19 MB， 剩余 60887.81 MB
logits ：总共 81920.0 MB， 已经使用 25318.19 MB， 剩余 56601.81 MB
gen_logits ：总共 81920.0 MB， 已经使用 16332.19 MB， 剩余 65587.81 MB
action_logits ：总共 81920.0 MB， 已经使用 12046.19 MB， 剩余 69873.81 MB
probs ：总共 81920.0 MB， 已经使用 12046.19 MB， 剩余 69873.81 MB
tokenizer：总共 81920.0 MB， 已经使用 12048.19 MB， 剩余 69871.81 MB
outputs：总共 81920.0 MB， 已经使用 21032.19 MB， 剩余 60887.81 MB
action_index：总共 81920.0 MB， 已经使用 21032.19 MB， 剩余 60887.81 MB
logits ：总共 81920.0 MB， 已经使用 25318.19 MB， 剩余 56601.81 MB
gen_logits ：总共 81920.0 MB， 已经使用 16332.19 MB， 剩余 65587.81 MB
action_logits ：总共 81920.0 MB， 已经使用 12046.19 MB， 剩余 69873.81 MB
probs ：总共 81920.0 MB， 已经使用 12046.19 MB， 剩余 69873.81 MB
tokenizer：总共 81920.0 MB， 已经使用 12048.19 MB， 剩余 69871.81 MB
outputs：总共 81920.0 MB， 已经使用 20672.19 MB， 剩余 61247.81 MB
action_index：总共 81920.0 MB， 已经使用 20672.19 MB， 剩余 61247.81 MB
logits ：总共 81920.0 MB， 已经使用 24798.19 MB， 剩余 57121.81 MB
gen_logits ：总共 81920.0 MB， 已经使用 16172.19 MB， 剩余 65747.81 MB
action_logits ：总共 81920.0 MB， 已经使用 12046.19 MB， 剩余 69873.81 MB
probs ：总共 81920.0 MB， 已经使用 12046.19 MB， 剩余 69873.81 MB
tokenizer：总共 81920.0 MB， 已经使用 12048.19 MB， 剩余 69871.81 MB
outputs：总共 81920.0 MB， 已经使用 20672.19 MB， 剩余 61247.81 MB
action_index：总共 81920.0 MB， 已经使用 20672.19 MB， 剩余 61247.81 MB
logits ：总共 81920.0 MB， 已经使用 24798.19 MB， 剩余 57121.81 MB
gen_logits ：总共 81920.0 MB， 已经使用 16172.19 MB， 剩余 65747.81 MB
action_logits ：总共 81920.0 MB， 已经使用 12046.19 MB， 剩余 69873.81 MB
probs ：总共 81920.0 MB， 已经使用 12046.19 MB， 剩余 69873.81 MB
tokenizer：总共 81920.0 MB， 已经使用 12048.19 MB， 剩余 69871.81 MB
outputs：总共 81920.0 MB， 已经使用 15962.19 MB， 剩余 65957.81 MB
action_index：总共 81920.0 MB， 已经使用 15962.19 MB， 剩余 65957.81 MB
logits ：总共 81920.0 MB， 已经使用 18092.19 MB， 剩余 63827.81 MB
gen_logits ：总共 81920.0 MB， 已经使用 14176.19 MB， 剩余 67743.81 MB
action_logits ：总共 81920.0 MB， 已经使用 12046.19 MB， 剩余 69873.81 MB
probs ：总共 81920.0 MB， 已经使用 12046.19 MB， 剩余 69873.81 MB
tokenizer：总共 81920.0 MB， 已经使用 12046.19 MB， 剩余 69873.81 MB
outputs：总共 81920.0 MB， 已经使用 20670.19 MB， 剩余 61249.81 MB
action_index：总共 81920.0 MB， 已经使用 20670.19 MB， 剩余 61249.81 MB
logits ：总共 81920.0 MB， 已经使用 24796.19 MB， 剩余 57123.81 MB
gen_logits ：总共 81920.0 MB， 已经使用 16170.19 MB， 剩余 65749.81 MB
action_logits ：总共 81920.0 MB， 已经使用 12044.19 MB， 剩余 69875.81 MB
probs ：总共 81920.0 MB， 已经使用 12044.19 MB， 剩余 69875.81 MB
tokenizer：总共 81920.0 MB， 已经使用 12048.19 MB， 剩余 69871.81 MB
outputs：总共 81920.0 MB， 已经使用 20534.19 MB， 剩余 61385.81 MB
action_index：总共 81920.0 MB， 已经使用 20534.19 MB， 剩余 61385.81 MB
logits ：总共 81920.0 MB， 已经使用 24704.19 MB， 剩余 57215.81 MB
gen_logits ：总共 81920.0 MB， 已经使用 16216.19 MB， 剩余 65703.81 MB
action_logits ：总共 81920.0 MB， 已经使用 12046.19 MB， 剩余 69873.81 MB
probs ：总共 81920.0 MB， 已经使用 12046.19 MB， 剩余 69873.81 MB
tokenizer：总共 81920.0 MB， 已经使用 12048.19 MB， 剩余 69871.81 MB
outputs：总共 81920.0 MB， 已经使用 20704.19 MB， 剩余 61215.81 MB
action_index：总共 81920.0 MB， 已经使用 20704.19 MB， 剩余 61215.81 MB
logits ：总共 81920.0 MB， 已经使用 24844.19 MB， 剩余 57075.81 MB
gen_logits ：总共 81920.0 MB， 已经使用 16186.19 MB， 剩余 65733.81 MB
action_logits ：总共 81920.0 MB， 已经使用 12046.19 MB， 剩余 69873.81 MB
probs ：总共 81920.0 MB， 已经使用 12046.19 MB， 剩余 69873.81 MB
tokenizer：总共 81920.0 MB， 已经使用 12048.19 MB， 剩余 69871.81 MB
outputs：总共 81920.0 MB， 已经使用 20672.19 MB， 剩余 61247.81 MB
action_index：总共 81920.0 MB， 已经使用 20672.19 MB， 剩余 61247.81 MB
logits ：总共 81920.0 MB， 已经使用 24798.19 MB， 剩余 57121.81 MB
gen_logits ：总共 81920.0 MB， 已经使用 16172.19 MB， 剩余 65747.81 MB
action_logits ：总共 81920.0 MB， 已经使用 12046.19 MB， 剩余 69873.81 MB
probs ：总共 81920.0 MB， 已经使用 12046.19 MB， 剩余 69873.81 MB
tokenizer：总共 81920.0 MB， 已经使用 12048.19 MB， 剩余 69871.81 MB
outputs：总共 81920.0 MB， 已经使用 20672.19 MB， 剩余 61247.81 MB
action_index：总共 81920.0 MB， 已经使用 20672.19 MB， 剩余 61247.81 MB
logits ：总共 81920.0 MB， 已经使用 24798.19 MB， 剩余 57121.81 MB
gen_logits ：总共 81920.0 MB， 已经使用 16172.19 MB， 剩余 65747.81 MB
action_logits ：总共 81920.0 MB， 已经使用 12046.19 MB， 剩余 69873.81 MB
probs ：总共 81920.0 MB， 已经使用 12046.19 MB， 剩余 69873.81 MB
tokenizer：总共 81920.0 MB， 已经使用 12048.19 MB， 剩余 69871.81 MB
outputs：总共 81920.0 MB， 已经使用 20508.19 MB， 剩余 61411.81 MB
action_index：总共 81920.0 MB， 已经使用 20508.19 MB， 剩余 61411.81 MB
logits ：总共 81920.0 MB， 已经使用 24662.19 MB， 剩余 57257.81 MB
gen_logits ：总共 81920.0 MB， 已经使用 16200.19 MB， 剩余 65719.81 MB
action_logits ：总共 81920.0 MB， 已经使用 12046.19 MB， 剩余 69873.81 MB
probs ：总共 81920.0 MB， 已经使用 12046.19 MB， 剩余 69873.81 MB
tokenizer：总共 81920.0 MB， 已经使用 12048.19 MB， 剩余 69871.81 MB
outputs：总共 81920.0 MB， 已经使用 20672.19 MB， 剩余 61247.81 MB
action_index：总共 81920.0 MB， 已经使用 20672.19 MB， 剩余 61247.81 MB
logits ：总共 81920.0 MB， 已经使用 24798.19 MB， 剩余 57121.81 MB
gen_logits ：总共 81920.0 MB， 已经使用 16172.19 MB， 剩余 65747.81 MB
action_logits ：总共 81920.0 MB， 已经使用 12046.19 MB， 剩余 69873.81 MB
probs ：总共 81920.0 MB， 已经使用 12046.19 MB， 剩余 69873.81 MB
tokenizer：总共 81920.0 MB， 已经使用 12048.19 MB， 剩余 69871.81 MB
outputs：总共 81920.0 MB， 已经使用 21150.19 MB， 剩余 60769.81 MB
action_index：总共 81920.0 MB， 已经使用 21150.19 MB， 剩余 60769.81 MB
logits ：总共 81920.0 MB， 已经使用 25598.19 MB， 剩余 56321.81 MB
gen_logits ：总共 81920.0 MB， 已经使用 16494.19 MB， 剩余 65425.81 MB
action_logits ：总共 81920.0 MB， 已经使用 12046.19 MB， 剩余 69873.81 MB
probs ：总共 81920.0 MB， 已经使用 12046.19 MB， 剩余 69873.81 MB
tokenizer：总共 81920.0 MB， 已经使用 12206.19 MB， 剩余 69713.81 MB
outputs：总共 81920.0 MB， 已经使用 21272.19 MB， 剩余 60647.81 MB
action_index：总共 81920.0 MB， 已经使用 21272.19 MB， 剩余 60647.81 MB
logits ：总共 81920.0 MB， 已经使用 25736.19 MB， 剩余 56183.81 MB
gen_logits ：总共 81920.0 MB， 已经使用 16510.19 MB， 剩余 65409.81 MB
action_logits ：总共 81920.0 MB， 已经使用 12046.19 MB， 剩余 69873.81 MB
probs ：总共 81920.0 MB， 已经使用 12046.19 MB， 剩余 69873.81 MB
tokenizer：总共 81920.0 MB， 已经使用 12208.19 MB， 剩余 69711.81 MB
outputs：总共 81920.0 MB， 已经使用 21176.19 MB， 剩余 60743.81 MB
action_index：总共 81920.0 MB， 已经使用 21176.19 MB， 剩余 60743.81 MB
logits ：总共 81920.0 MB， 已经使用 25594.19 MB， 剩余 56325.81 MB
gen_logits ：总共 81920.0 MB， 已经使用 16464.19 MB， 剩余 65455.81 MB
action_logits ：总共 81920.0 MB， 已经使用 12046.19 MB， 剩余 69873.81 MB
probs ：总共 81920.0 MB， 已经使用 12046.19 MB， 剩余 69873.81 MB
tokenizer：总共 81920.0 MB， 已经使用 12206.19 MB， 剩余 69713.81 MB
outputs：总共 81920.0 MB， 已经使用 21174.19 MB， 剩余 60745.81 MB
action_index：总共 81920.0 MB， 已经使用 21174.19 MB， 剩余 60745.81 MB
logits ：总共 81920.0 MB， 已经使用 25592.19 MB， 剩余 56327.81 MB
gen_logits ：总共 81920.0 MB， 已经使用 16464.19 MB， 剩余 65455.81 MB
action_logits ：总共 81920.0 MB， 已经使用 12046.19 MB， 剩余 69873.81 MB
probs ：总共 81920.0 MB， 已经使用 12046.19 MB， 剩余 69873.81 MB
tokenizer：总共 81920.0 MB， 已经使用 12204.19 MB， 剩余 69715.81 MB
outputs：总共 81920.0 MB， 已经使用 20892.19 MB， 剩余 61027.81 MB
action_index：总共 81920.0 MB， 已经使用 20892.19 MB， 剩余 61027.81 MB
logits ：总共 81920.0 MB， 已经使用 25178.19 MB， 剩余 56741.81 MB
gen_logits ：总共 81920.0 MB， 已经使用 16332.19 MB， 剩余 65587.81 MB
action_logits ：总共 81920.0 MB， 已经使用 12046.19 MB， 剩余 69873.81 MB
probs ：总共 81920.0 MB， 已经使用 12046.19 MB， 剩余 69873.81 MB
tokenizer：总共 81920.0 MB， 已经使用 12048.19 MB， 剩余 69871.81 MB
outputs：总共 81920.0 MB， 已经使用 20704.19 MB， 剩余 61215.81 MB
action_index：总共 81920.0 MB， 已经使用 20704.19 MB， 剩余 61215.81 MB
logits ：总共 81920.0 MB， 已经使用 24844.19 MB， 剩余 57075.81 MB
gen_logits ：总共 81920.0 MB， 已经使用 16186.19 MB， 剩余 65733.81 MB
action_logits ：总共 81920.0 MB， 已经使用 12046.19 MB， 剩余 69873.81 MB
probs ：总共 81920.0 MB， 已经使用 12046.19 MB， 剩余 69873.81 MB
tokenizer：总共 81920.0 MB， 已经使用 12048.19 MB， 剩余 69871.81 MB
outputs：总共 81920.0 MB， 已经使用 20704.19 MB， 剩余 61215.81 MB
action_index：总共 81920.0 MB， 已经使用 20704.19 MB， 剩余 61215.81 MB
logits ：总共 81920.0 MB， 已经使用 24844.19 MB， 剩余 57075.81 MB
gen_logits ：总共 81920.0 MB， 已经使用 16186.19 MB， 剩余 65733.81 MB
action_logits ：总共 81920.0 MB， 已经使用 12046.19 MB， 剩余 69873.81 MB
probs ：总共 81920.0 MB， 已经使用 12046.19 MB， 剩余 69873.81 MB
tokenizer：总共 81920.0 MB， 已经使用 12048.19 MB， 剩余 69871.81 MB
outputs：总共 81920.0 MB， 已经使用 20672.19 MB， 剩余 61247.81 MB
action_index：总共 81920.0 MB， 已经使用 20672.19 MB， 剩余 61247.81 MB
logits ：总共 81920.0 MB， 已经使用 24798.19 MB， 剩余 57121.81 MB
gen_logits ：总共 81920.0 MB， 已经使用 16172.19 MB， 剩余 65747.81 MB
action_logits ：总共 81920.0 MB， 已经使用 12046.19 MB， 剩余 69873.81 MB
probs ：总共 81920.0 MB， 已经使用 12046.19 MB， 剩余 69873.81 MB
tokenizer：总共 81920.0 MB， 已经使用 12048.19 MB， 剩余 69871.81 MB
outputs：总共 81920.0 MB， 已经使用 21032.19 MB， 剩余 60887.81 MB
action_index：总共 81920.0 MB， 已经使用 21032.19 MB， 剩余 60887.81 MB
logits ：总共 81920.0 MB， 已经使用 25318.19 MB， 剩余 56601.81 MB
gen_logits ：总共 81920.0 MB， 已经使用 16332.19 MB， 剩余 65587.81 MB
action_logits ：总共 81920.0 MB， 已经使用 12046.19 MB， 剩余 69873.81 MB
probs ：总共 81920.0 MB， 已经使用 12046.19 MB， 剩余 69873.81 MB
tokenizer：总共 81920.0 MB， 已经使用 12048.19 MB， 剩余 69871.81 MB
outputs：总共 81920.0 MB， 已经使用 20672.19 MB， 剩余 61247.81 MB
action_index：总共 81920.0 MB， 已经使用 20672.19 MB， 剩余 61247.81 MB
logits ：总共 81920.0 MB， 已经使用 24798.19 MB， 剩余 57121.81 MB
gen_logits ：总共 81920.0 MB， 已经使用 16172.19 MB， 剩余 65747.81 MB
action_logits ：总共 81920.0 MB， 已经使用 12046.19 MB， 剩余 69873.81 MB
probs ：总共 81920.0 MB， 已经使用 12046.19 MB， 剩余 69873.81 MB
tokenizer：总共 81920.0 MB， 已经使用 12048.19 MB， 剩余 69871.81 MB
outputs：总共 81920.0 MB， 已经使用 20112.19 MB， 剩余 61807.81 MB
action_index：总共 81920.0 MB， 已经使用 20112.19 MB， 剩余 61807.81 MB
logits ：总共 81920.0 MB， 已经使用 24076.19 MB， 剩余 57843.81 MB
gen_logits ：总共 81920.0 MB， 已经使用 16010.19 MB， 剩余 65909.81 MB
action_logits ：总共 81920.0 MB， 已经使用 12046.19 MB， 剩余 69873.81 MB
probs ：总共 81920.0 MB， 已经使用 12046.19 MB， 剩余 69873.81 MB
tokenizer：总共 81920.0 MB， 已经使用 12048.19 MB， 剩余 69871.81 MB
outputs：总共 81920.0 MB， 已经使用 20112.19 MB， 剩余 61807.81 MB
action_index：总共 81920.0 MB， 已经使用 20112.19 MB， 剩余 61807.81 MB
logits ：总共 81920.0 MB， 已经使用 24076.19 MB， 剩余 57843.81 MB
gen_logits ：总共 81920.0 MB， 已经使用 16010.19 MB， 剩余 65909.81 MB
action_logits ：总共 81920.0 MB， 已经使用 12046.19 MB， 剩余 69873.81 MB
probs ：总共 81920.0 MB， 已经使用 12046.19 MB， 剩余 69873.81 MB
tokenizer：总共 81920.0 MB， 已经使用 12048.19 MB， 剩余 69871.81 MB
outputs：总共 81920.0 MB， 已经使用 21068.19 MB， 剩余 60851.81 MB
action_index：总共 81920.0 MB， 已经使用 21068.19 MB， 剩余 60851.81 MB
logits ：总共 81920.0 MB， 已经使用 25370.19 MB， 剩余 56549.81 MB
gen_logits ：总共 81920.0 MB， 已经使用 16506.19 MB， 剩余 65413.81 MB
action_logits ：总共 81920.0 MB， 已经使用 12204.19 MB， 剩余 69715.81 MB
probs ：总共 81920.0 MB， 已经使用 12204.19 MB， 剩余 69715.81 MB
tokenizer：总共 81920.0 MB， 已经使用 12206.19 MB， 剩余 69713.81 MB
outputs：总共 81920.0 MB， 已经使用 21106.19 MB， 剩余 60813.81 MB
action_index：总共 81920.0 MB， 已经使用 21106.19 MB， 剩余 60813.81 MB
logits ：总共 81920.0 MB， 已经使用 25378.19 MB， 剩余 56541.81 MB
gen_logits ：总共 81920.0 MB， 已经使用 16318.19 MB， 剩余 65601.81 MB
action_logits ：总共 81920.0 MB， 已经使用 12046.19 MB， 剩余 69873.81 MB
probs ：总共 81920.0 MB， 已经使用 12046.19 MB， 剩余 69873.81 MB
tokenizer：总共 81920.0 MB， 已经使用 12050.19 MB， 剩余 69869.81 MB
outputs：总共 81920.0 MB， 已经使用 20720.19 MB， 剩余 61199.81 MB
action_index：总共 81920.0 MB， 已经使用 20720.19 MB， 剩余 61199.81 MB
logits ：总共 81920.0 MB， 已经使用 24978.19 MB， 剩余 56941.81 MB
gen_logits ：总共 81920.0 MB， 已经使用 16304.19 MB， 剩余 65615.81 MB
action_logits ：总共 81920.0 MB， 已经使用 12046.19 MB， 剩余 69873.81 MB
probs ：总共 81920.0 MB， 已经使用 12046.19 MB， 剩余 69873.81 MB
tokenizer：总共 81920.0 MB， 已经使用 12048.19 MB， 剩余 69871.81 MB
outputs：总共 81920.0 MB， 已经使用 20718.19 MB， 剩余 61201.81 MB
action_index：总共 81920.0 MB， 已经使用 20718.19 MB， 剩余 61201.81 MB
logits ：总共 81920.0 MB， 已经使用 24976.19 MB， 剩余 56943.81 MB
gen_logits ：总共 81920.0 MB， 已经使用 16304.19 MB， 剩余 65615.81 MB
action_logits ：总共 81920.0 MB， 已经使用 12046.19 MB， 剩余 69873.81 MB
probs ：总共 81920.0 MB， 已经使用 12046.19 MB， 剩余 69873.81 MB
tokenizer：总共 81920.0 MB， 已经使用 12048.19 MB， 剩余 69871.81 MB
outputs：总共 81920.0 MB， 已经使用 20534.19 MB， 剩余 61385.81 MB
action_index：总共 81920.0 MB， 已经使用 20534.19 MB， 剩余 61385.81 MB
logits ：总共 81920.0 MB， 已经使用 24704.19 MB， 剩余 57215.81 MB
gen_logits ：总共 81920.0 MB， 已经使用 16216.19 MB， 剩余 65703.81 MB
action_logits ：总共 81920.0 MB， 已经使用 12046.19 MB， 剩余 69873.81 MB
probs ：总共 81920.0 MB， 已经使用 12046.19 MB， 剩余 69873.81 MB
tokenizer：总共 81920.0 MB， 已经使用 12048.19 MB， 剩余 69871.81 MB
outputs：总共 81920.0 MB， 已经使用 20534.19 MB， 剩余 61385.81 MB
action_index：总共 81920.0 MB， 已经使用 20534.19 MB， 剩余 61385.81 MB
logits ：总共 81920.0 MB， 已经使用 24704.19 MB， 剩余 57215.81 MB
gen_logits ：总共 81920.0 MB， 已经使用 16216.19 MB， 剩余 65703.81 MB
action_logits ：总共 81920.0 MB， 已经使用 12046.19 MB， 剩余 69873.81 MB
probs ：总共 81920.0 MB， 已经使用 12046.19 MB， 剩余 69873.81 MB
tokenizer：总共 81920.0 MB， 已经使用 12048.19 MB， 剩余 69871.81 MB
outputs：总共 81920.0 MB， 已经使用 20762.19 MB， 剩余 61157.81 MB
action_index：总共 81920.0 MB， 已经使用 20762.19 MB， 剩余 61157.81 MB
logits ：总共 81920.0 MB， 已经使用 25034.19 MB， 剩余 56885.81 MB
gen_logits ：总共 81920.0 MB， 已经使用 16474.19 MB， 剩余 65445.81 MB
action_logits ：总共 81920.0 MB， 已经使用 12202.19 MB， 剩余 69717.81 MB
probs ：总共 81920.0 MB， 已经使用 12202.19 MB， 剩余 69717.81 MB
tokenizer：总共 81920.0 MB， 已经使用 12204.19 MB， 剩余 69715.81 MB
outputs：总共 81920.0 MB， 已经使用 20822.19 MB， 剩余 61097.81 MB
action_index：总共 81920.0 MB， 已经使用 20822.19 MB， 剩余 61097.81 MB
logits ：总共 81920.0 MB， 已经使用 25080.19 MB， 剩余 56839.81 MB
gen_logits ：总共 81920.0 MB， 已经使用 16460.19 MB， 剩余 65459.81 MB
action_logits ：总共 81920.0 MB， 已经使用 12202.19 MB， 剩余 69717.81 MB
probs ：总共 81920.0 MB， 已经使用 12202.19 MB， 剩余 69717.81 MB
tokenizer：总共 81920.0 MB， 已经使用 12204.19 MB， 剩余 69715.81 MB
outputs：总共 81920.0 MB， 已经使用 20768.19 MB， 剩余 61151.81 MB
action_index：总共 81920.0 MB， 已经使用 20768.19 MB， 剩余 61151.81 MB
logits ：总共 81920.0 MB， 已经使用 24996.19 MB， 剩余 56923.81 MB
gen_logits ：总共 81920.0 MB， 已经使用 16274.19 MB， 剩余 65645.81 MB
action_logits ：总共 81920.0 MB， 已经使用 12046.19 MB， 剩余 69873.81 MB
probs ：总共 81920.0 MB， 已经使用 12046.19 MB， 剩余 69873.81 MB
tokenizer：总共 81920.0 MB， 已经使用 12048.19 MB， 剩余 69871.81 MB
outputs：总共 81920.0 MB， 已经使用 20762.19 MB， 剩余 61157.81 MB
action_index：总共 81920.0 MB， 已经使用 20762.19 MB， 剩余 61157.81 MB
logits ：总共 81920.0 MB， 已经使用 25034.19 MB， 剩余 56885.81 MB
gen_logits ：总共 81920.0 MB， 已经使用 16474.19 MB， 剩余 65445.81 MB
action_logits ：总共 81920.0 MB， 已经使用 12202.19 MB， 剩余 69717.81 MB
probs ：总共 81920.0 MB， 已经使用 12202.19 MB， 剩余 69717.81 MB
tokenizer：总共 81920.0 MB， 已经使用 12206.19 MB， 剩余 69713.81 MB
outputs：总共 81920.0 MB， 已经使用 21106.19 MB， 剩余 60813.81 MB
action_index：总共 81920.0 MB， 已经使用 21106.19 MB， 剩余 60813.81 MB
logits ：总共 81920.0 MB， 已经使用 25378.19 MB， 剩余 56541.81 MB
gen_logits ：总共 81920.0 MB， 已经使用 16318.19 MB， 剩余 65601.81 MB
action_logits ：总共 81920.0 MB， 已经使用 12046.19 MB， 剩余 69873.81 MB
probs ：总共 81920.0 MB， 已经使用 12046.19 MB， 剩余 69873.81 MB
tokenizer：总共 81920.0 MB， 已经使用 12048.19 MB， 剩余 69871.81 MB
outputs：总共 81920.0 MB， 已经使用 21658.19 MB， 剩余 60261.81 MB
action_index：总共 81920.0 MB， 已经使用 21658.19 MB， 剩余 60261.81 MB
logits ：总共 81920.0 MB， 已经使用 26224.19 MB， 剩余 55695.81 MB
gen_logits ：总共 81920.0 MB， 已经使用 16612.19 MB， 剩余 65307.81 MB
action_logits ：总共 81920.0 MB， 已经使用 12046.19 MB， 剩余 69873.81 MB
probs ：总共 81920.0 MB， 已经使用 12046.19 MB， 剩余 69873.81 MB
tokenizer：总共 81920.0 MB， 已经使用 12210.19 MB， 剩余 69709.81 MB
outputs：总共 81920.0 MB， 已经使用 21404.19 MB， 剩余 60515.81 MB
action_index：总共 81920.0 MB， 已经使用 21404.19 MB， 剩余 60515.81 MB
logits ：总共 81920.0 MB， 已经使用 25926.19 MB， 剩余 55993.81 MB
gen_logits ：总共 81920.0 MB， 已经使用 16568.19 MB， 剩余 65351.81 MB
action_logits ：总共 81920.0 MB， 已经使用 12046.19 MB， 剩余 69873.81 MB
probs ：总共 81920.0 MB， 已经使用 12046.19 MB， 剩余 69873.81 MB
tokenizer：总共 81920.0 MB， 已经使用 12208.19 MB， 剩余 69711.81 MB
outputs：总共 81920.0 MB， 已经使用 20584.19 MB， 剩余 61335.81 MB
action_index：总共 81920.0 MB， 已经使用 20584.19 MB， 剩余 61335.81 MB
logits ：总共 81920.0 MB， 已经使用 24724.19 MB， 剩余 57195.81 MB
gen_logits ：总共 81920.0 MB， 已经使用 16186.19 MB， 剩余 65733.81 MB
action_logits ：总共 81920.0 MB， 已经使用 12046.19 MB， 剩余 69873.81 MB
probs ：总共 81920.0 MB， 已经使用 12046.19 MB， 剩余 69873.81 MB
tokenizer：总共 81920.0 MB， 已经使用 12048.19 MB， 剩余 69871.81 MB
outputs：总共 81920.0 MB， 已经使用 20672.19 MB， 剩余 61247.81 MB
action_index：总共 81920.0 MB， 已经使用 20672.19 MB， 剩余 61247.81 MB
logits ：总共 81920.0 MB， 已经使用 24798.19 MB， 剩余 57121.81 MB
gen_logits ：总共 81920.0 MB， 已经使用 16172.19 MB， 剩余 65747.81 MB
action_logits ：总共 81920.0 MB， 已经使用 12046.19 MB， 剩余 69873.81 MB
probs ：总共 81920.0 MB， 已经使用 12046.19 MB， 剩余 69873.81 MB
tokenizer：总共 81920.0 MB， 已经使用 12048.19 MB， 剩余 69871.81 MB
outputs：总共 81920.0 MB， 已经使用 20762.19 MB， 剩余 61157.81 MB
action_index：总共 81920.0 MB， 已经使用 20762.19 MB， 剩余 61157.81 MB
logits ：总共 81920.0 MB， 已经使用 25034.19 MB， 剩余 56885.81 MB
gen_logits ：总共 81920.0 MB， 已经使用 16474.19 MB， 剩余 65445.81 MB
action_logits ：总共 81920.0 MB， 已经使用 12202.19 MB， 剩余 69717.81 MB
probs ：总共 81920.0 MB， 已经使用 12202.19 MB， 剩余 69717.81 MB
tokenizer：总共 81920.0 MB， 已经使用 12204.19 MB， 剩余 69715.81 MB
outputs：总共 81920.0 MB， 已经使用 21104.19 MB， 剩余 60815.81 MB
action_index：总共 81920.0 MB， 已经使用 21104.19 MB， 剩余 60815.81 MB
logits ：总共 81920.0 MB， 已经使用 25376.19 MB， 剩余 56543.81 MB
gen_logits ：总共 81920.0 MB， 已经使用 16474.19 MB， 剩余 65445.81 MB
action_logits ：总共 81920.0 MB， 已经使用 12202.19 MB， 剩余 69717.81 MB
probs ：总共 81920.0 MB， 已经使用 12202.19 MB， 剩余 69717.81 MB
tokenizer：总共 81920.0 MB， 已经使用 12204.19 MB， 剩余 69715.81 MB
outputs：总共 81920.0 MB， 已经使用 21104.19 MB， 剩余 60815.81 MB
action_index：总共 81920.0 MB， 已经使用 21104.19 MB， 剩余 60815.81 MB
logits ：总共 81920.0 MB， 已经使用 25376.19 MB， 剩余 56543.81 MB
gen_logits ：总共 81920.0 MB， 已经使用 16474.19 MB， 剩余 65445.81 MB
action_logits ：总共 81920.0 MB， 已经使用 12202.19 MB， 剩余 69717.81 MB
probs ：总共 81920.0 MB， 已经使用 12202.19 MB， 剩余 69717.81 MB
tokenizer：总共 81920.0 MB， 已经使用 12204.19 MB， 剩余 69715.81 MB
outputs：总共 81920.0 MB， 已经使用 21132.19 MB， 剩余 60787.81 MB
action_index：总共 81920.0 MB， 已经使用 21132.19 MB， 剩余 60787.81 MB
logits ：总共 81920.0 MB， 已经使用 25418.19 MB， 剩余 56501.81 MB
gen_logits ：总共 81920.0 MB， 已经使用 16332.19 MB， 剩余 65587.81 MB
action_logits ：总共 81920.0 MB， 已经使用 12046.19 MB， 剩余 69873.81 MB
probs ：总共 81920.0 MB， 已经使用 12046.19 MB， 剩余 69873.81 MB
tokenizer：总共 81920.0 MB， 已经使用 12048.19 MB， 剩余 69871.81 MB
outputs：总共 81920.0 MB， 已经使用 21076.19 MB， 剩余 60843.81 MB
action_index：总共 81920.0 MB， 已经使用 21076.19 MB， 剩余 60843.81 MB
logits ：总共 81920.0 MB， 已经使用 25494.19 MB， 剩余 56425.81 MB
gen_logits ：总共 81920.0 MB， 已经使用 16464.19 MB， 剩余 65455.81 MB
action_logits ：总共 81920.0 MB， 已经使用 12046.19 MB， 剩余 69873.81 MB
probs ：总共 81920.0 MB， 已经使用 12046.19 MB， 剩余 69873.81 MB
tokenizer：总共 81920.0 MB， 已经使用 12206.19 MB， 剩余 69713.81 MB
outputs：总共 81920.0 MB， 已经使用 21150.19 MB， 剩余 60769.81 MB
action_index：总共 81920.0 MB， 已经使用 21150.19 MB， 剩余 60769.81 MB
logits ：总共 81920.0 MB， 已经使用 25554.19 MB， 剩余 56365.81 MB
gen_logits ：总共 81920.0 MB， 已经使用 16450.19 MB， 剩余 65469.81 MB
action_logits ：总共 81920.0 MB， 已经使用 12046.19 MB， 剩余 69873.81 MB
probs ：总共 81920.0 MB， 已经使用 12046.19 MB， 剩余 69873.81 MB
tokenizer：总共 81920.0 MB， 已经使用 12206.19 MB， 剩余 69713.81 MB
outputs：总共 81920.0 MB， 已经使用 21174.19 MB， 剩余 60745.81 MB
action_index：总共 81920.0 MB， 已经使用 21174.19 MB， 剩余 60745.81 MB
logits ：总共 81920.0 MB， 已经使用 25592.19 MB， 剩余 56327.81 MB
gen_logits ：总共 81920.0 MB， 已经使用 16466.19 MB， 剩余 65453.81 MB
action_logits ：总共 81920.0 MB， 已经使用 12048.19 MB， 剩余 69871.81 MB
probs ：总共 81920.0 MB， 已经使用 12048.19 MB， 剩余 69871.81 MB
tokenizer：总共 81920.0 MB， 已经使用 12206.19 MB， 剩余 69713.81 MB
outputs：总共 81920.0 MB， 已经使用 16000.19 MB， 剩余 65919.81 MB
action_index：总共 81920.0 MB， 已经使用 16000.19 MB， 剩余 65919.81 MB
logits ：总共 81920.0 MB， 已经使用 18130.19 MB， 剩余 63789.81 MB
gen_logits ：总共 81920.0 MB， 已经使用 14174.19 MB， 剩余 67745.81 MB
action_logits ：总共 81920.0 MB， 已经使用 12044.19 MB， 剩余 69875.81 MB
probs ：总共 81920.0 MB， 已经使用 12044.19 MB， 剩余 69875.81 MB
tokenizer：总共 81920.0 MB， 已经使用 12044.19 MB， 剩余 69875.81 MB
outputs：总共 81920.0 MB， 已经使用 20982.19 MB， 剩余 60937.81 MB
action_index：总共 81920.0 MB， 已经使用 20982.19 MB， 剩余 60937.81 MB
logits ：总共 81920.0 MB， 已经使用 25356.19 MB， 剩余 56563.81 MB
gen_logits ：总共 81920.0 MB， 已经使用 16420.19 MB， 剩余 65499.81 MB
action_logits ：总共 81920.0 MB， 已经使用 12046.19 MB， 剩余 69873.81 MB
probs ：总共 81920.0 MB， 已经使用 12046.19 MB， 剩余 69873.81 MB
tokenizer：总共 81920.0 MB， 已经使用 12204.19 MB， 剩余 69715.81 MB
outputs：总共 81920.0 MB， 已经使用 21172.19 MB， 剩余 60747.81 MB
action_index：总共 81920.0 MB， 已经使用 21172.19 MB， 剩余 60747.81 MB
logits ：总共 81920.0 MB， 已经使用 25590.19 MB， 剩余 56329.81 MB
gen_logits ：总共 81920.0 MB， 已经使用 16464.19 MB， 剩余 65455.81 MB
action_logits ：总共 81920.0 MB， 已经使用 12046.19 MB， 剩余 69873.81 MB
probs ：总共 81920.0 MB， 已经使用 12046.19 MB， 剩余 69873.81 MB
tokenizer：总共 81920.0 MB， 已经使用 12204.19 MB， 剩余 69715.81 MB
outputs：总共 81920.0 MB， 已经使用 21148.19 MB， 剩余 60771.81 MB
action_index：总共 81920.0 MB， 已经使用 21148.19 MB， 剩余 60771.81 MB
logits ：总共 81920.0 MB， 已经使用 25552.19 MB， 剩余 56367.81 MB
gen_logits ：总共 81920.0 MB， 已经使用 16450.19 MB， 剩余 65469.81 MB
action_logits ：总共 81920.0 MB， 已经使用 12046.19 MB， 剩余 69873.81 MB
probs ：总共 81920.0 MB， 已经使用 12046.19 MB， 剩余 69873.81 MB
tokenizer：总共 81920.0 MB， 已经使用 12206.19 MB， 剩余 69713.81 MB
outputs：总共 81920.0 MB， 已经使用 21082.19 MB， 剩余 60837.81 MB
action_index：总共 81920.0 MB， 已经使用 21082.19 MB， 剩余 60837.81 MB
logits ：总共 81920.0 MB， 已经使用 25456.19 MB， 剩余 56463.81 MB
gen_logits ：总共 81920.0 MB， 已经使用 16420.19 MB， 剩余 65499.81 MB
action_logits ：总共 81920.0 MB， 已经使用 12046.19 MB， 剩余 69873.81 MB
probs ：总共 81920.0 MB， 已经使用 12046.19 MB， 剩余 69873.81 MB
tokenizer：总共 81920.0 MB， 已经使用 12206.19 MB， 剩余 69713.81 MB
outputs：总共 81920.0 MB， 已经使用 21082.19 MB， 剩余 60837.81 MB
action_index：总共 81920.0 MB， 已经使用 21082.19 MB， 剩余 60837.81 MB
logits ：总共 81920.0 MB， 已经使用 25456.19 MB， 剩余 56463.81 MB
gen_logits ：总共 81920.0 MB， 已经使用 16420.19 MB， 剩余 65499.81 MB
action_logits ：总共 81920.0 MB， 已经使用 12046.19 MB， 剩余 69873.81 MB
probs ：总共 81920.0 MB， 已经使用 12046.19 MB， 剩余 69873.81 MB
tokenizer：总共 81920.0 MB， 已经使用 12204.19 MB， 剩余 69715.81 MB
outputs：总共 81920.0 MB， 已经使用 21172.19 MB， 剩余 60747.81 MB
action_index：总共 81920.0 MB， 已经使用 21172.19 MB， 剩余 60747.81 MB
logits ：总共 81920.0 MB， 已经使用 25590.19 MB， 剩余 56329.81 MB
gen_logits ：总共 81920.0 MB， 已经使用 16464.19 MB， 剩余 65455.81 MB
action_logits ：总共 81920.0 MB， 已经使用 12046.19 MB， 剩余 69873.81 MB
probs ：总共 81920.0 MB， 已经使用 12046.19 MB， 剩余 69873.81 MB
tokenizer：总共 81920.0 MB， 已经使用 12204.19 MB， 剩余 69715.81 MB
outputs：总共 81920.0 MB， 已经使用 20864.19 MB， 剩余 61055.81 MB
action_index：总共 81920.0 MB， 已经使用 20864.19 MB， 剩余 61055.81 MB
logits ：总共 81920.0 MB， 已经使用 25136.19 MB， 剩余 56783.81 MB
gen_logits ：总共 81920.0 MB， 已经使用 16474.19 MB， 剩余 65445.81 MB
action_logits ：总共 81920.0 MB， 已经使用 12202.19 MB， 剩余 69717.81 MB
probs ：总共 81920.0 MB， 已经使用 12202.19 MB， 剩余 69717.81 MB
tokenizer：总共 81920.0 MB， 已经使用 12204.19 MB， 剩余 69715.81 MB
outputs：总共 81920.0 MB， 已经使用 21006.19 MB， 剩余 60913.81 MB
action_index：总共 81920.0 MB， 已经使用 21006.19 MB， 剩余 60913.81 MB
logits ：总共 81920.0 MB， 已经使用 25234.19 MB， 剩余 56685.81 MB
gen_logits ：总共 81920.0 MB， 已经使用 16274.19 MB， 剩余 65645.81 MB
action_logits ：总共 81920.0 MB， 已经使用 12046.19 MB， 剩余 69873.81 MB
probs ：总共 81920.0 MB， 已经使用 12046.19 MB， 剩余 69873.81 MB
tokenizer：总共 81920.0 MB， 已经使用 12048.19 MB， 剩余 69871.81 MB
outputs：总共 81920.0 MB， 已经使用 20440.19 MB， 剩余 61479.81 MB
action_index：总共 81920.0 MB， 已经使用 20440.19 MB， 剩余 61479.81 MB
logits ：总共 81920.0 MB， 已经使用 24566.19 MB， 剩余 57353.81 MB
gen_logits ：总共 81920.0 MB， 已经使用 16172.19 MB， 剩余 65747.81 MB
action_logits ：总共 81920.0 MB， 已经使用 12046.19 MB， 剩余 69873.81 MB
probs ：总共 81920.0 MB， 已经使用 12046.19 MB， 剩余 69873.81 MB
tokenizer：总共 81920.0 MB， 已经使用 12048.19 MB， 剩余 69871.81 MB
outputs：总共 81920.0 MB， 已经使用 20514.19 MB， 剩余 61405.81 MB
action_index：总共 81920.0 MB， 已经使用 20514.19 MB， 剩余 61405.81 MB
logits ：总共 81920.0 MB， 已经使用 24596.19 MB， 剩余 57323.81 MB
gen_logits ：总共 81920.0 MB， 已经使用 16128.19 MB， 剩余 65791.81 MB
action_logits ：总共 81920.0 MB， 已经使用 12046.19 MB， 剩余 69873.81 MB
probs ：总共 81920.0 MB， 已经使用 12046.19 MB， 剩余 69873.81 MB
tokenizer：总共 81920.0 MB， 已经使用 12048.19 MB， 剩余 69871.81 MB
outputs：总共 81920.0 MB， 已经使用 20566.19 MB， 剩余 61353.81 MB
action_index：总共 81920.0 MB， 已经使用 20566.19 MB， 剩余 61353.81 MB
logits ：总共 81920.0 MB， 已经使用 24676.19 MB， 剩余 57243.81 MB
gen_logits ：总共 81920.0 MB， 已经使用 16156.19 MB， 剩余 65763.81 MB
action_logits ：总共 81920.0 MB， 已经使用 12046.19 MB， 剩余 69873.81 MB
probs ：总共 81920.0 MB， 已经使用 12046.19 MB， 剩余 69873.81 MB
tokenizer：总共 81920.0 MB， 已经使用 12050.19 MB， 剩余 69869.81 MB
outputs：总共 81920.0 MB， 已经使用 20568.19 MB， 剩余 61351.81 MB
action_index：总共 81920.0 MB， 已经使用 20568.19 MB， 剩余 61351.81 MB
logits ：总共 81920.0 MB， 已经使用 24678.19 MB， 剩余 57241.81 MB
gen_logits ：总共 81920.0 MB， 已经使用 16156.19 MB， 剩余 65763.81 MB
action_logits ：总共 81920.0 MB， 已经使用 12046.19 MB， 剩余 69873.81 MB
probs ：总共 81920.0 MB， 已经使用 12046.19 MB， 剩余 69873.81 MB
tokenizer：总共 81920.0 MB， 已经使用 12048.19 MB， 剩余 69871.81 MB
outputs：总共 81920.0 MB， 已经使用 20718.19 MB， 剩余 61201.81 MB
action_index：总共 81920.0 MB， 已经使用 20718.19 MB， 剩余 61201.81 MB
logits ：总共 81920.0 MB， 已经使用 24976.19 MB， 剩余 56943.81 MB
gen_logits ：总共 81920.0 MB， 已经使用 16304.19 MB， 剩余 65615.81 MB
action_logits ：总共 81920.0 MB， 已经使用 12046.19 MB， 剩余 69873.81 MB
probs ：总共 81920.0 MB， 已经使用 12046.19 MB， 剩余 69873.81 MB
tokenizer：总共 81920.0 MB， 已经使用 12050.19 MB， 剩余 69869.81 MB
outputs：总共 81920.0 MB， 已经使用 20720.19 MB， 剩余 61199.81 MB
action_index：总共 81920.0 MB， 已经使用 20720.19 MB， 剩余 61199.81 MB
logits ：总共 81920.0 MB， 已经使用 24978.19 MB， 剩余 56941.81 MB
gen_logits ：总共 81920.0 MB， 已经使用 16304.19 MB， 剩余 65615.81 MB
action_logits ：总共 81920.0 MB， 已经使用 12046.19 MB， 剩余 69873.81 MB
probs ：总共 81920.0 MB， 已经使用 12046.19 MB， 剩余 69873.81 MB
tokenizer：总共 81920.0 MB， 已经使用 12048.19 MB， 剩余 69871.81 MB
outputs：总共 81920.0 MB， 已经使用 20762.19 MB， 剩余 61157.81 MB
action_index：总共 81920.0 MB， 已经使用 20762.19 MB， 剩余 61157.81 MB
logits ：总共 81920.0 MB， 已经使用 25034.19 MB， 剩余 56885.81 MB
gen_logits ：总共 81920.0 MB， 已经使用 16474.19 MB， 剩余 65445.81 MB
action_logits ：总共 81920.0 MB， 已经使用 12202.19 MB， 剩余 69717.81 MB
probs ：总共 81920.0 MB， 已经使用 12202.19 MB， 剩余 69717.81 MB
tokenizer：总共 81920.0 MB， 已经使用 12204.19 MB， 剩余 69715.81 MB
outputs：总共 81920.0 MB， 已经使用 20796.19 MB， 剩余 61123.81 MB
action_index：总共 81920.0 MB， 已经使用 20796.19 MB， 剩余 61123.81 MB
logits ：总共 81920.0 MB， 已经使用 25038.19 MB， 剩余 56881.81 MB
gen_logits ：总共 81920.0 MB， 已经使用 16444.19 MB， 剩余 65475.81 MB
action_logits ：总共 81920.0 MB， 已经使用 12202.19 MB， 剩余 69717.81 MB
probs ：总共 81920.0 MB， 已经使用 12202.19 MB， 剩余 69717.81 MB
tokenizer：总共 81920.0 MB， 已经使用 12204.19 MB， 剩余 69715.81 MB
outputs：总共 81920.0 MB， 已经使用 20892.19 MB， 剩余 61027.81 MB
action_index：总共 81920.0 MB， 已经使用 20892.19 MB， 剩余 61027.81 MB
logits ：总共 81920.0 MB， 已经使用 25178.19 MB， 剩余 56741.81 MB
gen_logits ：总共 81920.0 MB， 已经使用 16332.19 MB， 剩余 65587.81 MB
action_logits ：总共 81920.0 MB， 已经使用 12046.19 MB， 剩余 69873.81 MB
probs ：总共 81920.0 MB， 已经使用 12046.19 MB， 剩余 69873.81 MB
tokenizer：总共 81920.0 MB， 已经使用 12048.19 MB， 剩余 69871.81 MB
outputs：总共 81920.0 MB， 已经使用 20762.19 MB， 剩余 61157.81 MB
action_index：总共 81920.0 MB， 已经使用 20762.19 MB， 剩余 61157.81 MB
logits ：总共 81920.0 MB， 已经使用 25034.19 MB， 剩余 56885.81 MB
gen_logits ：总共 81920.0 MB， 已经使用 16318.19 MB， 剩余 65601.81 MB
action_logits ：总共 81920.0 MB， 已经使用 12046.19 MB， 剩余 69873.81 MB
probs ：总共 81920.0 MB， 已经使用 12046.19 MB， 剩余 69873.81 MB
tokenizer：总共 81920.0 MB， 已经使用 12048.19 MB， 剩余 69871.81 MB
outputs：总共 81920.0 MB， 已经使用 21018.19 MB， 剩余 60901.81 MB
action_index：总共 81920.0 MB， 已经使用 21018.19 MB， 剩余 60901.81 MB
logits ：总共 81920.0 MB， 已经使用 25408.19 MB， 剩余 56511.81 MB
gen_logits ：总共 81920.0 MB， 已经使用 16436.19 MB， 剩余 65483.81 MB
action_logits ：总共 81920.0 MB， 已经使用 12046.19 MB， 剩余 69873.81 MB
probs ：总共 81920.0 MB， 已经使用 12046.19 MB， 剩余 69873.81 MB
tokenizer：总共 81920.0 MB， 已经使用 12204.19 MB， 剩余 69715.81 MB
outputs：总共 81920.0 MB， 已经使用 21114.19 MB， 剩余 60805.81 MB
action_index：总共 81920.0 MB， 已经使用 21114.19 MB， 剩余 60805.81 MB
logits ：总共 81920.0 MB， 已经使用 25504.19 MB， 剩余 56415.81 MB
gen_logits ：总共 81920.0 MB， 已经使用 16436.19 MB， 剩余 65483.81 MB
action_logits ：总共 81920.0 MB， 已经使用 12046.19 MB， 剩余 69873.81 MB
probs ：总共 81920.0 MB， 已经使用 12046.19 MB， 剩余 69873.81 MB
tokenizer：总共 81920.0 MB， 已经使用 12204.19 MB， 剩余 69715.81 MB
outputs：总共 81920.0 MB， 已经使用 20550.19 MB， 剩余 61369.81 MB
action_index：总共 81920.0 MB， 已经使用 20550.19 MB， 剩余 61369.81 MB
logits ：总共 81920.0 MB， 已经使用 24676.19 MB， 剩余 57243.81 MB
gen_logits ：总共 81920.0 MB， 已经使用 16172.19 MB， 剩余 65747.81 MB
action_logits ：总共 81920.0 MB， 已经使用 12046.19 MB， 剩余 69873.81 MB
probs ：总共 81920.0 MB， 已经使用 12046.19 MB， 剩余 69873.81 MB
tokenizer：总共 81920.0 MB， 已经使用 12048.19 MB， 剩余 69871.81 MB
outputs：总共 81920.0 MB， 已经使用 20718.19 MB， 剩余 61201.81 MB
action_index：总共 81920.0 MB， 已经使用 20718.19 MB， 剩余 61201.81 MB
logits ：总共 81920.0 MB， 已经使用 24976.19 MB， 剩余 56943.81 MB
gen_logits ：总共 81920.0 MB， 已经使用 16304.19 MB， 剩余 65615.81 MB
action_logits ：总共 81920.0 MB， 已经使用 12046.19 MB， 剩余 69873.81 MB
probs ：总共 81920.0 MB， 已经使用 12046.19 MB， 剩余 69873.81 MB
tokenizer：总共 81920.0 MB， 已经使用 12048.19 MB， 剩余 69871.81 MB
outputs：总共 81920.0 MB， 已经使用 20704.19 MB， 剩余 61215.81 MB
action_index：总共 81920.0 MB， 已经使用 20704.19 MB， 剩余 61215.81 MB
logits ：总共 81920.0 MB， 已经使用 24844.19 MB， 剩余 57075.81 MB
gen_logits ：总共 81920.0 MB， 已经使用 16186.19 MB， 剩余 65733.81 MB
action_logits ：总共 81920.0 MB， 已经使用 12046.19 MB， 剩余 69873.81 MB
probs ：总共 81920.0 MB， 已经使用 12046.19 MB， 剩余 69873.81 MB
tokenizer：总共 81920.0 MB， 已经使用 12048.19 MB， 剩余 69871.81 MB
outputs：总共 81920.0 MB， 已经使用 20310.19 MB， 剩余 61609.81 MB
action_index：总共 81920.0 MB， 已经使用 20310.19 MB， 剩余 61609.81 MB
logits ：总共 81920.0 MB， 已经使用 24260.19 MB， 剩余 57659.81 MB
gen_logits ：总共 81920.0 MB， 已经使用 15996.19 MB， 剩余 65923.81 MB
action_logits ：总共 81920.0 MB， 已经使用 12046.19 MB， 剩余 69873.81 MB
probs ：总共 81920.0 MB， 已经使用 12046.19 MB， 剩余 69873.81 MB
tokenizer：总共 81920.0 MB， 已经使用 12048.19 MB， 剩余 69871.81 MB
outputs：总共 81920.0 MB， 已经使用 20540.19 MB， 剩余 61379.81 MB
action_index：总共 81920.0 MB， 已经使用 20540.19 MB， 剩余 61379.81 MB
logits ：总共 81920.0 MB， 已经使用 24636.19 MB， 剩余 57283.81 MB
gen_logits ：总共 81920.0 MB， 已经使用 16142.19 MB， 剩余 65777.81 MB
action_logits ：总共 81920.0 MB， 已经使用 12046.19 MB， 剩余 69873.81 MB
probs ：总共 81920.0 MB， 已经使用 12046.19 MB， 剩余 69873.81 MB
tokenizer：总共 81920.0 MB， 已经使用 12048.19 MB， 剩余 69871.81 MB
outputs：总共 81920.0 MB， 已经使用 20508.19 MB， 剩余 61411.81 MB
action_index：总共 81920.0 MB， 已经使用 20508.19 MB， 剩余 61411.81 MB
logits ：总共 81920.0 MB， 已经使用 24662.19 MB， 剩余 57257.81 MB
gen_logits ：总共 81920.0 MB， 已经使用 16200.19 MB， 剩余 65719.81 MB
action_logits ：总共 81920.0 MB， 已经使用 12046.19 MB， 剩余 69873.81 MB
probs ：总共 81920.0 MB， 已经使用 12046.19 MB， 剩余 69873.81 MB
tokenizer：总共 81920.0 MB， 已经使用 12048.19 MB， 剩余 69871.81 MB
outputs：总共 81920.0 MB， 已经使用 20334.19 MB， 剩余 61585.81 MB
action_index：总共 81920.0 MB， 已经使用 20334.19 MB， 剩余 61585.81 MB
logits ：总共 81920.0 MB， 已经使用 24298.19 MB， 剩余 57621.81 MB
gen_logits ：总共 81920.0 MB， 已经使用 16010.19 MB， 剩余 65909.81 MB
action_logits ：总共 81920.0 MB， 已经使用 12046.19 MB， 剩余 69873.81 MB
probs ：总共 81920.0 MB， 已经使用 12046.19 MB， 剩余 69873.81 MB
tokenizer：总共 81920.0 MB， 已经使用 12048.19 MB， 剩余 69871.81 MB
outputs：总共 81920.0 MB， 已经使用 20284.19 MB， 剩余 61635.81 MB
action_index：总共 81920.0 MB， 已经使用 20284.19 MB， 剩余 61635.81 MB
logits ：总共 81920.0 MB， 已经使用 24262.19 MB， 剩余 57657.81 MB
gen_logits ：总共 81920.0 MB， 已经使用 16024.19 MB， 剩余 65895.81 MB
action_logits ：总共 81920.0 MB， 已经使用 12046.19 MB， 剩余 69873.81 MB
probs ：总共 81920.0 MB， 已经使用 12046.19 MB， 剩余 69873.81 MB
tokenizer：总共 81920.0 MB， 已经使用 12048.19 MB， 剩余 69871.81 MB
outputs：总共 81920.0 MB， 已经使用 20334.19 MB， 剩余 61585.81 MB
action_index：总共 81920.0 MB， 已经使用 20334.19 MB， 剩余 61585.81 MB
logits ：总共 81920.0 MB， 已经使用 24298.19 MB， 剩余 57621.81 MB
gen_logits ：总共 81920.0 MB， 已经使用 16010.19 MB， 剩余 65909.81 MB
action_logits ：总共 81920.0 MB， 已经使用 12046.19 MB， 剩余 69873.81 MB
probs ：总共 81920.0 MB， 已经使用 12046.19 MB， 剩余 69873.81 MB
tokenizer：总共 81920.0 MB， 已经使用 12048.19 MB， 剩余 69871.81 MB
outputs：总共 81920.0 MB， 已经使用 20312.19 MB， 剩余 61607.81 MB
action_index：总共 81920.0 MB， 已经使用 20312.19 MB， 剩余 61607.81 MB
logits ：总共 81920.0 MB， 已经使用 24306.19 MB， 剩余 57613.81 MB
gen_logits ：总共 81920.0 MB， 已经使用 16038.19 MB， 剩余 65881.81 MB
action_logits ：总共 81920.0 MB， 已经使用 12044.19 MB， 剩余 69875.81 MB
probs ：总共 81920.0 MB， 已经使用 12044.19 MB， 剩余 69875.81 MB
tokenizer：总共 81920.0 MB， 已经使用 12048.19 MB， 剩余 69871.81 MB
outputs：总共 81920.0 MB， 已经使用 20762.19 MB， 剩余 61157.81 MB
action_index：总共 81920.0 MB， 已经使用 20762.19 MB， 剩余 61157.81 MB
logits ：总共 81920.0 MB， 已经使用 25034.19 MB， 剩余 56885.81 MB
gen_logits ：总共 81920.0 MB， 已经使用 16318.19 MB， 剩余 65601.81 MB
action_logits ：总共 81920.0 MB， 已经使用 12046.19 MB， 剩余 69873.81 MB
probs ：总共 81920.0 MB， 已经使用 12046.19 MB， 剩余 69873.81 MB
tokenizer：总共 81920.0 MB， 已经使用 12048.19 MB， 剩余 69871.81 MB
outputs：总共 81920.0 MB， 已经使用 20534.19 MB， 剩余 61385.81 MB
action_index：总共 81920.0 MB， 已经使用 20534.19 MB， 剩余 61385.81 MB
logits ：总共 81920.0 MB， 已经使用 24704.19 MB， 剩余 57215.81 MB
gen_logits ：总共 81920.0 MB， 已经使用 16216.19 MB， 剩余 65703.81 MB
action_logits ：总共 81920.0 MB， 已经使用 12046.19 MB， 剩余 69873.81 MB
probs ：总共 81920.0 MB， 已经使用 12046.19 MB， 剩余 69873.81 MB
tokenizer：总共 81920.0 MB， 已经使用 12048.19 MB， 剩余 69871.81 MB
outputs：总共 81920.0 MB， 已经使用 20540.19 MB， 剩余 61379.81 MB
action_index：总共 81920.0 MB， 已经使用 20540.19 MB， 剩余 61379.81 MB
logits ：总共 81920.0 MB， 已经使用 24636.19 MB， 剩余 57283.81 MB
gen_logits ：总共 81920.0 MB， 已经使用 16142.19 MB， 剩余 65777.81 MB
action_logits ：总共 81920.0 MB， 已经使用 12046.19 MB， 剩余 69873.81 MB
probs ：总共 81920.0 MB， 已经使用 12046.19 MB， 剩余 69873.81 MB
tokenizer：总共 81920.0 MB， 已经使用 12048.19 MB， 剩余 69871.81 MB
outputs：总共 81920.0 MB， 已经使用 21018.19 MB， 剩余 60901.81 MB
action_index：总共 81920.0 MB， 已经使用 21018.19 MB， 剩余 60901.81 MB
logits ：总共 81920.0 MB， 已经使用 25408.19 MB， 剩余 56511.81 MB
gen_logits ：总共 81920.0 MB， 已经使用 16436.19 MB， 剩余 65483.81 MB
action_logits ：总共 81920.0 MB， 已经使用 12046.19 MB， 剩余 69873.81 MB
probs ：总共 81920.0 MB， 已经使用 12046.19 MB， 剩余 69873.81 MB
tokenizer：总共 81920.0 MB， 已经使用 12206.19 MB， 剩余 69713.81 MB
outputs：总共 81920.0 MB， 已经使用 21150.19 MB， 剩余 60769.81 MB
action_index：总共 81920.0 MB， 已经使用 21150.19 MB， 剩余 60769.81 MB
logits ：总共 81920.0 MB， 已经使用 25554.19 MB， 剩余 56365.81 MB
gen_logits ：总共 81920.0 MB， 已经使用 16450.19 MB， 剩余 65469.81 MB
action_logits ：总共 81920.0 MB， 已经使用 12046.19 MB， 剩余 69873.81 MB
probs ：总共 81920.0 MB， 已经使用 12046.19 MB， 剩余 69873.81 MB
tokenizer：总共 81920.0 MB， 已经使用 12204.19 MB， 剩余 69715.81 MB
outputs：总共 81920.0 MB， 已经使用 21060.19 MB， 剩余 60859.81 MB
action_index：总共 81920.0 MB， 已经使用 21060.19 MB， 剩余 60859.81 MB
logits ：总共 81920.0 MB， 已经使用 25318.19 MB， 剩余 56601.81 MB
gen_logits ：总共 81920.0 MB， 已经使用 16460.19 MB， 剩余 65459.81 MB
action_logits ：总共 81920.0 MB， 已经使用 12202.19 MB， 剩余 69717.81 MB
probs ：总共 81920.0 MB， 已经使用 12202.19 MB， 剩余 69717.81 MB
tokenizer：总共 81920.0 MB， 已经使用 12206.19 MB， 剩余 69713.81 MB
outputs：总共 81920.0 MB， 已经使用 21062.19 MB， 剩余 60857.81 MB
action_index：总共 81920.0 MB， 已经使用 21062.19 MB， 剩余 60857.81 MB
logits ：总共 81920.0 MB， 已经使用 25320.19 MB， 剩余 56599.81 MB
gen_logits ：总共 81920.0 MB， 已经使用 16460.19 MB， 剩余 65459.81 MB
action_logits ：总共 81920.0 MB， 已经使用 12202.19 MB， 剩余 69717.81 MB
probs ：总共 81920.0 MB， 已经使用 12202.19 MB， 剩余 69717.81 MB
tokenizer：总共 81920.0 MB， 已经使用 12206.19 MB， 剩余 69713.81 MB
outputs：总共 81920.0 MB， 已经使用 20930.19 MB， 剩余 60989.81 MB
action_index：总共 81920.0 MB， 已经使用 20930.19 MB， 剩余 60989.81 MB
logits ：总共 81920.0 MB， 已经使用 25232.19 MB， 剩余 56687.81 MB
gen_logits ：总共 81920.0 MB， 已经使用 16506.19 MB， 剩余 65413.81 MB
action_logits ：总共 81920.0 MB， 已经使用 12204.19 MB， 剩余 69715.81 MB
probs ：总共 81920.0 MB， 已经使用 12204.19 MB， 剩余 69715.81 MB
tokenizer：总共 81920.0 MB， 已经使用 12206.19 MB， 剩余 69713.81 MB
outputs：总共 81920.0 MB， 已经使用 16000.19 MB， 剩余 65919.81 MB
action_index：总共 81920.0 MB， 已经使用 16000.19 MB， 剩余 65919.81 MB
logits ：总共 81920.0 MB， 已经使用 18130.19 MB， 剩余 63789.81 MB
gen_logits ：总共 81920.0 MB， 已经使用 14176.19 MB， 剩余 67743.81 MB
action_logits ：总共 81920.0 MB， 已经使用 12046.19 MB， 剩余 69873.81 MB
probs ：总共 81920.0 MB， 已经使用 12046.19 MB， 剩余 69873.81 MB
tokenizer：总共 81920.0 MB， 已经使用 12046.19 MB， 剩余 69873.81 MB
outputs：总共 81920.0 MB， 已经使用 21096.19 MB， 剩余 60823.81 MB
action_index：总共 81920.0 MB， 已经使用 21096.19 MB， 剩余 60823.81 MB
logits ：总共 81920.0 MB， 已经使用 25412.19 MB， 剩余 56507.81 MB
gen_logits ：总共 81920.0 MB， 已经使用 16362.19 MB， 剩余 65557.81 MB
action_logits ：总共 81920.0 MB， 已经使用 12046.19 MB， 剩余 69873.81 MB
probs ：总共 81920.0 MB， 已经使用 12046.19 MB， 剩余 69873.81 MB
tokenizer：总共 81920.0 MB， 已经使用 12202.19 MB， 剩余 69717.81 MB
outputs：总共 81920.0 MB， 已经使用 21078.19 MB， 剩余 60841.81 MB
action_index：总共 81920.0 MB， 已经使用 21078.19 MB， 剩余 60841.81 MB
logits ：总共 81920.0 MB， 已经使用 25452.19 MB， 剩余 56467.81 MB
gen_logits ：总共 81920.0 MB， 已经使用 16420.19 MB， 剩余 65499.81 MB
action_logits ：总共 81920.0 MB， 已经使用 12046.19 MB， 剩余 69873.81 MB
probs ：总共 81920.0 MB， 已经使用 12046.19 MB， 剩余 69873.81 MB
tokenizer：总共 81920.0 MB， 已经使用 12206.19 MB， 剩余 69713.81 MB
outputs：总共 81920.0 MB， 已经使用 20798.19 MB， 剩余 61121.81 MB
action_index：总共 81920.0 MB， 已经使用 20798.19 MB， 剩余 61121.81 MB
logits ：总共 81920.0 MB， 已经使用 25040.19 MB， 剩余 56879.81 MB
gen_logits ：总共 81920.0 MB， 已经使用 16444.19 MB， 剩余 65475.81 MB
action_logits ：总共 81920.0 MB， 已经使用 12202.19 MB， 剩余 69717.81 MB
probs ：总共 81920.0 MB， 已经使用 12202.19 MB， 剩余 69717.81 MB
tokenizer：总共 81920.0 MB， 已经使用 12204.19 MB， 剩余 69715.81 MB
outputs：总共 81920.0 MB， 已经使用 20796.19 MB， 剩余 61123.81 MB
action_index：总共 81920.0 MB， 已经使用 20796.19 MB， 剩余 61123.81 MB
logits ：总共 81920.0 MB， 已经使用 25038.19 MB， 剩余 56881.81 MB
gen_logits ：总共 81920.0 MB， 已经使用 16444.19 MB， 剩余 65475.81 MB
action_logits ：总共 81920.0 MB， 已经使用 12202.19 MB， 剩余 69717.81 MB
probs ：总共 81920.0 MB， 已经使用 12202.19 MB， 剩余 69717.81 MB
tokenizer：总共 81920.0 MB， 已经使用 12204.19 MB， 剩余 69715.81 MB
outputs：总共 81920.0 MB， 已经使用 21080.19 MB， 剩余 60839.81 MB
action_index：总共 81920.0 MB， 已经使用 21080.19 MB， 剩余 60839.81 MB
logits ：总共 81920.0 MB， 已经使用 25454.19 MB， 剩余 56465.81 MB
gen_logits ：总共 81920.0 MB， 已经使用 16420.19 MB， 剩余 65499.81 MB
action_logits ：总共 81920.0 MB， 已经使用 12046.19 MB， 剩余 69873.81 MB
probs ：总共 81920.0 MB， 已经使用 12046.19 MB， 剩余 69873.81 MB
tokenizer：总共 81920.0 MB， 已经使用 12204.19 MB， 剩余 69715.81 MB
outputs：总共 81920.0 MB， 已经使用 20796.19 MB， 剩余 61123.81 MB
action_index：总共 81920.0 MB， 已经使用 20796.19 MB， 剩余 61123.81 MB
logits ：总共 81920.0 MB， 已经使用 25038.19 MB， 剩余 56881.81 MB
gen_logits ：总共 81920.0 MB， 已经使用 16444.19 MB， 剩余 65475.81 MB
action_logits ：总共 81920.0 MB， 已经使用 12202.19 MB， 剩余 69717.81 MB
probs ：总共 81920.0 MB， 已经使用 12202.19 MB， 剩余 69717.81 MB
tokenizer：总共 81920.0 MB， 已经使用 12204.19 MB， 剩余 69715.81 MB
outputs：总共 81920.0 MB， 已经使用 20736.19 MB， 剩余 61183.81 MB
action_index：总共 81920.0 MB， 已经使用 20736.19 MB， 剩余 61183.81 MB